{"$message_type":"diagnostic","message":"unresolved import `bytes`","code":{"code":"E0432","explanation":"An import was unresolved.\n\nErroneous code example:\n\n```compile_fail,E0432\nuse something::Foo; // error: unresolved import `something::Foo`.\n```\n\nIn Rust 2015, paths in `use` statements are relative to the crate root. To\nimport items relative to the current and parent modules, use the `self::` and\n`super::` prefixes, respectively.\n\nIn Rust 2018 or later, paths in `use` statements are relative to the current\nmodule unless they begin with the name of a crate or a literal `crate::`, in\nwhich case they start from the crate root. As in Rust 2015 code, the `self::`\nand `super::` prefixes refer to the current and parent modules respectively.\n\nAlso verify that you didn't misspell the import name and that the import exists\nin the module from where you tried to import it. Example:\n\n```\nuse self::something::Foo; // Ok.\n\nmod something {\n    pub struct Foo;\n}\n# fn main() {}\n```\n\nIf you tried to use a module from an external crate and are using Rust 2015,\nyou may have missed the `extern crate` declaration (which is usually placed in\nthe crate root):\n\n```edition2015\nextern crate core; // Required to use the `core` crate in Rust 2015.\n\nuse core::any;\n# fn main() {}\n```\n\nSince Rust 2018 the `extern crate` declaration is not required and\nyou can instead just `use` it:\n\n```edition2018\nuse core::any; // No extern crate required in Rust 2018.\n# fn main() {}\n```\n"},"level":"error","spans":[{"file_name":"src/main.rs","byte_start":728,"byte_end":733,"line_start":27,"line_end":27,"column_start":5,"column_end":10,"is_primary":true,"text":[{"text":"use bytes::Bytes;","highlight_start":5,"highlight_end":10}],"label":"use of unresolved module or unlinked crate `bytes`","suggested_replacement":null,"suggestion_applicability":null,"expansion":null}],"children":[{"message":"if you wanted to use a crate named `bytes`, use `cargo add bytes` to add it to your `Cargo.toml`","code":null,"level":"help","spans":[],"children":[],"rendered":null}],"rendered":"\u001b[0m\u001b[1m\u001b[38;5;9merror[E0432]\u001b[0m\u001b[0m\u001b[1m: unresolved import `bytes`\u001b[0m\n\u001b[0m  \u001b[0m\u001b[0m\u001b[1m\u001b[38;5;12m--> \u001b[0m\u001b[0msrc/main.rs:27:5\u001b[0m\n\u001b[0m   \u001b[0m\u001b[0m\u001b[1m\u001b[38;5;12m|\u001b[0m\n\u001b[0m\u001b[1m\u001b[38;5;12m27\u001b[0m\u001b[0m \u001b[0m\u001b[0m\u001b[1m\u001b[38;5;12m|\u001b[0m\u001b[0m \u001b[0m\u001b[0muse bytes::Bytes;\u001b[0m\n\u001b[0m   \u001b[0m\u001b[0m\u001b[1m\u001b[38;5;12m|\u001b[0m\u001b[0m     \u001b[0m\u001b[0m\u001b[1m\u001b[38;5;9m^^^^^\u001b[0m\u001b[0m \u001b[0m\u001b[0m\u001b[1m\u001b[38;5;9muse of unresolved module or unlinked crate `bytes`\u001b[0m\n\u001b[0m   \u001b[0m\u001b[0m\u001b[1m\u001b[38;5;12m|\u001b[0m\n\u001b[0m   \u001b[0m\u001b[0m\u001b[1m\u001b[38;5;12m= \u001b[0m\u001b[0m\u001b[1mhelp\u001b[0m\u001b[0m: if you wanted to use a crate named `bytes`, use `cargo add bytes` to add it to your `Cargo.toml`\u001b[0m\n\n"}
{"$message_type":"diagnostic","message":"cannot find value `session_id_clone` in this scope","code":{"code":"E0425","explanation":"An unresolved name was used.\n\nErroneous code examples:\n\n```compile_fail,E0425\nsomething_that_doesnt_exist::foo;\n// error: unresolved name `something_that_doesnt_exist::foo`\n\n// or:\n\ntrait Foo {\n    fn bar() {\n        Self; // error: unresolved name `Self`\n    }\n}\n\n// or:\n\nlet x = unknown_variable;  // error: unresolved name `unknown_variable`\n```\n\nPlease verify that the name wasn't misspelled and ensure that the\nidentifier being referred to is valid for the given situation. Example:\n\n```\nenum something_that_does_exist {\n    Foo,\n}\n```\n\nOr:\n\n```\nmod something_that_does_exist {\n    pub static foo : i32 = 0i32;\n}\n\nsomething_that_does_exist::foo; // ok!\n```\n\nOr:\n\n```\nlet unknown_variable = 12u32;\nlet x = unknown_variable; // ok!\n```\n\nIf the item is not defined in the current module, it must be imported using a\n`use` statement, like so:\n\n```\n# mod foo { pub fn bar() {} }\n# fn main() {\nuse foo::bar;\nbar();\n# }\n```\n\nIf the item you are importing is not defined in some super-module of the\ncurrent module, then it must also be declared as public (e.g., `pub fn`).\n"},"level":"error","spans":[{"file_name":"src/main.rs","byte_start":24798,"byte_end":24814,"line_start":885,"line_end":885,"column_start":35,"column_end":51,"is_primary":true,"text":[{"text":"                        \"chatId\": session_id_clone,","highlight_start":35,"highlight_end":51}],"label":"not found in this scope","suggested_replacement":null,"suggestion_applicability":null,"expansion":null}],"children":[],"rendered":"\u001b[0m\u001b[1m\u001b[38;5;9merror[E0425]\u001b[0m\u001b[0m\u001b[1m: cannot find value `session_id_clone` in this scope\u001b[0m\n\u001b[0m   \u001b[0m\u001b[0m\u001b[1m\u001b[38;5;12m--> \u001b[0m\u001b[0msrc/main.rs:885:35\u001b[0m\n\u001b[0m    \u001b[0m\u001b[0m\u001b[1m\u001b[38;5;12m|\u001b[0m\n\u001b[0m\u001b[1m\u001b[38;5;12m885\u001b[0m\u001b[0m \u001b[0m\u001b[0m\u001b[1m\u001b[38;5;12m|\u001b[0m\u001b[0m \u001b[0m\u001b[0m                        \"chatId\": session_id_clone,\u001b[0m\n\u001b[0m    \u001b[0m\u001b[0m\u001b[1m\u001b[38;5;12m|\u001b[0m\u001b[0m                                   \u001b[0m\u001b[0m\u001b[1m\u001b[38;5;9m^^^^^^^^^^^^^^^^\u001b[0m\u001b[0m \u001b[0m\u001b[0m\u001b[1m\u001b[38;5;9mnot found in this scope\u001b[0m\n\n"}
{"$message_type":"diagnostic","message":"cannot find value `message_id` in this scope","code":{"code":"E0425","explanation":"An unresolved name was used.\n\nErroneous code examples:\n\n```compile_fail,E0425\nsomething_that_doesnt_exist::foo;\n// error: unresolved name `something_that_doesnt_exist::foo`\n\n// or:\n\ntrait Foo {\n    fn bar() {\n        Self; // error: unresolved name `Self`\n    }\n}\n\n// or:\n\nlet x = unknown_variable;  // error: unresolved name `unknown_variable`\n```\n\nPlease verify that the name wasn't misspelled and ensure that the\nidentifier being referred to is valid for the given situation. Example:\n\n```\nenum something_that_does_exist {\n    Foo,\n}\n```\n\nOr:\n\n```\nmod something_that_does_exist {\n    pub static foo : i32 = 0i32;\n}\n\nsomething_that_does_exist::foo; // ok!\n```\n\nOr:\n\n```\nlet unknown_variable = 12u32;\nlet x = unknown_variable; // ok!\n```\n\nIf the item is not defined in the current module, it must be imported using a\n`use` statement, like so:\n\n```\n# mod foo { pub fn bar() {} }\n# fn main() {\nuse foo::bar;\nbar();\n# }\n```\n\nIf the item you are importing is not defined in some super-module of the\ncurrent module, then it must also be declared as public (e.g., `pub fn`).\n"},"level":"error","spans":[{"file_name":"src/main.rs","byte_start":24853,"byte_end":24863,"line_start":886,"line_end":886,"column_start":38,"column_end":48,"is_primary":true,"text":[{"text":"                        \"messageId\": message_id,","highlight_start":38,"highlight_end":48}],"label":"not found in this scope","suggested_replacement":null,"suggestion_applicability":null,"expansion":null}],"children":[],"rendered":"\u001b[0m\u001b[1m\u001b[38;5;9merror[E0425]\u001b[0m\u001b[0m\u001b[1m: cannot find value `message_id` in this scope\u001b[0m\n\u001b[0m   \u001b[0m\u001b[0m\u001b[1m\u001b[38;5;12m--> \u001b[0m\u001b[0msrc/main.rs:886:38\u001b[0m\n\u001b[0m    \u001b[0m\u001b[0m\u001b[1m\u001b[38;5;12m|\u001b[0m\n\u001b[0m\u001b[1m\u001b[38;5;12m886\u001b[0m\u001b[0m \u001b[0m\u001b[0m\u001b[1m\u001b[38;5;12m|\u001b[0m\u001b[0m \u001b[0m\u001b[0m                        \"messageId\": message_id,\u001b[0m\n\u001b[0m    \u001b[0m\u001b[0m\u001b[1m\u001b[38;5;12m|\u001b[0m\u001b[0m                                      \u001b[0m\u001b[0m\u001b[1m\u001b[38;5;9m^^^^^^^^^^\u001b[0m\u001b[0m \u001b[0m\u001b[0m\u001b[1m\u001b[38;5;9mnot found in this scope\u001b[0m\n\n"}
{"$message_type":"diagnostic","message":"cannot find value `message_id` in this scope","code":{"code":"E0425","explanation":"An unresolved name was used.\n\nErroneous code examples:\n\n```compile_fail,E0425\nsomething_that_doesnt_exist::foo;\n// error: unresolved name `something_that_doesnt_exist::foo`\n\n// or:\n\ntrait Foo {\n    fn bar() {\n        Self; // error: unresolved name `Self`\n    }\n}\n\n// or:\n\nlet x = unknown_variable;  // error: unresolved name `unknown_variable`\n```\n\nPlease verify that the name wasn't misspelled and ensure that the\nidentifier being referred to is valid for the given situation. Example:\n\n```\nenum something_that_does_exist {\n    Foo,\n}\n```\n\nOr:\n\n```\nmod something_that_does_exist {\n    pub static foo : i32 = 0i32;\n}\n\nsomething_that_does_exist::foo; // ok!\n```\n\nOr:\n\n```\nlet unknown_variable = 12u32;\nlet x = unknown_variable; // ok!\n```\n\nIf the item is not defined in the current module, it must be imported using a\n`use` statement, like so:\n\n```\n# mod foo { pub fn bar() {} }\n# fn main() {\nuse foo::bar;\nbar();\n# }\n```\n\nIf the item you are importing is not defined in some super-module of the\ncurrent module, then it must also be declared as public (e.g., `pub fn`).\n"},"level":"error","spans":[{"file_name":"src/main.rs","byte_start":25560,"byte_end":25570,"line_start":907,"line_end":907,"column_start":13,"column_end":23,"is_primary":true,"text":[{"text":"            message_id,","highlight_start":13,"highlight_end":23}],"label":"not found in this scope","suggested_replacement":null,"suggestion_applicability":null,"expansion":null}],"children":[],"rendered":"\u001b[0m\u001b[1m\u001b[38;5;9merror[E0425]\u001b[0m\u001b[0m\u001b[1m: cannot find value `message_id` in this scope\u001b[0m\n\u001b[0m   \u001b[0m\u001b[0m\u001b[1m\u001b[38;5;12m--> \u001b[0m\u001b[0msrc/main.rs:907:13\u001b[0m\n\u001b[0m    \u001b[0m\u001b[0m\u001b[1m\u001b[38;5;12m|\u001b[0m\n\u001b[0m\u001b[1m\u001b[38;5;12m907\u001b[0m\u001b[0m \u001b[0m\u001b[0m\u001b[1m\u001b[38;5;12m|\u001b[0m\u001b[0m \u001b[0m\u001b[0m            message_id,\u001b[0m\n\u001b[0m    \u001b[0m\u001b[0m\u001b[1m\u001b[38;5;12m|\u001b[0m\u001b[0m             \u001b[0m\u001b[0m\u001b[1m\u001b[38;5;9m^^^^^^^^^^\u001b[0m\u001b[0m \u001b[0m\u001b[0m\u001b[1m\u001b[38;5;9mnot found in this scope\u001b[0m\n\n"}
{"$message_type":"diagnostic","message":"cannot find value `session_id_clone` in this scope","code":{"code":"E0425","explanation":"An unresolved name was used.\n\nErroneous code examples:\n\n```compile_fail,E0425\nsomething_that_doesnt_exist::foo;\n// error: unresolved name `something_that_doesnt_exist::foo`\n\n// or:\n\ntrait Foo {\n    fn bar() {\n        Self; // error: unresolved name `Self`\n    }\n}\n\n// or:\n\nlet x = unknown_variable;  // error: unresolved name `unknown_variable`\n```\n\nPlease verify that the name wasn't misspelled and ensure that the\nidentifier being referred to is valid for the given situation. Example:\n\n```\nenum something_that_does_exist {\n    Foo,\n}\n```\n\nOr:\n\n```\nmod something_that_does_exist {\n    pub static foo : i32 = 0i32;\n}\n\nsomething_that_does_exist::foo; // ok!\n```\n\nOr:\n\n```\nlet unknown_variable = 12u32;\nlet x = unknown_variable; // ok!\n```\n\nIf the item is not defined in the current module, it must be imported using a\n`use` statement, like so:\n\n```\n# mod foo { pub fn bar() {} }\n# fn main() {\nuse foo::bar;\nbar();\n# }\n```\n\nIf the item you are importing is not defined in some super-module of the\ncurrent module, then it must also be declared as public (e.g., `pub fn`).\n"},"level":"error","spans":[{"file_name":"src/main.rs","byte_start":25803,"byte_end":25819,"line_start":916,"line_end":916,"column_start":51,"column_end":67,"is_primary":true,"text":[{"text":"        match fetch_chat_session(&state_clone.db, session_id_clone).await {","highlight_start":51,"highlight_end":67}],"label":"not found in this scope","suggested_replacement":null,"suggestion_applicability":null,"expansion":null}],"children":[],"rendered":"\u001b[0m\u001b[1m\u001b[38;5;9merror[E0425]\u001b[0m\u001b[0m\u001b[1m: cannot find value `session_id_clone` in this scope\u001b[0m\n\u001b[0m   \u001b[0m\u001b[0m\u001b[1m\u001b[38;5;12m--> \u001b[0m\u001b[0msrc/main.rs:916:51\u001b[0m\n\u001b[0m    \u001b[0m\u001b[0m\u001b[1m\u001b[38;5;12m|\u001b[0m\n\u001b[0m\u001b[1m\u001b[38;5;12m916\u001b[0m\u001b[0m \u001b[0m\u001b[0m\u001b[1m\u001b[38;5;12m|\u001b[0m\u001b[0m \u001b[0m\u001b[0m        match fetch_chat_session(&state_clone.db, session_id_clone).await {\u001b[0m\n\u001b[0m    \u001b[0m\u001b[0m\u001b[1m\u001b[38;5;12m|\u001b[0m\u001b[0m                                                   \u001b[0m\u001b[0m\u001b[1m\u001b[38;5;9m^^^^^^^^^^^^^^^^\u001b[0m\u001b[0m \u001b[0m\u001b[0m\u001b[1m\u001b[38;5;9mnot found in this scope\u001b[0m\n\n"}
{"$message_type":"diagnostic","message":"cannot find value `session_id_clone` in this scope","code":{"code":"E0425","explanation":"An unresolved name was used.\n\nErroneous code examples:\n\n```compile_fail,E0425\nsomething_that_doesnt_exist::foo;\n// error: unresolved name `something_that_doesnt_exist::foo`\n\n// or:\n\ntrait Foo {\n    fn bar() {\n        Self; // error: unresolved name `Self`\n    }\n}\n\n// or:\n\nlet x = unknown_variable;  // error: unresolved name `unknown_variable`\n```\n\nPlease verify that the name wasn't misspelled and ensure that the\nidentifier being referred to is valid for the given situation. Example:\n\n```\nenum something_that_does_exist {\n    Foo,\n}\n```\n\nOr:\n\n```\nmod something_that_does_exist {\n    pub static foo : i32 = 0i32;\n}\n\nsomething_that_does_exist::foo; // ok!\n```\n\nOr:\n\n```\nlet unknown_variable = 12u32;\nlet x = unknown_variable; // ok!\n```\n\nIf the item is not defined in the current module, it must be imported using a\n`use` statement, like so:\n\n```\n# mod foo { pub fn bar() {} }\n# fn main() {\nuse foo::bar;\nbar();\n# }\n```\n\nIf the item you are importing is not defined in some super-module of the\ncurrent module, then it must also be declared as public (e.g., `pub fn`).\n"},"level":"error","spans":[{"file_name":"src/main.rs","byte_start":26073,"byte_end":26089,"line_start":922,"line_end":922,"column_start":35,"column_end":51,"is_primary":true,"text":[{"text":"                        \"chatId\": session_id_clone,","highlight_start":35,"highlight_end":51}],"label":"not found in this scope","suggested_replacement":null,"suggestion_applicability":null,"expansion":null}],"children":[],"rendered":"\u001b[0m\u001b[1m\u001b[38;5;9merror[E0425]\u001b[0m\u001b[0m\u001b[1m: cannot find value `session_id_clone` in this scope\u001b[0m\n\u001b[0m   \u001b[0m\u001b[0m\u001b[1m\u001b[38;5;12m--> \u001b[0m\u001b[0msrc/main.rs:922:35\u001b[0m\n\u001b[0m    \u001b[0m\u001b[0m\u001b[1m\u001b[38;5;12m|\u001b[0m\n\u001b[0m\u001b[1m\u001b[38;5;12m922\u001b[0m\u001b[0m \u001b[0m\u001b[0m\u001b[1m\u001b[38;5;12m|\u001b[0m\u001b[0m \u001b[0m\u001b[0m                        \"chatId\": session_id_clone,\u001b[0m\n\u001b[0m    \u001b[0m\u001b[0m\u001b[1m\u001b[38;5;12m|\u001b[0m\u001b[0m                                   \u001b[0m\u001b[0m\u001b[1m\u001b[38;5;9m^^^^^^^^^^^^^^^^\u001b[0m\u001b[0m \u001b[0m\u001b[0m\u001b[1m\u001b[38;5;9mnot found in this scope\u001b[0m\n\n"}
{"$message_type":"diagnostic","message":"cannot find value `message_id` in this scope","code":{"code":"E0425","explanation":"An unresolved name was used.\n\nErroneous code examples:\n\n```compile_fail,E0425\nsomething_that_doesnt_exist::foo;\n// error: unresolved name `something_that_doesnt_exist::foo`\n\n// or:\n\ntrait Foo {\n    fn bar() {\n        Self; // error: unresolved name `Self`\n    }\n}\n\n// or:\n\nlet x = unknown_variable;  // error: unresolved name `unknown_variable`\n```\n\nPlease verify that the name wasn't misspelled and ensure that the\nidentifier being referred to is valid for the given situation. Example:\n\n```\nenum something_that_does_exist {\n    Foo,\n}\n```\n\nOr:\n\n```\nmod something_that_does_exist {\n    pub static foo : i32 = 0i32;\n}\n\nsomething_that_does_exist::foo; // ok!\n```\n\nOr:\n\n```\nlet unknown_variable = 12u32;\nlet x = unknown_variable; // ok!\n```\n\nIf the item is not defined in the current module, it must be imported using a\n`use` statement, like so:\n\n```\n# mod foo { pub fn bar() {} }\n# fn main() {\nuse foo::bar;\nbar();\n# }\n```\n\nIf the item you are importing is not defined in some super-module of the\ncurrent module, then it must also be declared as public (e.g., `pub fn`).\n"},"level":"error","spans":[{"file_name":"src/main.rs","byte_start":26128,"byte_end":26138,"line_start":923,"line_end":923,"column_start":38,"column_end":48,"is_primary":true,"text":[{"text":"                        \"messageId\": message_id","highlight_start":38,"highlight_end":48}],"label":"not found in this scope","suggested_replacement":null,"suggestion_applicability":null,"expansion":null}],"children":[],"rendered":"\u001b[0m\u001b[1m\u001b[38;5;9merror[E0425]\u001b[0m\u001b[0m\u001b[1m: cannot find value `message_id` in this scope\u001b[0m\n\u001b[0m   \u001b[0m\u001b[0m\u001b[1m\u001b[38;5;12m--> \u001b[0m\u001b[0msrc/main.rs:923:38\u001b[0m\n\u001b[0m    \u001b[0m\u001b[0m\u001b[1m\u001b[38;5;12m|\u001b[0m\n\u001b[0m\u001b[1m\u001b[38;5;12m923\u001b[0m\u001b[0m \u001b[0m\u001b[0m\u001b[1m\u001b[38;5;12m|\u001b[0m\u001b[0m \u001b[0m\u001b[0m                        \"messageId\": message_id\u001b[0m\n\u001b[0m    \u001b[0m\u001b[0m\u001b[1m\u001b[38;5;12m|\u001b[0m\u001b[0m                                      \u001b[0m\u001b[0m\u001b[1m\u001b[38;5;9m^^^^^^^^^^\u001b[0m\u001b[0m \u001b[0m\u001b[0m\u001b[1m\u001b[38;5;9mnot found in this scope\u001b[0m\n\n"}
{"$message_type":"diagnostic","message":"unused imports: `Duration` and `sleep`","code":{"code":"unused_imports","explanation":null},"level":"warning","spans":[{"file_name":"src/main.rs","byte_start":593,"byte_end":601,"line_start":24,"line_end":24,"column_start":19,"column_end":27,"is_primary":true,"text":[{"text":"use tokio::time::{Duration, sleep};","highlight_start":19,"highlight_end":27}],"label":null,"suggested_replacement":null,"suggestion_applicability":null,"expansion":null},{"file_name":"src/main.rs","byte_start":603,"byte_end":608,"line_start":24,"line_end":24,"column_start":29,"column_end":34,"is_primary":true,"text":[{"text":"use tokio::time::{Duration, sleep};","highlight_start":29,"highlight_end":34}],"label":null,"suggested_replacement":null,"suggestion_applicability":null,"expansion":null}],"children":[{"message":"`#[warn(unused_imports)]` (part of `#[warn(unused)]`) on by default","code":null,"level":"note","spans":[],"children":[],"rendered":null},{"message":"remove the whole `use` item","code":null,"level":"help","spans":[{"file_name":"src/main.rs","byte_start":575,"byte_end":611,"line_start":24,"line_end":25,"column_start":1,"column_end":1,"is_primary":true,"text":[{"text":"use tokio::time::{Duration, sleep};","highlight_start":1,"highlight_end":36},{"text":"use tokio_stream::{StreamExt as _, wrappers::ReceiverStream};","highlight_start":1,"highlight_end":1}],"label":null,"suggested_replacement":"","suggestion_applicability":"MachineApplicable","expansion":null}],"children":[],"rendered":null}],"rendered":"\u001b[0m\u001b[1m\u001b[33mwarning\u001b[0m\u001b[0m\u001b[1m: unused imports: `Duration` and `sleep`\u001b[0m\n\u001b[0m  \u001b[0m\u001b[0m\u001b[1m\u001b[38;5;12m--> \u001b[0m\u001b[0msrc/main.rs:24:19\u001b[0m\n\u001b[0m   \u001b[0m\u001b[0m\u001b[1m\u001b[38;5;12m|\u001b[0m\n\u001b[0m\u001b[1m\u001b[38;5;12m24\u001b[0m\u001b[0m \u001b[0m\u001b[0m\u001b[1m\u001b[38;5;12m|\u001b[0m\u001b[0m \u001b[0m\u001b[0muse tokio::time::{Duration, sleep};\u001b[0m\n\u001b[0m   \u001b[0m\u001b[0m\u001b[1m\u001b[38;5;12m|\u001b[0m\u001b[0m                   \u001b[0m\u001b[0m\u001b[1m\u001b[33m^^^^^^^^\u001b[0m\u001b[0m  \u001b[0m\u001b[0m\u001b[1m\u001b[33m^^^^^\u001b[0m\n\u001b[0m   \u001b[0m\u001b[0m\u001b[1m\u001b[38;5;12m|\u001b[0m\n\u001b[0m   \u001b[0m\u001b[0m\u001b[1m\u001b[38;5;12m= \u001b[0m\u001b[0m\u001b[1mnote\u001b[0m\u001b[0m: `#[warn(unused_imports)]` (part of `#[warn(unused)]`) on by default\u001b[0m\n\n"}
{"$message_type":"diagnostic","message":"multiple applicable items in scope","code":{"code":"E0034","explanation":"The compiler doesn't know what method to call because more than one method\nhas the same prototype.\n\nErroneous code example:\n\n```compile_fail,E0034\nstruct Test;\n\ntrait Trait1 {\n    fn foo();\n}\n\ntrait Trait2 {\n    fn foo();\n}\n\nimpl Trait1 for Test { fn foo() {} }\nimpl Trait2 for Test { fn foo() {} }\n\nfn main() {\n    Test::foo() // error, which foo() to call?\n}\n```\n\nTo avoid this error, you have to keep only one of them and remove the others.\nSo let's take our example and fix it:\n\n```\nstruct Test;\n\ntrait Trait1 {\n    fn foo();\n}\n\nimpl Trait1 for Test { fn foo() {} }\n\nfn main() {\n    Test::foo() // and now that's good!\n}\n```\n\nHowever, a better solution would be using fully explicit naming of type and\ntrait:\n\n```\nstruct Test;\n\ntrait Trait1 {\n    fn foo();\n}\n\ntrait Trait2 {\n    fn foo();\n}\n\nimpl Trait1 for Test { fn foo() {} }\nimpl Trait2 for Test { fn foo() {} }\n\nfn main() {\n    <Test as Trait1>::foo()\n}\n```\n\nOne last example:\n\n```\ntrait F {\n    fn m(&self);\n}\n\ntrait G {\n    fn m(&self);\n}\n\nstruct X;\n\nimpl F for X { fn m(&self) { println!(\"I am F\"); } }\nimpl G for X { fn m(&self) { println!(\"I am G\"); } }\n\nfn main() {\n    let f = X;\n\n    F::m(&f); // it displays \"I am F\"\n    G::m(&f); // it displays \"I am G\"\n}\n```\n"},"level":"error","spans":[{"file_name":"src/main.rs","byte_start":10921,"byte_end":10925,"line_start":407,"line_end":407,"column_start":40,"column_end":44,"is_primary":true,"text":[{"text":"    while let Some(chunk_res) = stream.next().await {","highlight_start":40,"highlight_end":44}],"label":"multiple `next` found","suggested_replacement":null,"suggestion_applicability":null,"expansion":null}],"children":[{"message":"candidate #1 is defined in an impl of the trait `tokio_stream::StreamExt` for the type `St`","code":null,"level":"note","spans":[],"children":[],"rendered":null},{"message":"candidate #2 is defined in an impl of the trait `futures::StreamExt` for the type `T`","code":null,"level":"note","spans":[],"children":[],"rendered":null},{"message":"disambiguate the method for candidate #1","code":null,"level":"help","spans":[{"file_name":"src/main.rs","byte_start":10914,"byte_end":10927,"line_start":407,"line_end":407,"column_start":33,"column_end":46,"is_primary":true,"text":[{"text":"    while let Some(chunk_res) = stream.next().await {","highlight_start":33,"highlight_end":46}],"label":null,"suggested_replacement":"tokio_stream::StreamExt::next(&mut stream)","suggestion_applicability":"HasPlaceholders","expansion":null}],"children":[],"rendered":null},{"message":"disambiguate the method for candidate #2","code":null,"level":"help","spans":[{"file_name":"src/main.rs","byte_start":10914,"byte_end":10927,"line_start":407,"line_end":407,"column_start":33,"column_end":46,"is_primary":true,"text":[{"text":"    while let Some(chunk_res) = stream.next().await {","highlight_start":33,"highlight_end":46}],"label":null,"suggested_replacement":"futures::StreamExt::next(&mut stream)","suggestion_applicability":"HasPlaceholders","expansion":null}],"children":[],"rendered":null}],"rendered":"\u001b[0m\u001b[1m\u001b[38;5;9merror[E0034]\u001b[0m\u001b[0m\u001b[1m: multiple applicable items in scope\u001b[0m\n\u001b[0m   \u001b[0m\u001b[0m\u001b[1m\u001b[38;5;12m--> \u001b[0m\u001b[0msrc/main.rs:407:40\u001b[0m\n\u001b[0m    \u001b[0m\u001b[0m\u001b[1m\u001b[38;5;12m|\u001b[0m\n\u001b[0m\u001b[1m\u001b[38;5;12m407\u001b[0m\u001b[0m \u001b[0m\u001b[0m\u001b[1m\u001b[38;5;12m|\u001b[0m\u001b[0m \u001b[0m\u001b[0m    while let Some(chunk_res) = stream.next().await {\u001b[0m\n\u001b[0m    \u001b[0m\u001b[0m\u001b[1m\u001b[38;5;12m|\u001b[0m\u001b[0m                                        \u001b[0m\u001b[0m\u001b[1m\u001b[38;5;9m^^^^\u001b[0m\u001b[0m \u001b[0m\u001b[0m\u001b[1m\u001b[38;5;9mmultiple `next` found\u001b[0m\n\u001b[0m    \u001b[0m\u001b[0m\u001b[1m\u001b[38;5;12m|\u001b[0m\n\u001b[0m    \u001b[0m\u001b[0m\u001b[1m\u001b[38;5;12m= \u001b[0m\u001b[0m\u001b[1mnote\u001b[0m\u001b[0m: candidate #1 is defined in an impl of the trait `tokio_stream::StreamExt` for the type `St`\u001b[0m\n\u001b[0m    \u001b[0m\u001b[0m\u001b[1m\u001b[38;5;12m= \u001b[0m\u001b[0m\u001b[1mnote\u001b[0m\u001b[0m: candidate #2 is defined in an impl of the trait `futures::StreamExt` for the type `T`\u001b[0m\n\u001b[0m\u001b[1m\u001b[38;5;14mhelp\u001b[0m\u001b[0m: disambiguate the method for candidate #1\u001b[0m\n\u001b[0m    \u001b[0m\u001b[0m\u001b[1m\u001b[38;5;12m|\u001b[0m\n\u001b[0m\u001b[1m\u001b[38;5;12m407\u001b[0m\u001b[0m \u001b[0m\u001b[0m\u001b[38;5;9m- \u001b[0m\u001b[0m    while let Some(chunk_res) = \u001b[0m\u001b[0m\u001b[38;5;9mstream.next()\u001b[0m\u001b[0m.await {\u001b[0m\n\u001b[0m\u001b[1m\u001b[38;5;12m407\u001b[0m\u001b[0m \u001b[0m\u001b[0m\u001b[38;5;10m+ \u001b[0m\u001b[0m    while let Some(chunk_res) = \u001b[0m\u001b[0m\u001b[38;5;10mtokio_stream::StreamExt::next(&mut stream)\u001b[0m\u001b[0m.await {\u001b[0m\n\u001b[0m    \u001b[0m\u001b[0m\u001b[1m\u001b[38;5;12m|\u001b[0m\n\u001b[0m\u001b[1m\u001b[38;5;14mhelp\u001b[0m\u001b[0m: disambiguate the method for candidate #2\u001b[0m\n\u001b[0m    \u001b[0m\u001b[0m\u001b[1m\u001b[38;5;12m|\u001b[0m\n\u001b[0m\u001b[1m\u001b[38;5;12m407\u001b[0m\u001b[0m \u001b[0m\u001b[0m\u001b[38;5;9m- \u001b[0m\u001b[0m    while let Some(chunk_res) = \u001b[0m\u001b[0m\u001b[38;5;9mstream.next()\u001b[0m\u001b[0m.await {\u001b[0m\n\u001b[0m\u001b[1m\u001b[38;5;12m407\u001b[0m\u001b[0m \u001b[0m\u001b[0m\u001b[38;5;10m+ \u001b[0m\u001b[0m    while let Some(chunk_res) = \u001b[0m\u001b[0m\u001b[38;5;10mfutures::StreamExt::next(&mut stream)\u001b[0m\u001b[0m.await {\u001b[0m\n\u001b[0m    \u001b[0m\u001b[0m\u001b[1m\u001b[38;5;12m|\u001b[0m\n\n"}
{"$message_type":"diagnostic","message":"the size for values of type `str` cannot be known at compilation time","code":{"code":"E0277","explanation":"You tried to use a type which doesn't implement some trait in a place which\nexpected that trait.\n\nErroneous code example:\n\n```compile_fail,E0277\n// here we declare the Foo trait with a bar method\ntrait Foo {\n    fn bar(&self);\n}\n\n// we now declare a function which takes an object implementing the Foo trait\nfn some_func<T: Foo>(foo: T) {\n    foo.bar();\n}\n\nfn main() {\n    // we now call the method with the i32 type, which doesn't implement\n    // the Foo trait\n    some_func(5i32); // error: the trait bound `i32 : Foo` is not satisfied\n}\n```\n\nIn order to fix this error, verify that the type you're using does implement\nthe trait. Example:\n\n```\ntrait Foo {\n    fn bar(&self);\n}\n\n// we implement the trait on the i32 type\nimpl Foo for i32 {\n    fn bar(&self) {}\n}\n\nfn some_func<T: Foo>(foo: T) {\n    foo.bar(); // we can now use this method since i32 implements the\n               // Foo trait\n}\n\nfn main() {\n    some_func(5i32); // ok!\n}\n```\n\nOr in a generic context, an erroneous code example would look like:\n\n```compile_fail,E0277\nfn some_func<T>(foo: T) {\n    println!(\"{:?}\", foo); // error: the trait `core::fmt::Debug` is not\n                           //        implemented for the type `T`\n}\n\nfn main() {\n    // We now call the method with the i32 type,\n    // which *does* implement the Debug trait.\n    some_func(5i32);\n}\n```\n\nNote that the error here is in the definition of the generic function. Although\nwe only call it with a parameter that does implement `Debug`, the compiler\nstill rejects the function. It must work with all possible input types. In\norder to make this example compile, we need to restrict the generic type we're\naccepting:\n\n```\nuse std::fmt;\n\n// Restrict the input type to types that implement Debug.\nfn some_func<T: fmt::Debug>(foo: T) {\n    println!(\"{:?}\", foo);\n}\n\nfn main() {\n    // Calling the method is still fine, as i32 implements Debug.\n    some_func(5i32);\n\n    // This would fail to compile now:\n    // struct WithoutDebug;\n    // some_func(WithoutDebug);\n}\n```\n\nRust only looks at the signature of the called function, as such it must\nalready specify all requirements that will be used for every type parameter.\n"},"level":"error","spans":[{"file_name":"src/main.rs","byte_start":10954,"byte_end":10959,"line_start":408,"line_end":408,"column_start":19,"column_end":24,"is_primary":true,"text":[{"text":"        if let Ok(chunk) = chunk_res {","highlight_start":19,"highlight_end":24}],"label":"doesn't have a size known at compile-time","suggested_replacement":null,"suggestion_applicability":null,"expansion":null}],"children":[{"message":"the trait `Sized` is not implemented for `str`","code":null,"level":"help","spans":[],"children":[],"rendered":null},{"message":"all local variables must have a statically known size","code":null,"level":"note","spans":[],"children":[],"rendered":null}],"rendered":"\u001b[0m\u001b[1m\u001b[38;5;9merror[E0277]\u001b[0m\u001b[0m\u001b[1m: the size for values of type `str` cannot be known at compilation time\u001b[0m\n\u001b[0m   \u001b[0m\u001b[0m\u001b[1m\u001b[38;5;12m--> \u001b[0m\u001b[0msrc/main.rs:408:19\u001b[0m\n\u001b[0m    \u001b[0m\u001b[0m\u001b[1m\u001b[38;5;12m|\u001b[0m\n\u001b[0m\u001b[1m\u001b[38;5;12m408\u001b[0m\u001b[0m \u001b[0m\u001b[0m\u001b[1m\u001b[38;5;12m|\u001b[0m\u001b[0m \u001b[0m\u001b[0m        if let Ok(chunk) = chunk_res {\u001b[0m\n\u001b[0m    \u001b[0m\u001b[0m\u001b[1m\u001b[38;5;12m|\u001b[0m\u001b[0m                   \u001b[0m\u001b[0m\u001b[1m\u001b[38;5;9m^^^^^\u001b[0m\u001b[0m \u001b[0m\u001b[0m\u001b[1m\u001b[38;5;9mdoesn't have a size known at compile-time\u001b[0m\n\u001b[0m    \u001b[0m\u001b[0m\u001b[1m\u001b[38;5;12m|\u001b[0m\n\u001b[0m    \u001b[0m\u001b[0m\u001b[1m\u001b[38;5;12m= \u001b[0m\u001b[0m\u001b[1mhelp\u001b[0m\u001b[0m: the trait `Sized` is not implemented for `str`\u001b[0m\n\u001b[0m    \u001b[0m\u001b[0m\u001b[1m\u001b[38;5;12m= \u001b[0m\u001b[0m\u001b[1mnote\u001b[0m\u001b[0m: all local variables must have a statically known size\u001b[0m\n\n"}
{"$message_type":"diagnostic","message":"the size for values of type `str` cannot be known at compilation time","code":{"code":"E0277","explanation":"You tried to use a type which doesn't implement some trait in a place which\nexpected that trait.\n\nErroneous code example:\n\n```compile_fail,E0277\n// here we declare the Foo trait with a bar method\ntrait Foo {\n    fn bar(&self);\n}\n\n// we now declare a function which takes an object implementing the Foo trait\nfn some_func<T: Foo>(foo: T) {\n    foo.bar();\n}\n\nfn main() {\n    // we now call the method with the i32 type, which doesn't implement\n    // the Foo trait\n    some_func(5i32); // error: the trait bound `i32 : Foo` is not satisfied\n}\n```\n\nIn order to fix this error, verify that the type you're using does implement\nthe trait. Example:\n\n```\ntrait Foo {\n    fn bar(&self);\n}\n\n// we implement the trait on the i32 type\nimpl Foo for i32 {\n    fn bar(&self) {}\n}\n\nfn some_func<T: Foo>(foo: T) {\n    foo.bar(); // we can now use this method since i32 implements the\n               // Foo trait\n}\n\nfn main() {\n    some_func(5i32); // ok!\n}\n```\n\nOr in a generic context, an erroneous code example would look like:\n\n```compile_fail,E0277\nfn some_func<T>(foo: T) {\n    println!(\"{:?}\", foo); // error: the trait `core::fmt::Debug` is not\n                           //        implemented for the type `T`\n}\n\nfn main() {\n    // We now call the method with the i32 type,\n    // which *does* implement the Debug trait.\n    some_func(5i32);\n}\n```\n\nNote that the error here is in the definition of the generic function. Although\nwe only call it with a parameter that does implement `Debug`, the compiler\nstill rejects the function. It must work with all possible input types. In\norder to make this example compile, we need to restrict the generic type we're\naccepting:\n\n```\nuse std::fmt;\n\n// Restrict the input type to types that implement Debug.\nfn some_func<T: fmt::Debug>(foo: T) {\n    println!(\"{:?}\", foo);\n}\n\nfn main() {\n    // Calling the method is still fine, as i32 implements Debug.\n    some_func(5i32);\n\n    // This would fail to compile now:\n    // struct WithoutDebug;\n    // some_func(WithoutDebug);\n}\n```\n\nRust only looks at the signature of the called function, as such it must\nalready specify all requirements that will be used for every type parameter.\n"},"level":"error","spans":[{"file_name":"src/main.rs","byte_start":10951,"byte_end":10960,"line_start":408,"line_end":408,"column_start":16,"column_end":25,"is_primary":true,"text":[{"text":"        if let Ok(chunk) = chunk_res {","highlight_start":16,"highlight_end":25}],"label":"doesn't have a size known at compile-time","suggested_replacement":null,"suggestion_applicability":null,"expansion":null}],"children":[{"message":"the trait `Sized` is not implemented for `str`","code":null,"level":"help","spans":[],"children":[],"rendered":null},{"message":"required by a bound in `std::prelude::v1::Ok`","code":null,"level":"note","spans":[{"file_name":"/rustc/ed61e7d7e242494fb7057f2657300d9e77bb4fcb/library/core/src/result.rs","byte_start":20966,"byte_end":20968,"line_start":554,"line_end":554,"column_start":5,"column_end":7,"is_primary":true,"text":[],"label":null,"suggested_replacement":null,"suggestion_applicability":null,"expansion":null}],"children":[],"rendered":null}],"rendered":"\u001b[0m\u001b[1m\u001b[38;5;9merror[E0277]\u001b[0m\u001b[0m\u001b[1m: the size for values of type `str` cannot be known at compilation time\u001b[0m\n\u001b[0m   \u001b[0m\u001b[0m\u001b[1m\u001b[38;5;12m--> \u001b[0m\u001b[0msrc/main.rs:408:16\u001b[0m\n\u001b[0m    \u001b[0m\u001b[0m\u001b[1m\u001b[38;5;12m|\u001b[0m\n\u001b[0m\u001b[1m\u001b[38;5;12m408\u001b[0m\u001b[0m \u001b[0m\u001b[0m\u001b[1m\u001b[38;5;12m|\u001b[0m\u001b[0m \u001b[0m\u001b[0m        if let Ok(chunk) = chunk_res {\u001b[0m\n\u001b[0m    \u001b[0m\u001b[0m\u001b[1m\u001b[38;5;12m|\u001b[0m\u001b[0m                \u001b[0m\u001b[0m\u001b[1m\u001b[38;5;9m^^^^^^^^^\u001b[0m\u001b[0m \u001b[0m\u001b[0m\u001b[1m\u001b[38;5;9mdoesn't have a size known at compile-time\u001b[0m\n\u001b[0m    \u001b[0m\u001b[0m\u001b[1m\u001b[38;5;12m|\u001b[0m\n\u001b[0m    \u001b[0m\u001b[0m\u001b[1m\u001b[38;5;12m= \u001b[0m\u001b[0m\u001b[1mhelp\u001b[0m\u001b[0m: the trait `Sized` is not implemented for `str`\u001b[0m\n\u001b[0m\u001b[1m\u001b[38;5;10mnote\u001b[0m\u001b[0m: required by a bound in `std::prelude::v1::Ok`\u001b[0m\n\u001b[0m   \u001b[0m\u001b[0m\u001b[1m\u001b[38;5;12m--> \u001b[0m\u001b[0m/rustc/ed61e7d7e242494fb7057f2657300d9e77bb4fcb/library/core/src/result.rs:554:5\u001b[0m\n\n"}
{"$message_type":"diagnostic","message":"the size for values of type `str` cannot be known at compilation time","code":{"code":"E0277","explanation":"You tried to use a type which doesn't implement some trait in a place which\nexpected that trait.\n\nErroneous code example:\n\n```compile_fail,E0277\n// here we declare the Foo trait with a bar method\ntrait Foo {\n    fn bar(&self);\n}\n\n// we now declare a function which takes an object implementing the Foo trait\nfn some_func<T: Foo>(foo: T) {\n    foo.bar();\n}\n\nfn main() {\n    // we now call the method with the i32 type, which doesn't implement\n    // the Foo trait\n    some_func(5i32); // error: the trait bound `i32 : Foo` is not satisfied\n}\n```\n\nIn order to fix this error, verify that the type you're using does implement\nthe trait. Example:\n\n```\ntrait Foo {\n    fn bar(&self);\n}\n\n// we implement the trait on the i32 type\nimpl Foo for i32 {\n    fn bar(&self) {}\n}\n\nfn some_func<T: Foo>(foo: T) {\n    foo.bar(); // we can now use this method since i32 implements the\n               // Foo trait\n}\n\nfn main() {\n    some_func(5i32); // ok!\n}\n```\n\nOr in a generic context, an erroneous code example would look like:\n\n```compile_fail,E0277\nfn some_func<T>(foo: T) {\n    println!(\"{:?}\", foo); // error: the trait `core::fmt::Debug` is not\n                           //        implemented for the type `T`\n}\n\nfn main() {\n    // We now call the method with the i32 type,\n    // which *does* implement the Debug trait.\n    some_func(5i32);\n}\n```\n\nNote that the error here is in the definition of the generic function. Although\nwe only call it with a parameter that does implement `Debug`, the compiler\nstill rejects the function. It must work with all possible input types. In\norder to make this example compile, we need to restrict the generic type we're\naccepting:\n\n```\nuse std::fmt;\n\n// Restrict the input type to types that implement Debug.\nfn some_func<T: fmt::Debug>(foo: T) {\n    println!(\"{:?}\", foo);\n}\n\nfn main() {\n    // Calling the method is still fine, as i32 implements Debug.\n    some_func(5i32);\n\n    // This would fail to compile now:\n    // struct WithoutDebug;\n    // some_func(WithoutDebug);\n}\n```\n\nRust only looks at the signature of the called function, as such it must\nalready specify all requirements that will be used for every type parameter.\n"},"level":"error","spans":[{"file_name":"src/main.rs","byte_start":10928,"byte_end":10933,"line_start":407,"line_end":407,"column_start":47,"column_end":52,"is_primary":true,"text":[{"text":"    while let Some(chunk_res) = stream.next().await {","highlight_start":47,"highlight_end":52}],"label":"doesn't have a size known at compile-time","suggested_replacement":null,"suggestion_applicability":null,"expansion":{"span":{"file_name":"src/main.rs","byte_start":10928,"byte_end":10933,"line_start":407,"line_end":407,"column_start":47,"column_end":52,"is_primary":false,"text":[{"text":"    while let Some(chunk_res) = stream.next().await {","highlight_start":47,"highlight_end":52}],"label":null,"suggested_replacement":null,"suggestion_applicability":null,"expansion":null},"macro_decl_name":"desugaring of `await` expression","def_site_span":{"file_name":"src/main.rs","byte_start":0,"byte_end":0,"line_start":1,"line_end":1,"column_start":1,"column_end":1,"is_primary":false,"text":[],"label":null,"suggested_replacement":null,"suggestion_applicability":null,"expansion":null}}}],"children":[{"message":"the trait `Sized` is not implemented for `str`","code":null,"level":"help","spans":[],"children":[],"rendered":null},{"message":"required by an implicit `Sized` bound in `Result`","code":null,"level":"note","spans":[{"file_name":"/rustc/ed61e7d7e242494fb7057f2657300d9e77bb4fcb/library/core/src/result.rs","byte_start":20834,"byte_end":20855,"line_start":550,"line_end":550,"column_start":1,"column_end":22,"is_primary":true,"text":[],"label":null,"suggested_replacement":null,"suggestion_applicability":null,"expansion":null}],"children":[],"rendered":null}],"rendered":"\u001b[0m\u001b[1m\u001b[38;5;9merror[E0277]\u001b[0m\u001b[0m\u001b[1m: the size for values of type `str` cannot be known at compilation time\u001b[0m\n\u001b[0m   \u001b[0m\u001b[0m\u001b[1m\u001b[38;5;12m--> \u001b[0m\u001b[0msrc/main.rs:407:47\u001b[0m\n\u001b[0m    \u001b[0m\u001b[0m\u001b[1m\u001b[38;5;12m|\u001b[0m\n\u001b[0m\u001b[1m\u001b[38;5;12m407\u001b[0m\u001b[0m \u001b[0m\u001b[0m\u001b[1m\u001b[38;5;12m|\u001b[0m\u001b[0m \u001b[0m\u001b[0m    while let Some(chunk_res) = stream.next().await {\u001b[0m\n\u001b[0m    \u001b[0m\u001b[0m\u001b[1m\u001b[38;5;12m|\u001b[0m\u001b[0m                                               \u001b[0m\u001b[0m\u001b[1m\u001b[38;5;9m^^^^^\u001b[0m\u001b[0m \u001b[0m\u001b[0m\u001b[1m\u001b[38;5;9mdoesn't have a size known at compile-time\u001b[0m\n\u001b[0m    \u001b[0m\u001b[0m\u001b[1m\u001b[38;5;12m|\u001b[0m\n\u001b[0m    \u001b[0m\u001b[0m\u001b[1m\u001b[38;5;12m= \u001b[0m\u001b[0m\u001b[1mhelp\u001b[0m\u001b[0m: the trait `Sized` is not implemented for `str`\u001b[0m\n\u001b[0m\u001b[1m\u001b[38;5;10mnote\u001b[0m\u001b[0m: required by an implicit `Sized` bound in `Result`\u001b[0m\n\u001b[0m   \u001b[0m\u001b[0m\u001b[1m\u001b[38;5;12m--> \u001b[0m\u001b[0m/rustc/ed61e7d7e242494fb7057f2657300d9e77bb4fcb/library/core/src/result.rs:550:1\u001b[0m\n\n"}
{"$message_type":"diagnostic","message":"mismatched types","code":{"code":"E0308","explanation":"Expected type did not match the received type.\n\nErroneous code examples:\n\n```compile_fail,E0308\nfn plus_one(x: i32) -> i32 {\n    x + 1\n}\n\nplus_one(\"Not a number\");\n//       ^^^^^^^^^^^^^^ expected `i32`, found `&str`\n\nif \"Not a bool\" {\n// ^^^^^^^^^^^^ expected `bool`, found `&str`\n}\n\nlet x: f32 = \"Not a float\";\n//     ---   ^^^^^^^^^^^^^ expected `f32`, found `&str`\n//     |\n//     expected due to this\n```\n\nThis error occurs when an expression was used in a place where the compiler\nexpected an expression of a different type. It can occur in several cases, the\nmost common being when calling a function and passing an argument which has a\ndifferent type than the matching type in the function declaration.\n"},"level":"error","spans":[{"file_name":"src/main.rs","byte_start":18651,"byte_end":18657,"line_start":671,"line_end":671,"column_start":9,"column_end":15,"is_primary":true,"text":[{"text":"        answer","highlight_start":9,"highlight_end":15}],"label":"expected `&str`, found `Pin<Box<dyn Stream<Item = ...> + Send>>`","suggested_replacement":null,"suggestion_applicability":null,"expansion":null},{"file_name":"src/main.rs","byte_start":18651,"byte_end":18657,"line_start":671,"line_end":671,"column_start":9,"column_end":15,"is_primary":true,"text":[{"text":"        answer","highlight_start":9,"highlight_end":15}],"label":"expected due to the type of this binding","suggested_replacement":null,"suggestion_applicability":null,"expansion":null}],"children":[{"message":"expected reference `&str`\n      found struct `Pin<Box<dyn tokio_stream::Stream<Item = Result<std::string::String, std::string::String>> + std::marker::Send>>`","code":null,"level":"note","spans":[],"children":[],"rendered":null}],"rendered":"\u001b[0m\u001b[1m\u001b[38;5;9merror[E0308]\u001b[0m\u001b[0m\u001b[1m: mismatched types\u001b[0m\n\u001b[0m   \u001b[0m\u001b[0m\u001b[1m\u001b[38;5;12m--> \u001b[0m\u001b[0msrc/main.rs:671:9\u001b[0m\n\u001b[0m    \u001b[0m\u001b[0m\u001b[1m\u001b[38;5;12m|\u001b[0m\n\u001b[0m\u001b[1m\u001b[38;5;12m671\u001b[0m\u001b[0m \u001b[0m\u001b[0m\u001b[1m\u001b[38;5;12m|\u001b[0m\u001b[0m \u001b[0m\u001b[0m        answer\u001b[0m\n\u001b[0m    \u001b[0m\u001b[0m\u001b[1m\u001b[38;5;12m|\u001b[0m\u001b[0m         \u001b[0m\u001b[0m\u001b[1m\u001b[38;5;9m^^^^^^\u001b[0m\n\u001b[0m    \u001b[0m\u001b[0m\u001b[1m\u001b[38;5;12m|\u001b[0m\u001b[0m         \u001b[0m\u001b[0m\u001b[1m\u001b[38;5;9m|\u001b[0m\n\u001b[0m    \u001b[0m\u001b[0m\u001b[1m\u001b[38;5;12m|\u001b[0m\u001b[0m         \u001b[0m\u001b[0m\u001b[1m\u001b[38;5;9mexpected `&str`, found `Pin<Box<dyn Stream<Item = ...> + Send>>`\u001b[0m\n\u001b[0m    \u001b[0m\u001b[0m\u001b[1m\u001b[38;5;12m|\u001b[0m\u001b[0m         \u001b[0m\u001b[0m\u001b[1m\u001b[38;5;9mexpected due to the type of this binding\u001b[0m\n\u001b[0m    \u001b[0m\u001b[0m\u001b[1m\u001b[38;5;12m|\u001b[0m\n\u001b[0m    \u001b[0m\u001b[0m\u001b[1m\u001b[38;5;12m= \u001b[0m\u001b[0m\u001b[1mnote\u001b[0m\u001b[0m: expected reference `\u001b[0m\u001b[0m\u001b[1m\u001b[35m&str\u001b[0m\u001b[0m`\u001b[0m\n\u001b[0m                  found struct `\u001b[0m\u001b[0m\u001b[1m\u001b[35mPin<Box<dyn tokio_stream::Stream<Item = Result<std::string::String, std::string::String>> + std::marker::Send>>\u001b[0m\u001b[0m`\u001b[0m\n\n"}
{"$message_type":"diagnostic","message":"the trait bound `Pin<Box<dyn Stream<Item = Result<..., ...>> + Send>>: Encode<'_, ...>` is not satisfied","code":{"code":"E0277","explanation":"You tried to use a type which doesn't implement some trait in a place which\nexpected that trait.\n\nErroneous code example:\n\n```compile_fail,E0277\n// here we declare the Foo trait with a bar method\ntrait Foo {\n    fn bar(&self);\n}\n\n// we now declare a function which takes an object implementing the Foo trait\nfn some_func<T: Foo>(foo: T) {\n    foo.bar();\n}\n\nfn main() {\n    // we now call the method with the i32 type, which doesn't implement\n    // the Foo trait\n    some_func(5i32); // error: the trait bound `i32 : Foo` is not satisfied\n}\n```\n\nIn order to fix this error, verify that the type you're using does implement\nthe trait. Example:\n\n```\ntrait Foo {\n    fn bar(&self);\n}\n\n// we implement the trait on the i32 type\nimpl Foo for i32 {\n    fn bar(&self) {}\n}\n\nfn some_func<T: Foo>(foo: T) {\n    foo.bar(); // we can now use this method since i32 implements the\n               // Foo trait\n}\n\nfn main() {\n    some_func(5i32); // ok!\n}\n```\n\nOr in a generic context, an erroneous code example would look like:\n\n```compile_fail,E0277\nfn some_func<T>(foo: T) {\n    println!(\"{:?}\", foo); // error: the trait `core::fmt::Debug` is not\n                           //        implemented for the type `T`\n}\n\nfn main() {\n    // We now call the method with the i32 type,\n    // which *does* implement the Debug trait.\n    some_func(5i32);\n}\n```\n\nNote that the error here is in the definition of the generic function. Although\nwe only call it with a parameter that does implement `Debug`, the compiler\nstill rejects the function. It must work with all possible input types. In\norder to make this example compile, we need to restrict the generic type we're\naccepting:\n\n```\nuse std::fmt;\n\n// Restrict the input type to types that implement Debug.\nfn some_func<T: fmt::Debug>(foo: T) {\n    println!(\"{:?}\", foo);\n}\n\nfn main() {\n    // Calling the method is still fine, as i32 implements Debug.\n    some_func(5i32);\n\n    // This would fail to compile now:\n    // struct WithoutDebug;\n    // some_func(WithoutDebug);\n}\n```\n\nRust only looks at the signature of the called function, as such it must\nalready specify all requirements that will be used for every type parameter.\n"},"level":"error","spans":[{"file_name":"/Users/carl/.cargo/registry/src/index.crates.io-1949cf8c6b5b557f/sqlx-0.7.4/src/macros/mod.rs","byte_start":16656,"byte_end":16727,"line_start":332,"line_end":332,"column_start":9,"column_end":80,"is_primary":true,"text":[{"text":"        $crate::sqlx_macros::expand_query!(source = $query, args = [$($args)*])","highlight_start":9,"highlight_end":80}],"label":"the trait `Encode<'_, Postgres>` is not implemented for `Pin<Box<dyn Stream<Item = Result<String, String>> + Send>>`","suggested_replacement":null,"suggestion_applicability":null,"expansion":{"span":{"file_name":"/Users/carl/.cargo/registry/src/index.crates.io-1949cf8c6b5b557f/sqlx-0.7.4/src/macros/mod.rs","byte_start":16656,"byte_end":16727,"line_start":332,"line_end":332,"column_start":9,"column_end":80,"is_primary":false,"text":[{"text":"        $crate::sqlx_macros::expand_query!(source = $query, args = [$($args)*])","highlight_start":9,"highlight_end":80}],"label":null,"suggested_replacement":null,"suggestion_applicability":null,"expansion":{"span":{"file_name":"src/main.rs","byte_start":18324,"byte_end":18663,"line_start":659,"line_end":672,"column_start":5,"column_end":6,"is_primary":false,"text":[{"text":"    sqlx::query!(","highlight_start":5,"highlight_end":18},{"text":"        r#\"","highlight_start":1,"highlight_end":12},{"text":"        INSERT INTO chat_messages (session_id, role, content, position)","highlight_start":1,"highlight_end":72},{"text":"        VALUES (","highlight_start":1,"highlight_end":17},{"text":"            $1,","highlight_start":1,"highlight_end":16},{"text":"            $2,","highlight_start":1,"highlight_end":16},{"text":"            $3,","highlight_start":1,"highlight_end":16},{"text":"            COALESCE((SELECT MAX(position) FROM chat_messages WHERE session_id = $1), 0) + 1","highlight_start":1,"highlight_end":93},{"text":"        )","highlight_start":1,"highlight_end":10},{"text":"        \"#,","highlight_start":1,"highlight_end":12},{"text":"        session_id,","highlight_start":1,"highlight_end":20},{"text":"        \"assistant\",","highlight_start":1,"highlight_end":21},{"text":"        answer","highlight_start":1,"highlight_end":15},{"text":"    )","highlight_start":1,"highlight_end":6}],"label":null,"suggested_replacement":null,"suggestion_applicability":null,"expansion":null},"macro_decl_name":"sqlx::query!","def_site_span":{"file_name":"/Users/carl/.cargo/registry/src/index.crates.io-1949cf8c6b5b557f/sqlx-0.7.4/src/macros/mod.rs","byte_start":15748,"byte_end":15766,"line_start":318,"line_end":318,"column_start":1,"column_end":19,"is_primary":false,"text":[{"text":"macro_rules! query (","highlight_start":1,"highlight_end":19}],"label":null,"suggested_replacement":null,"suggestion_applicability":null,"expansion":null}}},"macro_decl_name":"$crate::sqlx_macros::expand_query!","def_site_span":{"file_name":"/Users/carl/.cargo/registry/src/index.crates.io-1949cf8c6b5b557f/sqlx-macros-0.7.4/src/lib.rs","byte_start":89,"byte_end":143,"line_start":8,"line_end":8,"column_start":1,"column_end":55,"is_primary":false,"text":[{"text":"pub fn expand_query(input: TokenStream) -> TokenStream {","highlight_start":1,"highlight_end":55}],"label":null,"suggested_replacement":null,"suggestion_applicability":null,"expansion":null}}}],"children":[{"message":"the following other types implement trait `Encode<'q, DB>`:\n  `&'a str` implements `Encode<'a, sqlx::Any>`\n  `&'q [u8]` implements `Encode<'q, sqlx::Any>`\n  `&T` implements `Encode<'q, DB>`\n  `&[T]` implements `Encode<'q, Postgres>`\n  `&[u8]` implements `Encode<'_, Postgres>`\n  `&str` implements `Encode<'_, Postgres>`\n  `Box<[u8]>` implements `Encode<'_, Postgres>`\n  `Box<str>` implements `Encode<'_, Postgres>`\nand 41 others","code":null,"level":"help","spans":[],"children":[],"rendered":null},{"message":"the full name for the type has been written to '/Users/carl/Documents/Code/llm_api_app/backend/target/debug/deps/backend-288f22a8c87678d5.long-type-2425749757548903998.txt'","code":null,"level":"note","spans":[],"children":[],"rendered":null},{"message":"consider using `--verbose` to print the full type name to the console","code":null,"level":"note","spans":[],"children":[],"rendered":null}],"rendered":"\u001b[0m\u001b[1m\u001b[38;5;9merror[E0277]\u001b[0m\u001b[0m\u001b[1m: the trait bound `Pin<Box<dyn Stream<Item = Result<..., ...>> + Send>>: Encode<'_, ...>` is not satisfied\u001b[0m\n\u001b[0m   \u001b[0m\u001b[0m\u001b[1m\u001b[38;5;12m--> \u001b[0m\u001b[0msrc/main.rs:659:5\u001b[0m\n\u001b[0m    \u001b[0m\u001b[0m\u001b[1m\u001b[38;5;12m|\u001b[0m\n\u001b[0m\u001b[1m\u001b[38;5;12m659\u001b[0m\u001b[0m \u001b[0m\u001b[0m\u001b[1m\u001b[38;5;12m|\u001b[0m\u001b[0m \u001b[0m\u001b[0m\u001b[1m\u001b[38;5;9m/\u001b[0m\u001b[0m \u001b[0m\u001b[0m    sqlx::query!(\u001b[0m\n\u001b[0m\u001b[1m\u001b[38;5;12m660\u001b[0m\u001b[0m \u001b[0m\u001b[0m\u001b[1m\u001b[38;5;12m|\u001b[0m\u001b[0m \u001b[0m\u001b[0m\u001b[1m\u001b[38;5;9m|\u001b[0m\u001b[0m \u001b[0m\u001b[0m        r#\"\u001b[0m\n\u001b[0m\u001b[1m\u001b[38;5;12m661\u001b[0m\u001b[0m \u001b[0m\u001b[0m\u001b[1m\u001b[38;5;12m|\u001b[0m\u001b[0m \u001b[0m\u001b[0m\u001b[1m\u001b[38;5;9m|\u001b[0m\u001b[0m \u001b[0m\u001b[0m        INSERT INTO chat_messages (session_id, role, content, position)\u001b[0m\n\u001b[0m\u001b[1m\u001b[38;5;12m662\u001b[0m\u001b[0m \u001b[0m\u001b[0m\u001b[1m\u001b[38;5;12m|\u001b[0m\u001b[0m \u001b[0m\u001b[0m\u001b[1m\u001b[38;5;9m|\u001b[0m\u001b[0m \u001b[0m\u001b[0m        VALUES (\u001b[0m\n\u001b[0m\u001b[1m\u001b[38;5;12m...\u001b[0m\u001b[0m   \u001b[0m\u001b[0m\u001b[1m\u001b[38;5;9m|\u001b[0m\n\u001b[0m\u001b[1m\u001b[38;5;12m671\u001b[0m\u001b[0m \u001b[0m\u001b[0m\u001b[1m\u001b[38;5;12m|\u001b[0m\u001b[0m \u001b[0m\u001b[0m\u001b[1m\u001b[38;5;9m|\u001b[0m\u001b[0m \u001b[0m\u001b[0m        answer\u001b[0m\n\u001b[0m\u001b[1m\u001b[38;5;12m672\u001b[0m\u001b[0m \u001b[0m\u001b[0m\u001b[1m\u001b[38;5;12m|\u001b[0m\u001b[0m \u001b[0m\u001b[0m\u001b[1m\u001b[38;5;9m|\u001b[0m\u001b[0m \u001b[0m\u001b[0m    )\u001b[0m\n\u001b[0m    \u001b[0m\u001b[0m\u001b[1m\u001b[38;5;12m|\u001b[0m\u001b[0m \u001b[0m\u001b[0m\u001b[1m\u001b[38;5;9m|_____^\u001b[0m\u001b[0m \u001b[0m\u001b[0m\u001b[1m\u001b[38;5;9mthe trait `Encode<'_, Postgres>` is not implemented for `Pin<Box<dyn Stream<Item = Result<String, String>> + Send>>`\u001b[0m\n\u001b[0m    \u001b[0m\u001b[0m\u001b[1m\u001b[38;5;12m|\u001b[0m\n\u001b[0m    \u001b[0m\u001b[0m\u001b[1m\u001b[38;5;12m= \u001b[0m\u001b[0m\u001b[1mhelp\u001b[0m\u001b[0m: the following other types implement trait `Encode<'q, DB>`:\u001b[0m\n\u001b[0m              `&'a str` implements `Encode<'a, sqlx::Any>`\u001b[0m\n\u001b[0m              `&'q [u8]` implements `Encode<'q, sqlx::Any>`\u001b[0m\n\u001b[0m              `&T` implements `Encode<'q, DB>`\u001b[0m\n\u001b[0m              `&[T]` implements `Encode<'q, Postgres>`\u001b[0m\n\u001b[0m              `&[u8]` implements `Encode<'_, Postgres>`\u001b[0m\n\u001b[0m              `&str` implements `Encode<'_, Postgres>`\u001b[0m\n\u001b[0m              `Box<[u8]>` implements `Encode<'_, Postgres>`\u001b[0m\n\u001b[0m              `Box<str>` implements `Encode<'_, Postgres>`\u001b[0m\n\u001b[0m            and 41 others\u001b[0m\n\u001b[0m    \u001b[0m\u001b[0m\u001b[1m\u001b[38;5;12m= \u001b[0m\u001b[0m\u001b[1mnote\u001b[0m\u001b[0m: the full name for the type has been written to '/Users/carl/Documents/Code/llm_api_app/backend/target/debug/deps/backend-288f22a8c87678d5.long-type-2425749757548903998.txt'\u001b[0m\n\u001b[0m    \u001b[0m\u001b[0m\u001b[1m\u001b[38;5;12m= \u001b[0m\u001b[0m\u001b[1mnote\u001b[0m\u001b[0m: consider using `--verbose` to print the full type name to the console\u001b[0m\n\u001b[0m    \u001b[0m\u001b[0m\u001b[1m\u001b[38;5;12m= \u001b[0m\u001b[0m\u001b[1mnote\u001b[0m\u001b[0m: this error originates in the macro `$crate::sqlx_macros::expand_query` which comes from the expansion of the macro `sqlx::query` (in Nightly builds, run with -Z macro-backtrace for more info)\u001b[0m\n\n"}
{"$message_type":"diagnostic","message":"the trait bound `Pin<Box<dyn Stream<Item = Result<String, String>> + Send>>: Type<...>` is not satisfied","code":{"code":"E0277","explanation":"You tried to use a type which doesn't implement some trait in a place which\nexpected that trait.\n\nErroneous code example:\n\n```compile_fail,E0277\n// here we declare the Foo trait with a bar method\ntrait Foo {\n    fn bar(&self);\n}\n\n// we now declare a function which takes an object implementing the Foo trait\nfn some_func<T: Foo>(foo: T) {\n    foo.bar();\n}\n\nfn main() {\n    // we now call the method with the i32 type, which doesn't implement\n    // the Foo trait\n    some_func(5i32); // error: the trait bound `i32 : Foo` is not satisfied\n}\n```\n\nIn order to fix this error, verify that the type you're using does implement\nthe trait. Example:\n\n```\ntrait Foo {\n    fn bar(&self);\n}\n\n// we implement the trait on the i32 type\nimpl Foo for i32 {\n    fn bar(&self) {}\n}\n\nfn some_func<T: Foo>(foo: T) {\n    foo.bar(); // we can now use this method since i32 implements the\n               // Foo trait\n}\n\nfn main() {\n    some_func(5i32); // ok!\n}\n```\n\nOr in a generic context, an erroneous code example would look like:\n\n```compile_fail,E0277\nfn some_func<T>(foo: T) {\n    println!(\"{:?}\", foo); // error: the trait `core::fmt::Debug` is not\n                           //        implemented for the type `T`\n}\n\nfn main() {\n    // We now call the method with the i32 type,\n    // which *does* implement the Debug trait.\n    some_func(5i32);\n}\n```\n\nNote that the error here is in the definition of the generic function. Although\nwe only call it with a parameter that does implement `Debug`, the compiler\nstill rejects the function. It must work with all possible input types. In\norder to make this example compile, we need to restrict the generic type we're\naccepting:\n\n```\nuse std::fmt;\n\n// Restrict the input type to types that implement Debug.\nfn some_func<T: fmt::Debug>(foo: T) {\n    println!(\"{:?}\", foo);\n}\n\nfn main() {\n    // Calling the method is still fine, as i32 implements Debug.\n    some_func(5i32);\n\n    // This would fail to compile now:\n    // struct WithoutDebug;\n    // some_func(WithoutDebug);\n}\n```\n\nRust only looks at the signature of the called function, as such it must\nalready specify all requirements that will be used for every type parameter.\n"},"level":"error","spans":[{"file_name":"/Users/carl/.cargo/registry/src/index.crates.io-1949cf8c6b5b557f/sqlx-0.7.4/src/macros/mod.rs","byte_start":16656,"byte_end":16727,"line_start":332,"line_end":332,"column_start":9,"column_end":80,"is_primary":true,"text":[{"text":"        $crate::sqlx_macros::expand_query!(source = $query, args = [$($args)*])","highlight_start":9,"highlight_end":80}],"label":"the trait `sqlx::Type<Postgres>` is not implemented for `Pin<Box<dyn Stream<Item = Result<String, String>> + Send>>`","suggested_replacement":null,"suggestion_applicability":null,"expansion":{"span":{"file_name":"/Users/carl/.cargo/registry/src/index.crates.io-1949cf8c6b5b557f/sqlx-0.7.4/src/macros/mod.rs","byte_start":16656,"byte_end":16727,"line_start":332,"line_end":332,"column_start":9,"column_end":80,"is_primary":false,"text":[{"text":"        $crate::sqlx_macros::expand_query!(source = $query, args = [$($args)*])","highlight_start":9,"highlight_end":80}],"label":null,"suggested_replacement":null,"suggestion_applicability":null,"expansion":{"span":{"file_name":"src/main.rs","byte_start":18324,"byte_end":18663,"line_start":659,"line_end":672,"column_start":5,"column_end":6,"is_primary":false,"text":[{"text":"    sqlx::query!(","highlight_start":5,"highlight_end":18},{"text":"        r#\"","highlight_start":1,"highlight_end":12},{"text":"        INSERT INTO chat_messages (session_id, role, content, position)","highlight_start":1,"highlight_end":72},{"text":"        VALUES (","highlight_start":1,"highlight_end":17},{"text":"            $1,","highlight_start":1,"highlight_end":16},{"text":"            $2,","highlight_start":1,"highlight_end":16},{"text":"            $3,","highlight_start":1,"highlight_end":16},{"text":"            COALESCE((SELECT MAX(position) FROM chat_messages WHERE session_id = $1), 0) + 1","highlight_start":1,"highlight_end":93},{"text":"        )","highlight_start":1,"highlight_end":10},{"text":"        \"#,","highlight_start":1,"highlight_end":12},{"text":"        session_id,","highlight_start":1,"highlight_end":20},{"text":"        \"assistant\",","highlight_start":1,"highlight_end":21},{"text":"        answer","highlight_start":1,"highlight_end":15},{"text":"    )","highlight_start":1,"highlight_end":6}],"label":null,"suggested_replacement":null,"suggestion_applicability":null,"expansion":null},"macro_decl_name":"sqlx::query!","def_site_span":{"file_name":"/Users/carl/.cargo/registry/src/index.crates.io-1949cf8c6b5b557f/sqlx-0.7.4/src/macros/mod.rs","byte_start":15748,"byte_end":15766,"line_start":318,"line_end":318,"column_start":1,"column_end":19,"is_primary":false,"text":[{"text":"macro_rules! query (","highlight_start":1,"highlight_end":19}],"label":null,"suggested_replacement":null,"suggestion_applicability":null,"expansion":null}}},"macro_decl_name":"$crate::sqlx_macros::expand_query!","def_site_span":{"file_name":"/Users/carl/.cargo/registry/src/index.crates.io-1949cf8c6b5b557f/sqlx-macros-0.7.4/src/lib.rs","byte_start":89,"byte_end":143,"line_start":8,"line_end":8,"column_start":1,"column_end":55,"is_primary":false,"text":[{"text":"pub fn expand_query(input: TokenStream) -> TokenStream {","highlight_start":1,"highlight_end":55}],"label":null,"suggested_replacement":null,"suggestion_applicability":null,"expansion":null}}}],"children":[{"message":"the following other types implement trait `sqlx::Type<DB>`:\n  `&T` implements `sqlx::Type<DB>`\n  `()` implements `sqlx::Type<Postgres>`\n  `(T1, T2)` implements `sqlx::Type<Postgres>`\n  `(T1, T2, T3)` implements `sqlx::Type<Postgres>`\n  `(T1, T2, T3, T4)` implements `sqlx::Type<Postgres>`\n  `(T1, T2, T3, T4, T5)` implements `sqlx::Type<Postgres>`\n  `(T1, T2, T3, T4, T5, T6)` implements `sqlx::Type<Postgres>`\n  `(T1, T2, T3, T4, T5, T6, T7)` implements `sqlx::Type<Postgres>`\nand 51 others","code":null,"level":"help","spans":[],"children":[],"rendered":null},{"message":"required for `&Pin<Box<dyn Stream<Item = Result<String, String>> + Send>>` to implement `sqlx::Type<Postgres>`","code":null,"level":"note","spans":[],"children":[],"rendered":null},{"message":"required by a bound in `sqlx::Arguments::add`","code":null,"level":"note","spans":[{"file_name":"/Users/carl/.cargo/registry/src/index.crates.io-1949cf8c6b5b557f/sqlx-core-0.7.4/src/arguments.rs","byte_start":592,"byte_end":595,"line_start":17,"line_end":17,"column_start":8,"column_end":11,"is_primary":false,"text":[{"text":"    fn add<T>(&mut self, value: T)","highlight_start":8,"highlight_end":11}],"label":"required by a bound in this associated function","suggested_replacement":null,"suggestion_applicability":null,"expansion":null},{"file_name":"/Users/carl/.cargo/registry/src/index.crates.io-1949cf8c6b5b557f/sqlx-core-0.7.4/src/arguments.rs","byte_start":682,"byte_end":702,"line_start":19,"line_end":19,"column_start":53,"column_end":73,"is_primary":true,"text":[{"text":"        T: 'q + Send + Encode<'q, Self::Database> + Type<Self::Database>;","highlight_start":53,"highlight_end":73}],"label":"required by this bound in `Arguments::add`","suggested_replacement":null,"suggestion_applicability":null,"expansion":null}],"children":[],"rendered":null},{"message":"the full name for the type has been written to '/Users/carl/Documents/Code/llm_api_app/backend/target/debug/deps/backend-288f22a8c87678d5.long-type-14829287114289955455.txt'","code":null,"level":"note","spans":[],"children":[],"rendered":null},{"message":"consider using `--verbose` to print the full type name to the console","code":null,"level":"note","spans":[],"children":[],"rendered":null},{"message":"use a unary tuple instead","code":null,"level":"help","spans":[{"file_name":"/Users/carl/.cargo/registry/src/index.crates.io-1949cf8c6b5b557f/sqlx-0.7.4/src/macros/mod.rs","byte_start":16656,"byte_end":16656,"line_start":332,"line_end":332,"column_start":9,"column_end":9,"is_primary":true,"text":[{"text":"        $crate::sqlx_macros::expand_query!(source = $query, args = [$($args)*])","highlight_start":9,"highlight_end":9}],"label":null,"suggested_replacement":"(","suggestion_applicability":"MaybeIncorrect","expansion":{"span":{"file_name":"/Users/carl/.cargo/registry/src/index.crates.io-1949cf8c6b5b557f/sqlx-0.7.4/src/macros/mod.rs","byte_start":16656,"byte_end":16727,"line_start":332,"line_end":332,"column_start":9,"column_end":80,"is_primary":false,"text":[{"text":"        $crate::sqlx_macros::expand_query!(source = $query, args = [$($args)*])","highlight_start":9,"highlight_end":80}],"label":null,"suggested_replacement":null,"suggestion_applicability":null,"expansion":{"span":{"file_name":"src/main.rs","byte_start":18324,"byte_end":18663,"line_start":659,"line_end":672,"column_start":5,"column_end":6,"is_primary":false,"text":[{"text":"    sqlx::query!(","highlight_start":5,"highlight_end":18},{"text":"        r#\"","highlight_start":1,"highlight_end":12},{"text":"        INSERT INTO chat_messages (session_id, role, content, position)","highlight_start":1,"highlight_end":72},{"text":"        VALUES (","highlight_start":1,"highlight_end":17},{"text":"            $1,","highlight_start":1,"highlight_end":16},{"text":"            $2,","highlight_start":1,"highlight_end":16},{"text":"            $3,","highlight_start":1,"highlight_end":16},{"text":"            COALESCE((SELECT MAX(position) FROM chat_messages WHERE session_id = $1), 0) + 1","highlight_start":1,"highlight_end":93},{"text":"        )","highlight_start":1,"highlight_end":10},{"text":"        \"#,","highlight_start":1,"highlight_end":12},{"text":"        session_id,","highlight_start":1,"highlight_end":20},{"text":"        \"assistant\",","highlight_start":1,"highlight_end":21},{"text":"        answer","highlight_start":1,"highlight_end":15},{"text":"    )","highlight_start":1,"highlight_end":6}],"label":null,"suggested_replacement":null,"suggestion_applicability":null,"expansion":null},"macro_decl_name":"sqlx::query!","def_site_span":{"file_name":"/Users/carl/.cargo/registry/src/index.crates.io-1949cf8c6b5b557f/sqlx-0.7.4/src/macros/mod.rs","byte_start":15748,"byte_end":15766,"line_start":318,"line_end":318,"column_start":1,"column_end":19,"is_primary":false,"text":[{"text":"macro_rules! query (","highlight_start":1,"highlight_end":19}],"label":null,"suggested_replacement":null,"suggestion_applicability":null,"expansion":null}}},"macro_decl_name":"$crate::sqlx_macros::expand_query!","def_site_span":{"file_name":"/Users/carl/.cargo/registry/src/index.crates.io-1949cf8c6b5b557f/sqlx-macros-0.7.4/src/lib.rs","byte_start":89,"byte_end":143,"line_start":8,"line_end":8,"column_start":1,"column_end":55,"is_primary":false,"text":[{"text":"pub fn expand_query(input: TokenStream) -> TokenStream {","highlight_start":1,"highlight_end":55}],"label":null,"suggested_replacement":null,"suggestion_applicability":null,"expansion":null}}},{"file_name":"/Users/carl/.cargo/registry/src/index.crates.io-1949cf8c6b5b557f/sqlx-0.7.4/src/macros/mod.rs","byte_start":16727,"byte_end":16727,"line_start":332,"line_end":332,"column_start":80,"column_end":80,"is_primary":true,"text":[{"text":"        $crate::sqlx_macros::expand_query!(source = $query, args = [$($args)*])","highlight_start":80,"highlight_end":80}],"label":null,"suggested_replacement":",)","suggestion_applicability":"MaybeIncorrect","expansion":{"span":{"file_name":"/Users/carl/.cargo/registry/src/index.crates.io-1949cf8c6b5b557f/sqlx-0.7.4/src/macros/mod.rs","byte_start":16656,"byte_end":16727,"line_start":332,"line_end":332,"column_start":9,"column_end":80,"is_primary":false,"text":[{"text":"        $crate::sqlx_macros::expand_query!(source = $query, args = [$($args)*])","highlight_start":9,"highlight_end":80}],"label":null,"suggested_replacement":null,"suggestion_applicability":null,"expansion":{"span":{"file_name":"src/main.rs","byte_start":18324,"byte_end":18663,"line_start":659,"line_end":672,"column_start":5,"column_end":6,"is_primary":false,"text":[{"text":"    sqlx::query!(","highlight_start":5,"highlight_end":18},{"text":"        r#\"","highlight_start":1,"highlight_end":12},{"text":"        INSERT INTO chat_messages (session_id, role, content, position)","highlight_start":1,"highlight_end":72},{"text":"        VALUES (","highlight_start":1,"highlight_end":17},{"text":"            $1,","highlight_start":1,"highlight_end":16},{"text":"            $2,","highlight_start":1,"highlight_end":16},{"text":"            $3,","highlight_start":1,"highlight_end":16},{"text":"            COALESCE((SELECT MAX(position) FROM chat_messages WHERE session_id = $1), 0) + 1","highlight_start":1,"highlight_end":93},{"text":"        )","highlight_start":1,"highlight_end":10},{"text":"        \"#,","highlight_start":1,"highlight_end":12},{"text":"        session_id,","highlight_start":1,"highlight_end":20},{"text":"        \"assistant\",","highlight_start":1,"highlight_end":21},{"text":"        answer","highlight_start":1,"highlight_end":15},{"text":"    )","highlight_start":1,"highlight_end":6}],"label":null,"suggested_replacement":null,"suggestion_applicability":null,"expansion":null},"macro_decl_name":"sqlx::query!","def_site_span":{"file_name":"/Users/carl/.cargo/registry/src/index.crates.io-1949cf8c6b5b557f/sqlx-0.7.4/src/macros/mod.rs","byte_start":15748,"byte_end":15766,"line_start":318,"line_end":318,"column_start":1,"column_end":19,"is_primary":false,"text":[{"text":"macro_rules! query (","highlight_start":1,"highlight_end":19}],"label":null,"suggested_replacement":null,"suggestion_applicability":null,"expansion":null}}},"macro_decl_name":"$crate::sqlx_macros::expand_query!","def_site_span":{"file_name":"/Users/carl/.cargo/registry/src/index.crates.io-1949cf8c6b5b557f/sqlx-macros-0.7.4/src/lib.rs","byte_start":89,"byte_end":143,"line_start":8,"line_end":8,"column_start":1,"column_end":55,"is_primary":false,"text":[{"text":"pub fn expand_query(input: TokenStream) -> TokenStream {","highlight_start":1,"highlight_end":55}],"label":null,"suggested_replacement":null,"suggestion_applicability":null,"expansion":null}}}],"children":[],"rendered":null}],"rendered":"\u001b[0m\u001b[1m\u001b[38;5;9merror[E0277]\u001b[0m\u001b[0m\u001b[1m: the trait bound `Pin<Box<dyn Stream<Item = Result<String, String>> + Send>>: Type<...>` is not satisfied\u001b[0m\n\u001b[0m   \u001b[0m\u001b[0m\u001b[1m\u001b[38;5;12m--> \u001b[0m\u001b[0msrc/main.rs:659:5\u001b[0m\n\u001b[0m    \u001b[0m\u001b[0m\u001b[1m\u001b[38;5;12m|\u001b[0m\n\u001b[0m\u001b[1m\u001b[38;5;12m659\u001b[0m\u001b[0m \u001b[0m\u001b[0m\u001b[1m\u001b[38;5;12m|\u001b[0m\u001b[0m \u001b[0m\u001b[0m\u001b[1m\u001b[38;5;9m/\u001b[0m\u001b[0m \u001b[0m\u001b[0m    sqlx::query!(\u001b[0m\n\u001b[0m\u001b[1m\u001b[38;5;12m660\u001b[0m\u001b[0m \u001b[0m\u001b[0m\u001b[1m\u001b[38;5;12m|\u001b[0m\u001b[0m \u001b[0m\u001b[0m\u001b[1m\u001b[38;5;9m|\u001b[0m\u001b[0m \u001b[0m\u001b[0m        r#\"\u001b[0m\n\u001b[0m\u001b[1m\u001b[38;5;12m661\u001b[0m\u001b[0m \u001b[0m\u001b[0m\u001b[1m\u001b[38;5;12m|\u001b[0m\u001b[0m \u001b[0m\u001b[0m\u001b[1m\u001b[38;5;9m|\u001b[0m\u001b[0m \u001b[0m\u001b[0m        INSERT INTO chat_messages (session_id, role, content, position)\u001b[0m\n\u001b[0m\u001b[1m\u001b[38;5;12m662\u001b[0m\u001b[0m \u001b[0m\u001b[0m\u001b[1m\u001b[38;5;12m|\u001b[0m\u001b[0m \u001b[0m\u001b[0m\u001b[1m\u001b[38;5;9m|\u001b[0m\u001b[0m \u001b[0m\u001b[0m        VALUES (\u001b[0m\n\u001b[0m\u001b[1m\u001b[38;5;12m...\u001b[0m\u001b[0m   \u001b[0m\u001b[0m\u001b[1m\u001b[38;5;9m|\u001b[0m\n\u001b[0m\u001b[1m\u001b[38;5;12m671\u001b[0m\u001b[0m \u001b[0m\u001b[0m\u001b[1m\u001b[38;5;12m|\u001b[0m\u001b[0m \u001b[0m\u001b[0m\u001b[1m\u001b[38;5;9m|\u001b[0m\u001b[0m \u001b[0m\u001b[0m        answer\u001b[0m\n\u001b[0m\u001b[1m\u001b[38;5;12m672\u001b[0m\u001b[0m \u001b[0m\u001b[0m\u001b[1m\u001b[38;5;12m|\u001b[0m\u001b[0m \u001b[0m\u001b[0m\u001b[1m\u001b[38;5;9m|\u001b[0m\u001b[0m \u001b[0m\u001b[0m    )\u001b[0m\n\u001b[0m    \u001b[0m\u001b[0m\u001b[1m\u001b[38;5;12m|\u001b[0m\u001b[0m \u001b[0m\u001b[0m\u001b[1m\u001b[38;5;9m|_____^\u001b[0m\u001b[0m \u001b[0m\u001b[0m\u001b[1m\u001b[38;5;9mthe trait `sqlx::Type<Postgres>` is not implemented for `Pin<Box<dyn Stream<Item = Result<String, String>> + Send>>`\u001b[0m\n\u001b[0m    \u001b[0m\u001b[0m\u001b[1m\u001b[38;5;12m|\u001b[0m\n\u001b[0m    \u001b[0m\u001b[0m\u001b[1m\u001b[38;5;12m= \u001b[0m\u001b[0m\u001b[1mhelp\u001b[0m\u001b[0m: the following other types implement trait `sqlx::Type<DB>`:\u001b[0m\n\u001b[0m              `&T` implements `sqlx::Type<DB>`\u001b[0m\n\u001b[0m              `()` implements `sqlx::Type<Postgres>`\u001b[0m\n\u001b[0m              `(T1, T2)` implements `sqlx::Type<Postgres>`\u001b[0m\n\u001b[0m              `(T1, T2, T3)` implements `sqlx::Type<Postgres>`\u001b[0m\n\u001b[0m              `(T1, T2, T3, T4)` implements `sqlx::Type<Postgres>`\u001b[0m\n\u001b[0m              `(T1, T2, T3, T4, T5)` implements `sqlx::Type<Postgres>`\u001b[0m\n\u001b[0m              `(T1, T2, T3, T4, T5, T6)` implements `sqlx::Type<Postgres>`\u001b[0m\n\u001b[0m              `(T1, T2, T3, T4, T5, T6, T7)` implements `sqlx::Type<Postgres>`\u001b[0m\n\u001b[0m            and 51 others\u001b[0m\n\u001b[0m    \u001b[0m\u001b[0m\u001b[1m\u001b[38;5;12m= \u001b[0m\u001b[0m\u001b[1mnote\u001b[0m\u001b[0m: required for `&Pin<Box<dyn Stream<Item = Result<String, String>> + Send>>` to implement `sqlx::Type<Postgres>`\u001b[0m\n\u001b[0m\u001b[1m\u001b[38;5;10mnote\u001b[0m\u001b[0m: required by a bound in `sqlx::Arguments::add`\u001b[0m\n\u001b[0m   \u001b[0m\u001b[0m\u001b[1m\u001b[38;5;12m--> \u001b[0m\u001b[0m/Users/carl/.cargo/registry/src/index.crates.io-1949cf8c6b5b557f/sqlx-core-0.7.4/src/arguments.rs:19:53\u001b[0m\n\u001b[0m    \u001b[0m\u001b[0m\u001b[1m\u001b[38;5;12m|\u001b[0m\n\u001b[0m \u001b[0m\u001b[0m\u001b[1m\u001b[38;5;12m17\u001b[0m\u001b[0m \u001b[0m\u001b[0m\u001b[1m\u001b[38;5;12m|\u001b[0m\u001b[0m \u001b[0m\u001b[0m    fn add<T>(&mut self, value: T)\u001b[0m\n\u001b[0m    \u001b[0m\u001b[0m\u001b[1m\u001b[38;5;12m|\u001b[0m\u001b[0m        \u001b[0m\u001b[0m\u001b[1m\u001b[38;5;12m---\u001b[0m\u001b[0m \u001b[0m\u001b[0m\u001b[1m\u001b[38;5;12mrequired by a bound in this associated function\u001b[0m\n\u001b[0m \u001b[0m\u001b[0m\u001b[1m\u001b[38;5;12m18\u001b[0m\u001b[0m \u001b[0m\u001b[0m\u001b[1m\u001b[38;5;12m|\u001b[0m\u001b[0m \u001b[0m\u001b[0m    where\u001b[0m\n\u001b[0m \u001b[0m\u001b[0m\u001b[1m\u001b[38;5;12m19\u001b[0m\u001b[0m \u001b[0m\u001b[0m\u001b[1m\u001b[38;5;12m|\u001b[0m\u001b[0m \u001b[0m\u001b[0m        T: 'q + Send + Encode<'q, Self::Database> + Type<Self::Database>;\u001b[0m\n\u001b[0m    \u001b[0m\u001b[0m\u001b[1m\u001b[38;5;12m|\u001b[0m\u001b[0m                                                     \u001b[0m\u001b[0m\u001b[1m\u001b[38;5;10m^^^^^^^^^^^^^^^^^^^^\u001b[0m\u001b[0m \u001b[0m\u001b[0m\u001b[1m\u001b[38;5;10mrequired by this bound in `Arguments::add`\u001b[0m\n\u001b[0m    \u001b[0m\u001b[0m\u001b[1m\u001b[38;5;12m= \u001b[0m\u001b[0m\u001b[1mnote\u001b[0m\u001b[0m: the full name for the type has been written to '/Users/carl/Documents/Code/llm_api_app/backend/target/debug/deps/backend-288f22a8c87678d5.long-type-14829287114289955455.txt'\u001b[0m\n\u001b[0m    \u001b[0m\u001b[0m\u001b[1m\u001b[38;5;12m= \u001b[0m\u001b[0m\u001b[1mnote\u001b[0m\u001b[0m: consider using `--verbose` to print the full type name to the console\u001b[0m\n\u001b[0m    \u001b[0m\u001b[0m\u001b[1m\u001b[38;5;12m= \u001b[0m\u001b[0m\u001b[1mnote\u001b[0m\u001b[0m: this error originates in the macro `$crate::sqlx_macros::expand_query` which comes from the expansion of the macro `sqlx::query` (in Nightly builds, run with -Z macro-backtrace for more info)\u001b[0m\n\u001b[0m\u001b[1m\u001b[38;5;14mhelp\u001b[0m\u001b[0m: use a unary tuple instead\u001b[0m\n\u001b[0m   \u001b[0m\u001b[0m\u001b[1m\u001b[38;5;12m--> \u001b[0m\u001b[0m/Users/carl/.cargo/registry/src/index.crates.io-1949cf8c6b5b557f/sqlx-0.7.4/src/macros/mod.rs:332:9\u001b[0m\n\u001b[0m    \u001b[0m\u001b[0m\u001b[1m\u001b[38;5;12m|\u001b[0m\n\u001b[0m\u001b[1m\u001b[38;5;12m332\u001b[0m\u001b[0m \u001b[0m\u001b[0m\u001b[1m\u001b[38;5;12m| \u001b[0m\u001b[0m        \u001b[0m\u001b[0m\u001b[38;5;10m(\u001b[0m\u001b[0m$crate::sqlx_macros::expand_query!(source = $query, args = [$($args)*])\u001b[0m\u001b[0m\u001b[38;5;10m,)\u001b[0m\n\u001b[0m    \u001b[0m\u001b[0m\u001b[1m\u001b[38;5;12m|\u001b[0m\u001b[0m         \u001b[0m\u001b[0m\u001b[38;5;10m+\u001b[0m\u001b[0m                                                                       \u001b[0m\u001b[0m\u001b[38;5;10m++\u001b[0m\n\n"}
{"$message_type":"diagnostic","message":"`dyn Stream<Item = Result<String, String>> + Send` cannot be shared between threads safely","code":{"code":"E0277","explanation":"You tried to use a type which doesn't implement some trait in a place which\nexpected that trait.\n\nErroneous code example:\n\n```compile_fail,E0277\n// here we declare the Foo trait with a bar method\ntrait Foo {\n    fn bar(&self);\n}\n\n// we now declare a function which takes an object implementing the Foo trait\nfn some_func<T: Foo>(foo: T) {\n    foo.bar();\n}\n\nfn main() {\n    // we now call the method with the i32 type, which doesn't implement\n    // the Foo trait\n    some_func(5i32); // error: the trait bound `i32 : Foo` is not satisfied\n}\n```\n\nIn order to fix this error, verify that the type you're using does implement\nthe trait. Example:\n\n```\ntrait Foo {\n    fn bar(&self);\n}\n\n// we implement the trait on the i32 type\nimpl Foo for i32 {\n    fn bar(&self) {}\n}\n\nfn some_func<T: Foo>(foo: T) {\n    foo.bar(); // we can now use this method since i32 implements the\n               // Foo trait\n}\n\nfn main() {\n    some_func(5i32); // ok!\n}\n```\n\nOr in a generic context, an erroneous code example would look like:\n\n```compile_fail,E0277\nfn some_func<T>(foo: T) {\n    println!(\"{:?}\", foo); // error: the trait `core::fmt::Debug` is not\n                           //        implemented for the type `T`\n}\n\nfn main() {\n    // We now call the method with the i32 type,\n    // which *does* implement the Debug trait.\n    some_func(5i32);\n}\n```\n\nNote that the error here is in the definition of the generic function. Although\nwe only call it with a parameter that does implement `Debug`, the compiler\nstill rejects the function. It must work with all possible input types. In\norder to make this example compile, we need to restrict the generic type we're\naccepting:\n\n```\nuse std::fmt;\n\n// Restrict the input type to types that implement Debug.\nfn some_func<T: fmt::Debug>(foo: T) {\n    println!(\"{:?}\", foo);\n}\n\nfn main() {\n    // Calling the method is still fine, as i32 implements Debug.\n    some_func(5i32);\n\n    // This would fail to compile now:\n    // struct WithoutDebug;\n    // some_func(WithoutDebug);\n}\n```\n\nRust only looks at the signature of the called function, as such it must\nalready specify all requirements that will be used for every type parameter.\n"},"level":"error","spans":[{"file_name":"/Users/carl/.cargo/registry/src/index.crates.io-1949cf8c6b5b557f/sqlx-0.7.4/src/macros/mod.rs","byte_start":16656,"byte_end":16727,"line_start":332,"line_end":332,"column_start":9,"column_end":80,"is_primary":true,"text":[{"text":"        $crate::sqlx_macros::expand_query!(source = $query, args = [$($args)*])","highlight_start":9,"highlight_end":80}],"label":"`dyn Stream<Item = Result<String, String>> + Send` cannot be shared between threads safely","suggested_replacement":null,"suggestion_applicability":null,"expansion":{"span":{"file_name":"/Users/carl/.cargo/registry/src/index.crates.io-1949cf8c6b5b557f/sqlx-0.7.4/src/macros/mod.rs","byte_start":16656,"byte_end":16727,"line_start":332,"line_end":332,"column_start":9,"column_end":80,"is_primary":false,"text":[{"text":"        $crate::sqlx_macros::expand_query!(source = $query, args = [$($args)*])","highlight_start":9,"highlight_end":80}],"label":null,"suggested_replacement":null,"suggestion_applicability":null,"expansion":{"span":{"file_name":"src/main.rs","byte_start":18324,"byte_end":18663,"line_start":659,"line_end":672,"column_start":5,"column_end":6,"is_primary":false,"text":[{"text":"    sqlx::query!(","highlight_start":5,"highlight_end":18},{"text":"        r#\"","highlight_start":1,"highlight_end":12},{"text":"        INSERT INTO chat_messages (session_id, role, content, position)","highlight_start":1,"highlight_end":72},{"text":"        VALUES (","highlight_start":1,"highlight_end":17},{"text":"            $1,","highlight_start":1,"highlight_end":16},{"text":"            $2,","highlight_start":1,"highlight_end":16},{"text":"            $3,","highlight_start":1,"highlight_end":16},{"text":"            COALESCE((SELECT MAX(position) FROM chat_messages WHERE session_id = $1), 0) + 1","highlight_start":1,"highlight_end":93},{"text":"        )","highlight_start":1,"highlight_end":10},{"text":"        \"#,","highlight_start":1,"highlight_end":12},{"text":"        session_id,","highlight_start":1,"highlight_end":20},{"text":"        \"assistant\",","highlight_start":1,"highlight_end":21},{"text":"        answer","highlight_start":1,"highlight_end":15},{"text":"    )","highlight_start":1,"highlight_end":6}],"label":null,"suggested_replacement":null,"suggestion_applicability":null,"expansion":null},"macro_decl_name":"sqlx::query!","def_site_span":{"file_name":"/Users/carl/.cargo/registry/src/index.crates.io-1949cf8c6b5b557f/sqlx-0.7.4/src/macros/mod.rs","byte_start":15748,"byte_end":15766,"line_start":318,"line_end":318,"column_start":1,"column_end":19,"is_primary":false,"text":[{"text":"macro_rules! query (","highlight_start":1,"highlight_end":19}],"label":null,"suggested_replacement":null,"suggestion_applicability":null,"expansion":null}}},"macro_decl_name":"$crate::sqlx_macros::expand_query!","def_site_span":{"file_name":"/Users/carl/.cargo/registry/src/index.crates.io-1949cf8c6b5b557f/sqlx-macros-0.7.4/src/lib.rs","byte_start":89,"byte_end":143,"line_start":8,"line_end":8,"column_start":1,"column_end":55,"is_primary":false,"text":[{"text":"pub fn expand_query(input: TokenStream) -> TokenStream {","highlight_start":1,"highlight_end":55}],"label":null,"suggested_replacement":null,"suggestion_applicability":null,"expansion":null}}}],"children":[{"message":"the trait `Sync` is not implemented for `dyn Stream<Item = Result<String, String>> + Send`","code":null,"level":"help","spans":[],"children":[],"rendered":null},{"message":"required for `Unique<dyn Stream<Item = Result<String, String>> + Send>` to implement `Sync`","code":null,"level":"note","spans":[],"children":[],"rendered":null},{"message":"required because it appears within the type `Box<dyn Stream<Item = Result<String, String>> + Send>`","code":null,"level":"note","spans":[{"file_name":"/rustc/ed61e7d7e242494fb7057f2657300d9e77bb4fcb/library/alloc/src/boxed.rs","byte_start":8950,"byte_end":8953,"line_start":231,"line_end":231,"column_start":12,"column_end":15,"is_primary":true,"text":[],"label":null,"suggested_replacement":null,"suggestion_applicability":null,"expansion":null}],"children":[],"rendered":null},{"message":"required because it appears within the type `Pin<Box<dyn Stream<Item = Result<String, String>> + Send>>`","code":null,"level":"note","spans":[{"file_name":"/rustc/ed61e7d7e242494fb7057f2657300d9e77bb4fcb/library/core/src/pin.rs","byte_start":59029,"byte_end":59032,"line_start":1094,"line_end":1094,"column_start":12,"column_end":15,"is_primary":true,"text":[],"label":null,"suggested_replacement":null,"suggestion_applicability":null,"expansion":null}],"children":[],"rendered":null},{"message":"required for `&Pin<Box<dyn Stream<Item = Result<String, String>> + Send>>` to implement `std::marker::Send`","code":null,"level":"note","spans":[],"children":[],"rendered":null},{"message":"required by a bound in `sqlx::Arguments::add`","code":null,"level":"note","spans":[{"file_name":"/Users/carl/.cargo/registry/src/index.crates.io-1949cf8c6b5b557f/sqlx-core-0.7.4/src/arguments.rs","byte_start":592,"byte_end":595,"line_start":17,"line_end":17,"column_start":8,"column_end":11,"is_primary":false,"text":[{"text":"    fn add<T>(&mut self, value: T)","highlight_start":8,"highlight_end":11}],"label":"required by a bound in this associated function","suggested_replacement":null,"suggestion_applicability":null,"expansion":null},{"file_name":"/Users/carl/.cargo/registry/src/index.crates.io-1949cf8c6b5b557f/sqlx-core-0.7.4/src/arguments.rs","byte_start":646,"byte_end":650,"line_start":19,"line_end":19,"column_start":17,"column_end":21,"is_primary":true,"text":[{"text":"        T: 'q + Send + Encode<'q, Self::Database> + Type<Self::Database>;","highlight_start":17,"highlight_end":21}],"label":"required by this bound in `Arguments::add`","suggested_replacement":null,"suggestion_applicability":null,"expansion":null}],"children":[],"rendered":null},{"message":"the full name for the type has been written to '/Users/carl/Documents/Code/llm_api_app/backend/target/debug/deps/backend-288f22a8c87678d5.long-type-18402557743648228361.txt'","code":null,"level":"note","spans":[],"children":[],"rendered":null},{"message":"consider using `--verbose` to print the full type name to the console","code":null,"level":"note","spans":[],"children":[],"rendered":null}],"rendered":"\u001b[0m\u001b[1m\u001b[38;5;9merror[E0277]\u001b[0m\u001b[0m\u001b[1m: `dyn Stream<Item = Result<String, String>> + Send` cannot be shared between threads safely\u001b[0m\n\u001b[0m   \u001b[0m\u001b[0m\u001b[1m\u001b[38;5;12m--> \u001b[0m\u001b[0msrc/main.rs:659:5\u001b[0m\n\u001b[0m    \u001b[0m\u001b[0m\u001b[1m\u001b[38;5;12m|\u001b[0m\n\u001b[0m\u001b[1m\u001b[38;5;12m659\u001b[0m\u001b[0m \u001b[0m\u001b[0m\u001b[1m\u001b[38;5;12m|\u001b[0m\u001b[0m \u001b[0m\u001b[0m\u001b[1m\u001b[38;5;9m/\u001b[0m\u001b[0m \u001b[0m\u001b[0m    sqlx::query!(\u001b[0m\n\u001b[0m\u001b[1m\u001b[38;5;12m660\u001b[0m\u001b[0m \u001b[0m\u001b[0m\u001b[1m\u001b[38;5;12m|\u001b[0m\u001b[0m \u001b[0m\u001b[0m\u001b[1m\u001b[38;5;9m|\u001b[0m\u001b[0m \u001b[0m\u001b[0m        r#\"\u001b[0m\n\u001b[0m\u001b[1m\u001b[38;5;12m661\u001b[0m\u001b[0m \u001b[0m\u001b[0m\u001b[1m\u001b[38;5;12m|\u001b[0m\u001b[0m \u001b[0m\u001b[0m\u001b[1m\u001b[38;5;9m|\u001b[0m\u001b[0m \u001b[0m\u001b[0m        INSERT INTO chat_messages (session_id, role, content, position)\u001b[0m\n\u001b[0m\u001b[1m\u001b[38;5;12m662\u001b[0m\u001b[0m \u001b[0m\u001b[0m\u001b[1m\u001b[38;5;12m|\u001b[0m\u001b[0m \u001b[0m\u001b[0m\u001b[1m\u001b[38;5;9m|\u001b[0m\u001b[0m \u001b[0m\u001b[0m        VALUES (\u001b[0m\n\u001b[0m\u001b[1m\u001b[38;5;12m...\u001b[0m\u001b[0m   \u001b[0m\u001b[0m\u001b[1m\u001b[38;5;9m|\u001b[0m\n\u001b[0m\u001b[1m\u001b[38;5;12m671\u001b[0m\u001b[0m \u001b[0m\u001b[0m\u001b[1m\u001b[38;5;12m|\u001b[0m\u001b[0m \u001b[0m\u001b[0m\u001b[1m\u001b[38;5;9m|\u001b[0m\u001b[0m \u001b[0m\u001b[0m        answer\u001b[0m\n\u001b[0m\u001b[1m\u001b[38;5;12m672\u001b[0m\u001b[0m \u001b[0m\u001b[0m\u001b[1m\u001b[38;5;12m|\u001b[0m\u001b[0m \u001b[0m\u001b[0m\u001b[1m\u001b[38;5;9m|\u001b[0m\u001b[0m \u001b[0m\u001b[0m    )\u001b[0m\n\u001b[0m    \u001b[0m\u001b[0m\u001b[1m\u001b[38;5;12m|\u001b[0m\u001b[0m \u001b[0m\u001b[0m\u001b[1m\u001b[38;5;9m|_____^\u001b[0m\u001b[0m \u001b[0m\u001b[0m\u001b[1m\u001b[38;5;9m`dyn Stream<Item = Result<String, String>> + Send` cannot be shared between threads safely\u001b[0m\n\u001b[0m    \u001b[0m\u001b[0m\u001b[1m\u001b[38;5;12m|\u001b[0m\n\u001b[0m    \u001b[0m\u001b[0m\u001b[1m\u001b[38;5;12m= \u001b[0m\u001b[0m\u001b[1mhelp\u001b[0m\u001b[0m: the trait `Sync` is not implemented for `dyn Stream<Item = Result<String, String>> + Send`\u001b[0m\n\u001b[0m    \u001b[0m\u001b[0m\u001b[1m\u001b[38;5;12m= \u001b[0m\u001b[0m\u001b[1mnote\u001b[0m\u001b[0m: required for `Unique<dyn Stream<Item = Result<String, String>> + Send>` to implement `Sync`\u001b[0m\n\u001b[0m\u001b[1m\u001b[38;5;10mnote\u001b[0m\u001b[0m: required because it appears within the type `Box<dyn Stream<Item = Result<String, String>> + Send>`\u001b[0m\n\u001b[0m   \u001b[0m\u001b[0m\u001b[1m\u001b[38;5;12m--> \u001b[0m\u001b[0m/rustc/ed61e7d7e242494fb7057f2657300d9e77bb4fcb/library/alloc/src/boxed.rs:231:12\u001b[0m\n\u001b[0m\u001b[1m\u001b[38;5;10mnote\u001b[0m\u001b[0m: required because it appears within the type `Pin<Box<dyn Stream<Item = Result<String, String>> + Send>>`\u001b[0m\n\u001b[0m   \u001b[0m\u001b[0m\u001b[1m\u001b[38;5;12m--> \u001b[0m\u001b[0m/rustc/ed61e7d7e242494fb7057f2657300d9e77bb4fcb/library/core/src/pin.rs:1094:12\u001b[0m\n\u001b[0m    \u001b[0m\u001b[0m\u001b[1m\u001b[38;5;12m= \u001b[0m\u001b[0m\u001b[1mnote\u001b[0m\u001b[0m: required for `&Pin<Box<dyn Stream<Item = Result<String, String>> + Send>>` to implement `std::marker::Send`\u001b[0m\n\u001b[0m\u001b[1m\u001b[38;5;10mnote\u001b[0m\u001b[0m: required by a bound in `sqlx::Arguments::add`\u001b[0m\n\u001b[0m   \u001b[0m\u001b[0m\u001b[1m\u001b[38;5;12m--> \u001b[0m\u001b[0m/Users/carl/.cargo/registry/src/index.crates.io-1949cf8c6b5b557f/sqlx-core-0.7.4/src/arguments.rs:19:17\u001b[0m\n\u001b[0m    \u001b[0m\u001b[0m\u001b[1m\u001b[38;5;12m|\u001b[0m\n\u001b[0m \u001b[0m\u001b[0m\u001b[1m\u001b[38;5;12m17\u001b[0m\u001b[0m \u001b[0m\u001b[0m\u001b[1m\u001b[38;5;12m|\u001b[0m\u001b[0m \u001b[0m\u001b[0m    fn add<T>(&mut self, value: T)\u001b[0m\n\u001b[0m    \u001b[0m\u001b[0m\u001b[1m\u001b[38;5;12m|\u001b[0m\u001b[0m        \u001b[0m\u001b[0m\u001b[1m\u001b[38;5;12m---\u001b[0m\u001b[0m \u001b[0m\u001b[0m\u001b[1m\u001b[38;5;12mrequired by a bound in this associated function\u001b[0m\n\u001b[0m \u001b[0m\u001b[0m\u001b[1m\u001b[38;5;12m18\u001b[0m\u001b[0m \u001b[0m\u001b[0m\u001b[1m\u001b[38;5;12m|\u001b[0m\u001b[0m \u001b[0m\u001b[0m    where\u001b[0m\n\u001b[0m \u001b[0m\u001b[0m\u001b[1m\u001b[38;5;12m19\u001b[0m\u001b[0m \u001b[0m\u001b[0m\u001b[1m\u001b[38;5;12m|\u001b[0m\u001b[0m \u001b[0m\u001b[0m        T: 'q + Send + Encode<'q, Self::Database> + Type<Self::Database>;\u001b[0m\n\u001b[0m    \u001b[0m\u001b[0m\u001b[1m\u001b[38;5;12m|\u001b[0m\u001b[0m                 \u001b[0m\u001b[0m\u001b[1m\u001b[38;5;10m^^^^\u001b[0m\u001b[0m \u001b[0m\u001b[0m\u001b[1m\u001b[38;5;10mrequired by this bound in `Arguments::add`\u001b[0m\n\u001b[0m    \u001b[0m\u001b[0m\u001b[1m\u001b[38;5;12m= \u001b[0m\u001b[0m\u001b[1mnote\u001b[0m\u001b[0m: the full name for the type has been written to '/Users/carl/Documents/Code/llm_api_app/backend/target/debug/deps/backend-288f22a8c87678d5.long-type-18402557743648228361.txt'\u001b[0m\n\u001b[0m    \u001b[0m\u001b[0m\u001b[1m\u001b[38;5;12m= \u001b[0m\u001b[0m\u001b[1mnote\u001b[0m\u001b[0m: consider using `--verbose` to print the full type name to the console\u001b[0m\n\u001b[0m    \u001b[0m\u001b[0m\u001b[1m\u001b[38;5;12m= \u001b[0m\u001b[0m\u001b[1mnote\u001b[0m\u001b[0m: this error originates in the macro `$crate::sqlx_macros::expand_query` which comes from the expansion of the macro `sqlx::query` (in Nightly builds, run with -Z macro-backtrace for more info)\u001b[0m\n\n"}
{"$message_type":"diagnostic","message":"multiple applicable items in scope","code":{"code":"E0034","explanation":"The compiler doesn't know what method to call because more than one method\nhas the same prototype.\n\nErroneous code example:\n\n```compile_fail,E0034\nstruct Test;\n\ntrait Trait1 {\n    fn foo();\n}\n\ntrait Trait2 {\n    fn foo();\n}\n\nimpl Trait1 for Test { fn foo() {} }\nimpl Trait2 for Test { fn foo() {} }\n\nfn main() {\n    Test::foo() // error, which foo() to call?\n}\n```\n\nTo avoid this error, you have to keep only one of them and remove the others.\nSo let's take our example and fix it:\n\n```\nstruct Test;\n\ntrait Trait1 {\n    fn foo();\n}\n\nimpl Trait1 for Test { fn foo() {} }\n\nfn main() {\n    Test::foo() // and now that's good!\n}\n```\n\nHowever, a better solution would be using fully explicit naming of type and\ntrait:\n\n```\nstruct Test;\n\ntrait Trait1 {\n    fn foo();\n}\n\ntrait Trait2 {\n    fn foo();\n}\n\nimpl Trait1 for Test { fn foo() {} }\nimpl Trait2 for Test { fn foo() {} }\n\nfn main() {\n    <Test as Trait1>::foo()\n}\n```\n\nOne last example:\n\n```\ntrait F {\n    fn m(&self);\n}\n\ntrait G {\n    fn m(&self);\n}\n\nstruct X;\n\nimpl F for X { fn m(&self) { println!(\"I am F\"); } }\nimpl G for X { fn m(&self) { println!(\"I am G\"); } }\n\nfn main() {\n    let f = X;\n\n    F::m(&f); // it displays \"I am F\"\n    G::m(&f); // it displays \"I am G\"\n}\n```\n"},"level":"error","spans":[{"file_name":"src/main.rs","byte_start":24524,"byte_end":24528,"line_start":879,"line_end":879,"column_start":44,"column_end":48,"is_primary":true,"text":[{"text":"        while let Some(chunk_res) = stream.next().await {","highlight_start":44,"highlight_end":48}],"label":"multiple `next` found","suggested_replacement":null,"suggestion_applicability":null,"expansion":null}],"children":[{"message":"candidate #1 is defined in an impl of the trait `tokio_stream::StreamExt` for the type `St`","code":null,"level":"note","spans":[],"children":[],"rendered":null},{"message":"candidate #2 is defined in an impl of the trait `futures::StreamExt` for the type `T`","code":null,"level":"note","spans":[],"children":[],"rendered":null},{"message":"disambiguate the method for candidate #1","code":null,"level":"help","spans":[{"file_name":"src/main.rs","byte_start":24517,"byte_end":24530,"line_start":879,"line_end":879,"column_start":37,"column_end":50,"is_primary":true,"text":[{"text":"        while let Some(chunk_res) = stream.next().await {","highlight_start":37,"highlight_end":50}],"label":null,"suggested_replacement":"tokio_stream::StreamExt::next(&mut stream)","suggestion_applicability":"HasPlaceholders","expansion":null}],"children":[],"rendered":null},{"message":"disambiguate the method for candidate #2","code":null,"level":"help","spans":[{"file_name":"src/main.rs","byte_start":24517,"byte_end":24530,"line_start":879,"line_end":879,"column_start":37,"column_end":50,"is_primary":true,"text":[{"text":"        while let Some(chunk_res) = stream.next().await {","highlight_start":37,"highlight_end":50}],"label":null,"suggested_replacement":"futures::StreamExt::next(&mut stream)","suggestion_applicability":"HasPlaceholders","expansion":null}],"children":[],"rendered":null}],"rendered":"\u001b[0m\u001b[1m\u001b[38;5;9merror[E0034]\u001b[0m\u001b[0m\u001b[1m: multiple applicable items in scope\u001b[0m\n\u001b[0m   \u001b[0m\u001b[0m\u001b[1m\u001b[38;5;12m--> \u001b[0m\u001b[0msrc/main.rs:879:44\u001b[0m\n\u001b[0m    \u001b[0m\u001b[0m\u001b[1m\u001b[38;5;12m|\u001b[0m\n\u001b[0m\u001b[1m\u001b[38;5;12m879\u001b[0m\u001b[0m \u001b[0m\u001b[0m\u001b[1m\u001b[38;5;12m|\u001b[0m\u001b[0m \u001b[0m\u001b[0m        while let Some(chunk_res) = stream.next().await {\u001b[0m\n\u001b[0m    \u001b[0m\u001b[0m\u001b[1m\u001b[38;5;12m|\u001b[0m\u001b[0m                                            \u001b[0m\u001b[0m\u001b[1m\u001b[38;5;9m^^^^\u001b[0m\u001b[0m \u001b[0m\u001b[0m\u001b[1m\u001b[38;5;9mmultiple `next` found\u001b[0m\n\u001b[0m    \u001b[0m\u001b[0m\u001b[1m\u001b[38;5;12m|\u001b[0m\n\u001b[0m    \u001b[0m\u001b[0m\u001b[1m\u001b[38;5;12m= \u001b[0m\u001b[0m\u001b[1mnote\u001b[0m\u001b[0m: candidate #1 is defined in an impl of the trait `tokio_stream::StreamExt` for the type `St`\u001b[0m\n\u001b[0m    \u001b[0m\u001b[0m\u001b[1m\u001b[38;5;12m= \u001b[0m\u001b[0m\u001b[1mnote\u001b[0m\u001b[0m: candidate #2 is defined in an impl of the trait `futures::StreamExt` for the type `T`\u001b[0m\n\u001b[0m\u001b[1m\u001b[38;5;14mhelp\u001b[0m\u001b[0m: disambiguate the method for candidate #1\u001b[0m\n\u001b[0m    \u001b[0m\u001b[0m\u001b[1m\u001b[38;5;12m|\u001b[0m\n\u001b[0m\u001b[1m\u001b[38;5;12m879\u001b[0m\u001b[0m \u001b[0m\u001b[0m\u001b[38;5;9m- \u001b[0m\u001b[0m        while let Some(chunk_res) = \u001b[0m\u001b[0m\u001b[38;5;9mstream.next()\u001b[0m\u001b[0m.await {\u001b[0m\n\u001b[0m\u001b[1m\u001b[38;5;12m879\u001b[0m\u001b[0m \u001b[0m\u001b[0m\u001b[38;5;10m+ \u001b[0m\u001b[0m        while let Some(chunk_res) = \u001b[0m\u001b[0m\u001b[38;5;10mtokio_stream::StreamExt::next(&mut stream)\u001b[0m\u001b[0m.await {\u001b[0m\n\u001b[0m    \u001b[0m\u001b[0m\u001b[1m\u001b[38;5;12m|\u001b[0m\n\u001b[0m\u001b[1m\u001b[38;5;14mhelp\u001b[0m\u001b[0m: disambiguate the method for candidate #2\u001b[0m\n\u001b[0m    \u001b[0m\u001b[0m\u001b[1m\u001b[38;5;12m|\u001b[0m\n\u001b[0m\u001b[1m\u001b[38;5;12m879\u001b[0m\u001b[0m \u001b[0m\u001b[0m\u001b[38;5;9m- \u001b[0m\u001b[0m        while let Some(chunk_res) = \u001b[0m\u001b[0m\u001b[38;5;9mstream.next()\u001b[0m\u001b[0m.await {\u001b[0m\n\u001b[0m\u001b[1m\u001b[38;5;12m879\u001b[0m\u001b[0m \u001b[0m\u001b[0m\u001b[38;5;10m+ \u001b[0m\u001b[0m        while let Some(chunk_res) = \u001b[0m\u001b[0m\u001b[38;5;10mfutures::StreamExt::next(&mut stream)\u001b[0m\u001b[0m.await {\u001b[0m\n\u001b[0m    \u001b[0m\u001b[0m\u001b[1m\u001b[38;5;12m|\u001b[0m\n\n"}
{"$message_type":"diagnostic","message":"the size for values of type `str` cannot be known at compilation time","code":{"code":"E0277","explanation":"You tried to use a type which doesn't implement some trait in a place which\nexpected that trait.\n\nErroneous code example:\n\n```compile_fail,E0277\n// here we declare the Foo trait with a bar method\ntrait Foo {\n    fn bar(&self);\n}\n\n// we now declare a function which takes an object implementing the Foo trait\nfn some_func<T: Foo>(foo: T) {\n    foo.bar();\n}\n\nfn main() {\n    // we now call the method with the i32 type, which doesn't implement\n    // the Foo trait\n    some_func(5i32); // error: the trait bound `i32 : Foo` is not satisfied\n}\n```\n\nIn order to fix this error, verify that the type you're using does implement\nthe trait. Example:\n\n```\ntrait Foo {\n    fn bar(&self);\n}\n\n// we implement the trait on the i32 type\nimpl Foo for i32 {\n    fn bar(&self) {}\n}\n\nfn some_func<T: Foo>(foo: T) {\n    foo.bar(); // we can now use this method since i32 implements the\n               // Foo trait\n}\n\nfn main() {\n    some_func(5i32); // ok!\n}\n```\n\nOr in a generic context, an erroneous code example would look like:\n\n```compile_fail,E0277\nfn some_func<T>(foo: T) {\n    println!(\"{:?}\", foo); // error: the trait `core::fmt::Debug` is not\n                           //        implemented for the type `T`\n}\n\nfn main() {\n    // We now call the method with the i32 type,\n    // which *does* implement the Debug trait.\n    some_func(5i32);\n}\n```\n\nNote that the error here is in the definition of the generic function. Although\nwe only call it with a parameter that does implement `Debug`, the compiler\nstill rejects the function. It must work with all possible input types. In\norder to make this example compile, we need to restrict the generic type we're\naccepting:\n\n```\nuse std::fmt;\n\n// Restrict the input type to types that implement Debug.\nfn some_func<T: fmt::Debug>(foo: T) {\n    println!(\"{:?}\", foo);\n}\n\nfn main() {\n    // Calling the method is still fine, as i32 implements Debug.\n    some_func(5i32);\n\n    // This would fail to compile now:\n    // struct WithoutDebug;\n    // some_func(WithoutDebug);\n}\n```\n\nRust only looks at the signature of the called function, as such it must\nalready specify all requirements that will be used for every type parameter.\n"},"level":"error","spans":[{"file_name":"src/main.rs","byte_start":24588,"byte_end":24593,"line_start":881,"line_end":881,"column_start":20,"column_end":25,"is_primary":true,"text":[{"text":"                Ok(chunk) => {","highlight_start":20,"highlight_end":25}],"label":"doesn't have a size known at compile-time","suggested_replacement":null,"suggestion_applicability":null,"expansion":null}],"children":[{"message":"the trait `Sized` is not implemented for `str`","code":null,"level":"help","spans":[],"children":[],"rendered":null},{"message":"all local variables must have a statically known size","code":null,"level":"note","spans":[],"children":[],"rendered":null}],"rendered":"\u001b[0m\u001b[1m\u001b[38;5;9merror[E0277]\u001b[0m\u001b[0m\u001b[1m: the size for values of type `str` cannot be known at compilation time\u001b[0m\n\u001b[0m   \u001b[0m\u001b[0m\u001b[1m\u001b[38;5;12m--> \u001b[0m\u001b[0msrc/main.rs:881:20\u001b[0m\n\u001b[0m    \u001b[0m\u001b[0m\u001b[1m\u001b[38;5;12m|\u001b[0m\n\u001b[0m\u001b[1m\u001b[38;5;12m881\u001b[0m\u001b[0m \u001b[0m\u001b[0m\u001b[1m\u001b[38;5;12m|\u001b[0m\u001b[0m \u001b[0m\u001b[0m                Ok(chunk) => {\u001b[0m\n\u001b[0m    \u001b[0m\u001b[0m\u001b[1m\u001b[38;5;12m|\u001b[0m\u001b[0m                    \u001b[0m\u001b[0m\u001b[1m\u001b[38;5;9m^^^^^\u001b[0m\u001b[0m \u001b[0m\u001b[0m\u001b[1m\u001b[38;5;9mdoesn't have a size known at compile-time\u001b[0m\n\u001b[0m    \u001b[0m\u001b[0m\u001b[1m\u001b[38;5;12m|\u001b[0m\n\u001b[0m    \u001b[0m\u001b[0m\u001b[1m\u001b[38;5;12m= \u001b[0m\u001b[0m\u001b[1mhelp\u001b[0m\u001b[0m: the trait `Sized` is not implemented for `str`\u001b[0m\n\u001b[0m    \u001b[0m\u001b[0m\u001b[1m\u001b[38;5;12m= \u001b[0m\u001b[0m\u001b[1mnote\u001b[0m\u001b[0m: all local variables must have a statically known size\u001b[0m\n\n"}
{"$message_type":"diagnostic","message":"the size for values of type `str` cannot be known at compilation time","code":{"code":"E0277","explanation":"You tried to use a type which doesn't implement some trait in a place which\nexpected that trait.\n\nErroneous code example:\n\n```compile_fail,E0277\n// here we declare the Foo trait with a bar method\ntrait Foo {\n    fn bar(&self);\n}\n\n// we now declare a function which takes an object implementing the Foo trait\nfn some_func<T: Foo>(foo: T) {\n    foo.bar();\n}\n\nfn main() {\n    // we now call the method with the i32 type, which doesn't implement\n    // the Foo trait\n    some_func(5i32); // error: the trait bound `i32 : Foo` is not satisfied\n}\n```\n\nIn order to fix this error, verify that the type you're using does implement\nthe trait. Example:\n\n```\ntrait Foo {\n    fn bar(&self);\n}\n\n// we implement the trait on the i32 type\nimpl Foo for i32 {\n    fn bar(&self) {}\n}\n\nfn some_func<T: Foo>(foo: T) {\n    foo.bar(); // we can now use this method since i32 implements the\n               // Foo trait\n}\n\nfn main() {\n    some_func(5i32); // ok!\n}\n```\n\nOr in a generic context, an erroneous code example would look like:\n\n```compile_fail,E0277\nfn some_func<T>(foo: T) {\n    println!(\"{:?}\", foo); // error: the trait `core::fmt::Debug` is not\n                           //        implemented for the type `T`\n}\n\nfn main() {\n    // We now call the method with the i32 type,\n    // which *does* implement the Debug trait.\n    some_func(5i32);\n}\n```\n\nNote that the error here is in the definition of the generic function. Although\nwe only call it with a parameter that does implement `Debug`, the compiler\nstill rejects the function. It must work with all possible input types. In\norder to make this example compile, we need to restrict the generic type we're\naccepting:\n\n```\nuse std::fmt;\n\n// Restrict the input type to types that implement Debug.\nfn some_func<T: fmt::Debug>(foo: T) {\n    println!(\"{:?}\", foo);\n}\n\nfn main() {\n    // Calling the method is still fine, as i32 implements Debug.\n    some_func(5i32);\n\n    // This would fail to compile now:\n    // struct WithoutDebug;\n    // some_func(WithoutDebug);\n}\n```\n\nRust only looks at the signature of the called function, as such it must\nalready specify all requirements that will be used for every type parameter.\n"},"level":"error","spans":[{"file_name":"src/main.rs","byte_start":24585,"byte_end":24594,"line_start":881,"line_end":881,"column_start":17,"column_end":26,"is_primary":true,"text":[{"text":"                Ok(chunk) => {","highlight_start":17,"highlight_end":26}],"label":"doesn't have a size known at compile-time","suggested_replacement":null,"suggestion_applicability":null,"expansion":null}],"children":[{"message":"the trait `Sized` is not implemented for `str`","code":null,"level":"help","spans":[],"children":[],"rendered":null},{"message":"required by a bound in `std::prelude::v1::Ok`","code":null,"level":"note","spans":[{"file_name":"/rustc/ed61e7d7e242494fb7057f2657300d9e77bb4fcb/library/core/src/result.rs","byte_start":20966,"byte_end":20968,"line_start":554,"line_end":554,"column_start":5,"column_end":7,"is_primary":true,"text":[],"label":null,"suggested_replacement":null,"suggestion_applicability":null,"expansion":null}],"children":[],"rendered":null}],"rendered":"\u001b[0m\u001b[1m\u001b[38;5;9merror[E0277]\u001b[0m\u001b[0m\u001b[1m: the size for values of type `str` cannot be known at compilation time\u001b[0m\n\u001b[0m   \u001b[0m\u001b[0m\u001b[1m\u001b[38;5;12m--> \u001b[0m\u001b[0msrc/main.rs:881:17\u001b[0m\n\u001b[0m    \u001b[0m\u001b[0m\u001b[1m\u001b[38;5;12m|\u001b[0m\n\u001b[0m\u001b[1m\u001b[38;5;12m881\u001b[0m\u001b[0m \u001b[0m\u001b[0m\u001b[1m\u001b[38;5;12m|\u001b[0m\u001b[0m \u001b[0m\u001b[0m                Ok(chunk) => {\u001b[0m\n\u001b[0m    \u001b[0m\u001b[0m\u001b[1m\u001b[38;5;12m|\u001b[0m\u001b[0m                 \u001b[0m\u001b[0m\u001b[1m\u001b[38;5;9m^^^^^^^^^\u001b[0m\u001b[0m \u001b[0m\u001b[0m\u001b[1m\u001b[38;5;9mdoesn't have a size known at compile-time\u001b[0m\n\u001b[0m    \u001b[0m\u001b[0m\u001b[1m\u001b[38;5;12m|\u001b[0m\n\u001b[0m    \u001b[0m\u001b[0m\u001b[1m\u001b[38;5;12m= \u001b[0m\u001b[0m\u001b[1mhelp\u001b[0m\u001b[0m: the trait `Sized` is not implemented for `str`\u001b[0m\n\u001b[0m\u001b[1m\u001b[38;5;10mnote\u001b[0m\u001b[0m: required by a bound in `std::prelude::v1::Ok`\u001b[0m\n\u001b[0m   \u001b[0m\u001b[0m\u001b[1m\u001b[38;5;12m--> \u001b[0m\u001b[0m/rustc/ed61e7d7e242494fb7057f2657300d9e77bb4fcb/library/core/src/result.rs:554:5\u001b[0m\n\n"}
{"$message_type":"diagnostic","message":"the size for values of type `str` cannot be known at compilation time","code":{"code":"E0277","explanation":"You tried to use a type which doesn't implement some trait in a place which\nexpected that trait.\n\nErroneous code example:\n\n```compile_fail,E0277\n// here we declare the Foo trait with a bar method\ntrait Foo {\n    fn bar(&self);\n}\n\n// we now declare a function which takes an object implementing the Foo trait\nfn some_func<T: Foo>(foo: T) {\n    foo.bar();\n}\n\nfn main() {\n    // we now call the method with the i32 type, which doesn't implement\n    // the Foo trait\n    some_func(5i32); // error: the trait bound `i32 : Foo` is not satisfied\n}\n```\n\nIn order to fix this error, verify that the type you're using does implement\nthe trait. Example:\n\n```\ntrait Foo {\n    fn bar(&self);\n}\n\n// we implement the trait on the i32 type\nimpl Foo for i32 {\n    fn bar(&self) {}\n}\n\nfn some_func<T: Foo>(foo: T) {\n    foo.bar(); // we can now use this method since i32 implements the\n               // Foo trait\n}\n\nfn main() {\n    some_func(5i32); // ok!\n}\n```\n\nOr in a generic context, an erroneous code example would look like:\n\n```compile_fail,E0277\nfn some_func<T>(foo: T) {\n    println!(\"{:?}\", foo); // error: the trait `core::fmt::Debug` is not\n                           //        implemented for the type `T`\n}\n\nfn main() {\n    // We now call the method with the i32 type,\n    // which *does* implement the Debug trait.\n    some_func(5i32);\n}\n```\n\nNote that the error here is in the definition of the generic function. Although\nwe only call it with a parameter that does implement `Debug`, the compiler\nstill rejects the function. It must work with all possible input types. In\norder to make this example compile, we need to restrict the generic type we're\naccepting:\n\n```\nuse std::fmt;\n\n// Restrict the input type to types that implement Debug.\nfn some_func<T: fmt::Debug>(foo: T) {\n    println!(\"{:?}\", foo);\n}\n\nfn main() {\n    // Calling the method is still fine, as i32 implements Debug.\n    some_func(5i32);\n\n    // This would fail to compile now:\n    // struct WithoutDebug;\n    // some_func(WithoutDebug);\n}\n```\n\nRust only looks at the signature of the called function, as such it must\nalready specify all requirements that will be used for every type parameter.\n"},"level":"error","spans":[{"file_name":"src/main.rs","byte_start":25326,"byte_end":25334,"line_start":899,"line_end":899,"column_start":17,"column_end":25,"is_primary":true,"text":[{"text":"                Err(err) => {","highlight_start":17,"highlight_end":25}],"label":"doesn't have a size known at compile-time","suggested_replacement":null,"suggestion_applicability":null,"expansion":null}],"children":[{"message":"the trait `Sized` is not implemented for `str`","code":null,"level":"help","spans":[],"children":[],"rendered":null},{"message":"required by a bound in `Err`","code":null,"level":"note","spans":[{"file_name":"/rustc/ed61e7d7e242494fb7057f2657300d9e77bb4fcb/library/core/src/result.rs","byte_start":21127,"byte_end":21130,"line_start":559,"line_end":559,"column_start":5,"column_end":8,"is_primary":true,"text":[],"label":null,"suggested_replacement":null,"suggestion_applicability":null,"expansion":null}],"children":[],"rendered":null}],"rendered":"\u001b[0m\u001b[1m\u001b[38;5;9merror[E0277]\u001b[0m\u001b[0m\u001b[1m: the size for values of type `str` cannot be known at compilation time\u001b[0m\n\u001b[0m   \u001b[0m\u001b[0m\u001b[1m\u001b[38;5;12m--> \u001b[0m\u001b[0msrc/main.rs:899:17\u001b[0m\n\u001b[0m    \u001b[0m\u001b[0m\u001b[1m\u001b[38;5;12m|\u001b[0m\n\u001b[0m\u001b[1m\u001b[38;5;12m899\u001b[0m\u001b[0m \u001b[0m\u001b[0m\u001b[1m\u001b[38;5;12m|\u001b[0m\u001b[0m \u001b[0m\u001b[0m                Err(err) => {\u001b[0m\n\u001b[0m    \u001b[0m\u001b[0m\u001b[1m\u001b[38;5;12m|\u001b[0m\u001b[0m                 \u001b[0m\u001b[0m\u001b[1m\u001b[38;5;9m^^^^^^^^\u001b[0m\u001b[0m \u001b[0m\u001b[0m\u001b[1m\u001b[38;5;9mdoesn't have a size known at compile-time\u001b[0m\n\u001b[0m    \u001b[0m\u001b[0m\u001b[1m\u001b[38;5;12m|\u001b[0m\n\u001b[0m    \u001b[0m\u001b[0m\u001b[1m\u001b[38;5;12m= \u001b[0m\u001b[0m\u001b[1mhelp\u001b[0m\u001b[0m: the trait `Sized` is not implemented for `str`\u001b[0m\n\u001b[0m\u001b[1m\u001b[38;5;10mnote\u001b[0m\u001b[0m: required by a bound in `Err`\u001b[0m\n\u001b[0m   \u001b[0m\u001b[0m\u001b[1m\u001b[38;5;12m--> \u001b[0m\u001b[0m/rustc/ed61e7d7e242494fb7057f2657300d9e77bb4fcb/library/core/src/result.rs:559:5\u001b[0m\n\n"}
{"$message_type":"diagnostic","message":"the size for values of type `str` cannot be known at compilation time","code":{"code":"E0277","explanation":"You tried to use a type which doesn't implement some trait in a place which\nexpected that trait.\n\nErroneous code example:\n\n```compile_fail,E0277\n// here we declare the Foo trait with a bar method\ntrait Foo {\n    fn bar(&self);\n}\n\n// we now declare a function which takes an object implementing the Foo trait\nfn some_func<T: Foo>(foo: T) {\n    foo.bar();\n}\n\nfn main() {\n    // we now call the method with the i32 type, which doesn't implement\n    // the Foo trait\n    some_func(5i32); // error: the trait bound `i32 : Foo` is not satisfied\n}\n```\n\nIn order to fix this error, verify that the type you're using does implement\nthe trait. Example:\n\n```\ntrait Foo {\n    fn bar(&self);\n}\n\n// we implement the trait on the i32 type\nimpl Foo for i32 {\n    fn bar(&self) {}\n}\n\nfn some_func<T: Foo>(foo: T) {\n    foo.bar(); // we can now use this method since i32 implements the\n               // Foo trait\n}\n\nfn main() {\n    some_func(5i32); // ok!\n}\n```\n\nOr in a generic context, an erroneous code example would look like:\n\n```compile_fail,E0277\nfn some_func<T>(foo: T) {\n    println!(\"{:?}\", foo); // error: the trait `core::fmt::Debug` is not\n                           //        implemented for the type `T`\n}\n\nfn main() {\n    // We now call the method with the i32 type,\n    // which *does* implement the Debug trait.\n    some_func(5i32);\n}\n```\n\nNote that the error here is in the definition of the generic function. Although\nwe only call it with a parameter that does implement `Debug`, the compiler\nstill rejects the function. It must work with all possible input types. In\norder to make this example compile, we need to restrict the generic type we're\naccepting:\n\n```\nuse std::fmt;\n\n// Restrict the input type to types that implement Debug.\nfn some_func<T: fmt::Debug>(foo: T) {\n    println!(\"{:?}\", foo);\n}\n\nfn main() {\n    // Calling the method is still fine, as i32 implements Debug.\n    some_func(5i32);\n\n    // This would fail to compile now:\n    // struct WithoutDebug;\n    // some_func(WithoutDebug);\n}\n```\n\nRust only looks at the signature of the called function, as such it must\nalready specify all requirements that will be used for every type parameter.\n"},"level":"error","spans":[{"file_name":"src/main.rs","byte_start":24531,"byte_end":24536,"line_start":879,"line_end":879,"column_start":51,"column_end":56,"is_primary":true,"text":[{"text":"        while let Some(chunk_res) = stream.next().await {","highlight_start":51,"highlight_end":56}],"label":"doesn't have a size known at compile-time","suggested_replacement":null,"suggestion_applicability":null,"expansion":{"span":{"file_name":"src/main.rs","byte_start":24531,"byte_end":24536,"line_start":879,"line_end":879,"column_start":51,"column_end":56,"is_primary":false,"text":[{"text":"        while let Some(chunk_res) = stream.next().await {","highlight_start":51,"highlight_end":56}],"label":null,"suggested_replacement":null,"suggestion_applicability":null,"expansion":null},"macro_decl_name":"desugaring of `await` expression","def_site_span":{"file_name":"src/main.rs","byte_start":0,"byte_end":0,"line_start":1,"line_end":1,"column_start":1,"column_end":1,"is_primary":false,"text":[],"label":null,"suggested_replacement":null,"suggestion_applicability":null,"expansion":null}}}],"children":[{"message":"the trait `Sized` is not implemented for `str`","code":null,"level":"help","spans":[],"children":[],"rendered":null},{"message":"required by an implicit `Sized` bound in `Result`","code":null,"level":"note","spans":[{"file_name":"/rustc/ed61e7d7e242494fb7057f2657300d9e77bb4fcb/library/core/src/result.rs","byte_start":20834,"byte_end":20855,"line_start":550,"line_end":550,"column_start":1,"column_end":22,"is_primary":true,"text":[],"label":null,"suggested_replacement":null,"suggestion_applicability":null,"expansion":null}],"children":[],"rendered":null}],"rendered":"\u001b[0m\u001b[1m\u001b[38;5;9merror[E0277]\u001b[0m\u001b[0m\u001b[1m: the size for values of type `str` cannot be known at compilation time\u001b[0m\n\u001b[0m   \u001b[0m\u001b[0m\u001b[1m\u001b[38;5;12m--> \u001b[0m\u001b[0msrc/main.rs:879:51\u001b[0m\n\u001b[0m    \u001b[0m\u001b[0m\u001b[1m\u001b[38;5;12m|\u001b[0m\n\u001b[0m\u001b[1m\u001b[38;5;12m879\u001b[0m\u001b[0m \u001b[0m\u001b[0m\u001b[1m\u001b[38;5;12m|\u001b[0m\u001b[0m \u001b[0m\u001b[0m        while let Some(chunk_res) = stream.next().await {\u001b[0m\n\u001b[0m    \u001b[0m\u001b[0m\u001b[1m\u001b[38;5;12m|\u001b[0m\u001b[0m                                                   \u001b[0m\u001b[0m\u001b[1m\u001b[38;5;9m^^^^^\u001b[0m\u001b[0m \u001b[0m\u001b[0m\u001b[1m\u001b[38;5;9mdoesn't have a size known at compile-time\u001b[0m\n\u001b[0m    \u001b[0m\u001b[0m\u001b[1m\u001b[38;5;12m|\u001b[0m\n\u001b[0m    \u001b[0m\u001b[0m\u001b[1m\u001b[38;5;12m= \u001b[0m\u001b[0m\u001b[1mhelp\u001b[0m\u001b[0m: the trait `Sized` is not implemented for `str`\u001b[0m\n\u001b[0m\u001b[1m\u001b[38;5;10mnote\u001b[0m\u001b[0m: required by an implicit `Sized` bound in `Result`\u001b[0m\n\u001b[0m   \u001b[0m\u001b[0m\u001b[1m\u001b[38;5;12m--> \u001b[0m\u001b[0m/rustc/ed61e7d7e242494fb7057f2657300d9e77bb4fcb/library/core/src/result.rs:550:1\u001b[0m\n\n"}
{"$message_type":"diagnostic","message":"multiple applicable items in scope","code":{"code":"E0034","explanation":"The compiler doesn't know what method to call because more than one method\nhas the same prototype.\n\nErroneous code example:\n\n```compile_fail,E0034\nstruct Test;\n\ntrait Trait1 {\n    fn foo();\n}\n\ntrait Trait2 {\n    fn foo();\n}\n\nimpl Trait1 for Test { fn foo() {} }\nimpl Trait2 for Test { fn foo() {} }\n\nfn main() {\n    Test::foo() // error, which foo() to call?\n}\n```\n\nTo avoid this error, you have to keep only one of them and remove the others.\nSo let's take our example and fix it:\n\n```\nstruct Test;\n\ntrait Trait1 {\n    fn foo();\n}\n\nimpl Trait1 for Test { fn foo() {} }\n\nfn main() {\n    Test::foo() // and now that's good!\n}\n```\n\nHowever, a better solution would be using fully explicit naming of type and\ntrait:\n\n```\nstruct Test;\n\ntrait Trait1 {\n    fn foo();\n}\n\ntrait Trait2 {\n    fn foo();\n}\n\nimpl Trait1 for Test { fn foo() {} }\nimpl Trait2 for Test { fn foo() {} }\n\nfn main() {\n    <Test as Trait1>::foo()\n}\n```\n\nOne last example:\n\n```\ntrait F {\n    fn m(&self);\n}\n\ntrait G {\n    fn m(&self);\n}\n\nstruct X;\n\nimpl F for X { fn m(&self) { println!(\"I am F\"); } }\nimpl G for X { fn m(&self) { println!(\"I am G\"); } }\n\nfn main() {\n    let f = X;\n\n    F::m(&f); // it displays \"I am F\"\n    G::m(&f); // it displays \"I am G\"\n}\n```\n"},"level":"error","spans":[{"file_name":"src/main.rs","byte_start":26977,"byte_end":26980,"line_start":948,"line_end":948,"column_start":42,"column_end":45,"is_primary":true,"text":[{"text":"    let stream = ReceiverStream::new(rx).map(|event| Ok(event));","highlight_start":42,"highlight_end":45}],"label":"multiple `map` found","suggested_replacement":null,"suggestion_applicability":null,"expansion":null}],"children":[{"message":"candidate #1 is defined in an impl of the trait `tokio_stream::StreamExt` for the type `St`","code":null,"level":"note","spans":[],"children":[],"rendered":null},{"message":"candidate #2 is defined in an impl of the trait `futures::StreamExt` for the type `T`","code":null,"level":"note","spans":[],"children":[],"rendered":null},{"message":"disambiguate the method for candidate #1","code":null,"level":"help","spans":[{"file_name":"src/main.rs","byte_start":26953,"byte_end":26999,"line_start":948,"line_end":948,"column_start":18,"column_end":64,"is_primary":true,"text":[{"text":"    let stream = ReceiverStream::new(rx).map(|event| Ok(event));","highlight_start":18,"highlight_end":64}],"label":null,"suggested_replacement":"tokio_stream::StreamExt::map(ReceiverStream::new(rx), |event| Ok(event))","suggestion_applicability":"HasPlaceholders","expansion":null}],"children":[],"rendered":null},{"message":"disambiguate the method for candidate #2","code":null,"level":"help","spans":[{"file_name":"src/main.rs","byte_start":26953,"byte_end":26999,"line_start":948,"line_end":948,"column_start":18,"column_end":64,"is_primary":true,"text":[{"text":"    let stream = ReceiverStream::new(rx).map(|event| Ok(event));","highlight_start":18,"highlight_end":64}],"label":null,"suggested_replacement":"futures::StreamExt::map(ReceiverStream::new(rx), |event| Ok(event))","suggestion_applicability":"HasPlaceholders","expansion":null}],"children":[],"rendered":null}],"rendered":"\u001b[0m\u001b[1m\u001b[38;5;9merror[E0034]\u001b[0m\u001b[0m\u001b[1m: multiple applicable items in scope\u001b[0m\n\u001b[0m   \u001b[0m\u001b[0m\u001b[1m\u001b[38;5;12m--> \u001b[0m\u001b[0msrc/main.rs:948:42\u001b[0m\n\u001b[0m    \u001b[0m\u001b[0m\u001b[1m\u001b[38;5;12m|\u001b[0m\n\u001b[0m\u001b[1m\u001b[38;5;12m948\u001b[0m\u001b[0m \u001b[0m\u001b[0m\u001b[1m\u001b[38;5;12m|\u001b[0m\u001b[0m \u001b[0m\u001b[0m    let stream = ReceiverStream::new(rx).map(|event| Ok(event));\u001b[0m\n\u001b[0m    \u001b[0m\u001b[0m\u001b[1m\u001b[38;5;12m|\u001b[0m\u001b[0m                                          \u001b[0m\u001b[0m\u001b[1m\u001b[38;5;9m^^^\u001b[0m\u001b[0m \u001b[0m\u001b[0m\u001b[1m\u001b[38;5;9mmultiple `map` found\u001b[0m\n\u001b[0m    \u001b[0m\u001b[0m\u001b[1m\u001b[38;5;12m|\u001b[0m\n\u001b[0m    \u001b[0m\u001b[0m\u001b[1m\u001b[38;5;12m= \u001b[0m\u001b[0m\u001b[1mnote\u001b[0m\u001b[0m: candidate #1 is defined in an impl of the trait `tokio_stream::StreamExt` for the type `St`\u001b[0m\n\u001b[0m    \u001b[0m\u001b[0m\u001b[1m\u001b[38;5;12m= \u001b[0m\u001b[0m\u001b[1mnote\u001b[0m\u001b[0m: candidate #2 is defined in an impl of the trait `futures::StreamExt` for the type `T`\u001b[0m\n\u001b[0m\u001b[1m\u001b[38;5;14mhelp\u001b[0m\u001b[0m: disambiguate the method for candidate #1\u001b[0m\n\u001b[0m    \u001b[0m\u001b[0m\u001b[1m\u001b[38;5;12m|\u001b[0m\n\u001b[0m\u001b[1m\u001b[38;5;12m948\u001b[0m\u001b[0m \u001b[0m\u001b[0m\u001b[38;5;9m- \u001b[0m\u001b[0m    let stream = \u001b[0m\u001b[0m\u001b[38;5;9mReceiverStream::new(rx).map(|event| Ok(event))\u001b[0m\u001b[0m;\u001b[0m\n\u001b[0m\u001b[1m\u001b[38;5;12m948\u001b[0m\u001b[0m \u001b[0m\u001b[0m\u001b[38;5;10m+ \u001b[0m\u001b[0m    let stream = \u001b[0m\u001b[0m\u001b[38;5;10mtokio_stream::StreamExt::map(ReceiverStream::new(rx), |event| Ok(event))\u001b[0m\u001b[0m;\u001b[0m\n\u001b[0m    \u001b[0m\u001b[0m\u001b[1m\u001b[38;5;12m|\u001b[0m\n\u001b[0m\u001b[1m\u001b[38;5;14mhelp\u001b[0m\u001b[0m: disambiguate the method for candidate #2\u001b[0m\n\u001b[0m    \u001b[0m\u001b[0m\u001b[1m\u001b[38;5;12m|\u001b[0m\n\u001b[0m\u001b[1m\u001b[38;5;12m948\u001b[0m\u001b[0m \u001b[0m\u001b[0m\u001b[38;5;9m- \u001b[0m\u001b[0m    let stream = \u001b[0m\u001b[0m\u001b[38;5;9mReceiverStream::new(rx).map(|event| Ok(event))\u001b[0m\u001b[0m;\u001b[0m\n\u001b[0m\u001b[1m\u001b[38;5;12m948\u001b[0m\u001b[0m \u001b[0m\u001b[0m\u001b[38;5;10m+ \u001b[0m\u001b[0m    let stream = \u001b[0m\u001b[0m\u001b[38;5;10mfutures::StreamExt::map(ReceiverStream::new(rx), |event| Ok(event))\u001b[0m\u001b[0m;\u001b[0m\n\u001b[0m    \u001b[0m\u001b[0m\u001b[1m\u001b[38;5;12m|\u001b[0m\n\n"}
{"$message_type":"diagnostic","message":"mismatched types","code":{"code":"E0308","explanation":"Expected type did not match the received type.\n\nErroneous code examples:\n\n```compile_fail,E0308\nfn plus_one(x: i32) -> i32 {\n    x + 1\n}\n\nplus_one(\"Not a number\");\n//       ^^^^^^^^^^^^^^ expected `i32`, found `&str`\n\nif \"Not a bool\" {\n// ^^^^^^^^^^^^ expected `bool`, found `&str`\n}\n\nlet x: f32 = \"Not a float\";\n//     ---   ^^^^^^^^^^^^^ expected `f32`, found `&str`\n//     |\n//     expected due to this\n```\n\nThis error occurs when an expression was used in a place where the compiler\nexpected an expression of a different type. It can occur in several cases, the\nmost common being when calling a function and passing an argument which has a\ndifferent type than the matching type in the function declaration.\n"},"level":"error","spans":[{"file_name":"src/main.rs","byte_start":29742,"byte_end":29748,"line_start":1036,"line_end":1036,"column_start":9,"column_end":15,"is_primary":true,"text":[{"text":"        answer","highlight_start":9,"highlight_end":15}],"label":"expected `&str`, found `Pin<Box<dyn Stream<Item = ...> + Send>>`","suggested_replacement":null,"suggestion_applicability":null,"expansion":null},{"file_name":"src/main.rs","byte_start":29742,"byte_end":29748,"line_start":1036,"line_end":1036,"column_start":9,"column_end":15,"is_primary":true,"text":[{"text":"        answer","highlight_start":9,"highlight_end":15}],"label":"expected due to the type of this binding","suggested_replacement":null,"suggestion_applicability":null,"expansion":null}],"children":[{"message":"expected reference `&str`\n      found struct `Pin<Box<dyn tokio_stream::Stream<Item = Result<std::string::String, std::string::String>> + std::marker::Send>>`","code":null,"level":"note","spans":[],"children":[],"rendered":null}],"rendered":"\u001b[0m\u001b[1m\u001b[38;5;9merror[E0308]\u001b[0m\u001b[0m\u001b[1m: mismatched types\u001b[0m\n\u001b[0m    \u001b[0m\u001b[0m\u001b[1m\u001b[38;5;12m--> \u001b[0m\u001b[0msrc/main.rs:1036:9\u001b[0m\n\u001b[0m     \u001b[0m\u001b[0m\u001b[1m\u001b[38;5;12m|\u001b[0m\n\u001b[0m\u001b[1m\u001b[38;5;12m1036\u001b[0m\u001b[0m \u001b[0m\u001b[0m\u001b[1m\u001b[38;5;12m|\u001b[0m\u001b[0m \u001b[0m\u001b[0m        answer\u001b[0m\n\u001b[0m     \u001b[0m\u001b[0m\u001b[1m\u001b[38;5;12m|\u001b[0m\u001b[0m         \u001b[0m\u001b[0m\u001b[1m\u001b[38;5;9m^^^^^^\u001b[0m\n\u001b[0m     \u001b[0m\u001b[0m\u001b[1m\u001b[38;5;12m|\u001b[0m\u001b[0m         \u001b[0m\u001b[0m\u001b[1m\u001b[38;5;9m|\u001b[0m\n\u001b[0m     \u001b[0m\u001b[0m\u001b[1m\u001b[38;5;12m|\u001b[0m\u001b[0m         \u001b[0m\u001b[0m\u001b[1m\u001b[38;5;9mexpected `&str`, found `Pin<Box<dyn Stream<Item = ...> + Send>>`\u001b[0m\n\u001b[0m     \u001b[0m\u001b[0m\u001b[1m\u001b[38;5;12m|\u001b[0m\u001b[0m         \u001b[0m\u001b[0m\u001b[1m\u001b[38;5;9mexpected due to the type of this binding\u001b[0m\n\u001b[0m     \u001b[0m\u001b[0m\u001b[1m\u001b[38;5;12m|\u001b[0m\n\u001b[0m     \u001b[0m\u001b[0m\u001b[1m\u001b[38;5;12m= \u001b[0m\u001b[0m\u001b[1mnote\u001b[0m\u001b[0m: expected reference `\u001b[0m\u001b[0m\u001b[1m\u001b[35m&str\u001b[0m\u001b[0m`\u001b[0m\n\u001b[0m                   found struct `\u001b[0m\u001b[0m\u001b[1m\u001b[35mPin<Box<dyn tokio_stream::Stream<Item = Result<std::string::String, std::string::String>> + std::marker::Send>>\u001b[0m\u001b[0m`\u001b[0m\n\n"}
{"$message_type":"diagnostic","message":"the trait bound `Pin<Box<dyn Stream<Item = Result<..., ...>> + Send>>: Encode<'_, ...>` is not satisfied","code":{"code":"E0277","explanation":"You tried to use a type which doesn't implement some trait in a place which\nexpected that trait.\n\nErroneous code example:\n\n```compile_fail,E0277\n// here we declare the Foo trait with a bar method\ntrait Foo {\n    fn bar(&self);\n}\n\n// we now declare a function which takes an object implementing the Foo trait\nfn some_func<T: Foo>(foo: T) {\n    foo.bar();\n}\n\nfn main() {\n    // we now call the method with the i32 type, which doesn't implement\n    // the Foo trait\n    some_func(5i32); // error: the trait bound `i32 : Foo` is not satisfied\n}\n```\n\nIn order to fix this error, verify that the type you're using does implement\nthe trait. Example:\n\n```\ntrait Foo {\n    fn bar(&self);\n}\n\n// we implement the trait on the i32 type\nimpl Foo for i32 {\n    fn bar(&self) {}\n}\n\nfn some_func<T: Foo>(foo: T) {\n    foo.bar(); // we can now use this method since i32 implements the\n               // Foo trait\n}\n\nfn main() {\n    some_func(5i32); // ok!\n}\n```\n\nOr in a generic context, an erroneous code example would look like:\n\n```compile_fail,E0277\nfn some_func<T>(foo: T) {\n    println!(\"{:?}\", foo); // error: the trait `core::fmt::Debug` is not\n                           //        implemented for the type `T`\n}\n\nfn main() {\n    // We now call the method with the i32 type,\n    // which *does* implement the Debug trait.\n    some_func(5i32);\n}\n```\n\nNote that the error here is in the definition of the generic function. Although\nwe only call it with a parameter that does implement `Debug`, the compiler\nstill rejects the function. It must work with all possible input types. In\norder to make this example compile, we need to restrict the generic type we're\naccepting:\n\n```\nuse std::fmt;\n\n// Restrict the input type to types that implement Debug.\nfn some_func<T: fmt::Debug>(foo: T) {\n    println!(\"{:?}\", foo);\n}\n\nfn main() {\n    // Calling the method is still fine, as i32 implements Debug.\n    some_func(5i32);\n\n    // This would fail to compile now:\n    // struct WithoutDebug;\n    // some_func(WithoutDebug);\n}\n```\n\nRust only looks at the signature of the called function, as such it must\nalready specify all requirements that will be used for every type parameter.\n"},"level":"error","spans":[{"file_name":"/Users/carl/.cargo/registry/src/index.crates.io-1949cf8c6b5b557f/sqlx-0.7.4/src/macros/mod.rs","byte_start":16656,"byte_end":16727,"line_start":332,"line_end":332,"column_start":9,"column_end":80,"is_primary":true,"text":[{"text":"        $crate::sqlx_macros::expand_query!(source = $query, args = [$($args)*])","highlight_start":9,"highlight_end":80}],"label":"the trait `Encode<'_, Postgres>` is not implemented for `Pin<Box<dyn Stream<Item = Result<String, String>> + Send>>`","suggested_replacement":null,"suggestion_applicability":null,"expansion":{"span":{"file_name":"/Users/carl/.cargo/registry/src/index.crates.io-1949cf8c6b5b557f/sqlx-0.7.4/src/macros/mod.rs","byte_start":16656,"byte_end":16727,"line_start":332,"line_end":332,"column_start":9,"column_end":80,"is_primary":false,"text":[{"text":"        $crate::sqlx_macros::expand_query!(source = $query, args = [$($args)*])","highlight_start":9,"highlight_end":80}],"label":null,"suggested_replacement":null,"suggestion_applicability":null,"expansion":{"span":{"file_name":"src/main.rs","byte_start":29600,"byte_end":29754,"line_start":1029,"line_end":1037,"column_start":5,"column_end":6,"is_primary":false,"text":[{"text":"    sqlx::query!(","highlight_start":5,"highlight_end":18},{"text":"        r#\"","highlight_start":1,"highlight_end":12},{"text":"        UPDATE chat_messages","highlight_start":1,"highlight_end":29},{"text":"        SET content = $2","highlight_start":1,"highlight_end":25},{"text":"        WHERE id = $1","highlight_start":1,"highlight_end":22},{"text":"        \"#,","highlight_start":1,"highlight_end":12},{"text":"        message_id,","highlight_start":1,"highlight_end":20},{"text":"        answer","highlight_start":1,"highlight_end":15},{"text":"    )","highlight_start":1,"highlight_end":6}],"label":null,"suggested_replacement":null,"suggestion_applicability":null,"expansion":null},"macro_decl_name":"sqlx::query!","def_site_span":{"file_name":"/Users/carl/.cargo/registry/src/index.crates.io-1949cf8c6b5b557f/sqlx-0.7.4/src/macros/mod.rs","byte_start":15748,"byte_end":15766,"line_start":318,"line_end":318,"column_start":1,"column_end":19,"is_primary":false,"text":[{"text":"macro_rules! query (","highlight_start":1,"highlight_end":19}],"label":null,"suggested_replacement":null,"suggestion_applicability":null,"expansion":null}}},"macro_decl_name":"$crate::sqlx_macros::expand_query!","def_site_span":{"file_name":"/Users/carl/.cargo/registry/src/index.crates.io-1949cf8c6b5b557f/sqlx-macros-0.7.4/src/lib.rs","byte_start":89,"byte_end":143,"line_start":8,"line_end":8,"column_start":1,"column_end":55,"is_primary":false,"text":[{"text":"pub fn expand_query(input: TokenStream) -> TokenStream {","highlight_start":1,"highlight_end":55}],"label":null,"suggested_replacement":null,"suggestion_applicability":null,"expansion":null}}}],"children":[{"message":"the following other types implement trait `Encode<'q, DB>`:\n  `&'a str` implements `Encode<'a, sqlx::Any>`\n  `&'q [u8]` implements `Encode<'q, sqlx::Any>`\n  `&T` implements `Encode<'q, DB>`\n  `&[T]` implements `Encode<'q, Postgres>`\n  `&[u8]` implements `Encode<'_, Postgres>`\n  `&str` implements `Encode<'_, Postgres>`\n  `Box<[u8]>` implements `Encode<'_, Postgres>`\n  `Box<str>` implements `Encode<'_, Postgres>`\nand 41 others","code":null,"level":"help","spans":[],"children":[],"rendered":null},{"message":"the full name for the type has been written to '/Users/carl/Documents/Code/llm_api_app/backend/target/debug/deps/backend-288f22a8c87678d5.long-type-9930311724674070596.txt'","code":null,"level":"note","spans":[],"children":[],"rendered":null},{"message":"consider using `--verbose` to print the full type name to the console","code":null,"level":"note","spans":[],"children":[],"rendered":null}],"rendered":"\u001b[0m\u001b[1m\u001b[38;5;9merror[E0277]\u001b[0m\u001b[0m\u001b[1m: the trait bound `Pin<Box<dyn Stream<Item = Result<..., ...>> + Send>>: Encode<'_, ...>` is not satisfied\u001b[0m\n\u001b[0m    \u001b[0m\u001b[0m\u001b[1m\u001b[38;5;12m--> \u001b[0m\u001b[0msrc/main.rs:1029:5\u001b[0m\n\u001b[0m     \u001b[0m\u001b[0m\u001b[1m\u001b[38;5;12m|\u001b[0m\n\u001b[0m\u001b[1m\u001b[38;5;12m1029\u001b[0m\u001b[0m \u001b[0m\u001b[0m\u001b[1m\u001b[38;5;12m|\u001b[0m\u001b[0m \u001b[0m\u001b[0m\u001b[1m\u001b[38;5;9m/\u001b[0m\u001b[0m \u001b[0m\u001b[0m    sqlx::query!(\u001b[0m\n\u001b[0m\u001b[1m\u001b[38;5;12m1030\u001b[0m\u001b[0m \u001b[0m\u001b[0m\u001b[1m\u001b[38;5;12m|\u001b[0m\u001b[0m \u001b[0m\u001b[0m\u001b[1m\u001b[38;5;9m|\u001b[0m\u001b[0m \u001b[0m\u001b[0m        r#\"\u001b[0m\n\u001b[0m\u001b[1m\u001b[38;5;12m1031\u001b[0m\u001b[0m \u001b[0m\u001b[0m\u001b[1m\u001b[38;5;12m|\u001b[0m\u001b[0m \u001b[0m\u001b[0m\u001b[1m\u001b[38;5;9m|\u001b[0m\u001b[0m \u001b[0m\u001b[0m        UPDATE chat_messages\u001b[0m\n\u001b[0m\u001b[1m\u001b[38;5;12m1032\u001b[0m\u001b[0m \u001b[0m\u001b[0m\u001b[1m\u001b[38;5;12m|\u001b[0m\u001b[0m \u001b[0m\u001b[0m\u001b[1m\u001b[38;5;9m|\u001b[0m\u001b[0m \u001b[0m\u001b[0m        SET content = $2\u001b[0m\n\u001b[0m\u001b[1m\u001b[38;5;12m...\u001b[0m\u001b[0m    \u001b[0m\u001b[0m\u001b[1m\u001b[38;5;9m|\u001b[0m\n\u001b[0m\u001b[1m\u001b[38;5;12m1036\u001b[0m\u001b[0m \u001b[0m\u001b[0m\u001b[1m\u001b[38;5;12m|\u001b[0m\u001b[0m \u001b[0m\u001b[0m\u001b[1m\u001b[38;5;9m|\u001b[0m\u001b[0m \u001b[0m\u001b[0m        answer\u001b[0m\n\u001b[0m\u001b[1m\u001b[38;5;12m1037\u001b[0m\u001b[0m \u001b[0m\u001b[0m\u001b[1m\u001b[38;5;12m|\u001b[0m\u001b[0m \u001b[0m\u001b[0m\u001b[1m\u001b[38;5;9m|\u001b[0m\u001b[0m \u001b[0m\u001b[0m    )\u001b[0m\n\u001b[0m     \u001b[0m\u001b[0m\u001b[1m\u001b[38;5;12m|\u001b[0m\u001b[0m \u001b[0m\u001b[0m\u001b[1m\u001b[38;5;9m|_____^\u001b[0m\u001b[0m \u001b[0m\u001b[0m\u001b[1m\u001b[38;5;9mthe trait `Encode<'_, Postgres>` is not implemented for `Pin<Box<dyn Stream<Item = Result<String, String>> + Send>>`\u001b[0m\n\u001b[0m     \u001b[0m\u001b[0m\u001b[1m\u001b[38;5;12m|\u001b[0m\n\u001b[0m     \u001b[0m\u001b[0m\u001b[1m\u001b[38;5;12m= \u001b[0m\u001b[0m\u001b[1mhelp\u001b[0m\u001b[0m: the following other types implement trait `Encode<'q, DB>`:\u001b[0m\n\u001b[0m               `&'a str` implements `Encode<'a, sqlx::Any>`\u001b[0m\n\u001b[0m               `&'q [u8]` implements `Encode<'q, sqlx::Any>`\u001b[0m\n\u001b[0m               `&T` implements `Encode<'q, DB>`\u001b[0m\n\u001b[0m               `&[T]` implements `Encode<'q, Postgres>`\u001b[0m\n\u001b[0m               `&[u8]` implements `Encode<'_, Postgres>`\u001b[0m\n\u001b[0m               `&str` implements `Encode<'_, Postgres>`\u001b[0m\n\u001b[0m               `Box<[u8]>` implements `Encode<'_, Postgres>`\u001b[0m\n\u001b[0m               `Box<str>` implements `Encode<'_, Postgres>`\u001b[0m\n\u001b[0m             and 41 others\u001b[0m\n\u001b[0m     \u001b[0m\u001b[0m\u001b[1m\u001b[38;5;12m= \u001b[0m\u001b[0m\u001b[1mnote\u001b[0m\u001b[0m: the full name for the type has been written to '/Users/carl/Documents/Code/llm_api_app/backend/target/debug/deps/backend-288f22a8c87678d5.long-type-9930311724674070596.txt'\u001b[0m\n\u001b[0m     \u001b[0m\u001b[0m\u001b[1m\u001b[38;5;12m= \u001b[0m\u001b[0m\u001b[1mnote\u001b[0m\u001b[0m: consider using `--verbose` to print the full type name to the console\u001b[0m\n\u001b[0m     \u001b[0m\u001b[0m\u001b[1m\u001b[38;5;12m= \u001b[0m\u001b[0m\u001b[1mnote\u001b[0m\u001b[0m: this error originates in the macro `$crate::sqlx_macros::expand_query` which comes from the expansion of the macro `sqlx::query` (in Nightly builds, run with -Z macro-backtrace for more info)\u001b[0m\n\n"}
{"$message_type":"diagnostic","message":"the trait bound `Pin<Box<dyn Stream<Item = Result<String, String>> + Send>>: Type<...>` is not satisfied","code":{"code":"E0277","explanation":"You tried to use a type which doesn't implement some trait in a place which\nexpected that trait.\n\nErroneous code example:\n\n```compile_fail,E0277\n// here we declare the Foo trait with a bar method\ntrait Foo {\n    fn bar(&self);\n}\n\n// we now declare a function which takes an object implementing the Foo trait\nfn some_func<T: Foo>(foo: T) {\n    foo.bar();\n}\n\nfn main() {\n    // we now call the method with the i32 type, which doesn't implement\n    // the Foo trait\n    some_func(5i32); // error: the trait bound `i32 : Foo` is not satisfied\n}\n```\n\nIn order to fix this error, verify that the type you're using does implement\nthe trait. Example:\n\n```\ntrait Foo {\n    fn bar(&self);\n}\n\n// we implement the trait on the i32 type\nimpl Foo for i32 {\n    fn bar(&self) {}\n}\n\nfn some_func<T: Foo>(foo: T) {\n    foo.bar(); // we can now use this method since i32 implements the\n               // Foo trait\n}\n\nfn main() {\n    some_func(5i32); // ok!\n}\n```\n\nOr in a generic context, an erroneous code example would look like:\n\n```compile_fail,E0277\nfn some_func<T>(foo: T) {\n    println!(\"{:?}\", foo); // error: the trait `core::fmt::Debug` is not\n                           //        implemented for the type `T`\n}\n\nfn main() {\n    // We now call the method with the i32 type,\n    // which *does* implement the Debug trait.\n    some_func(5i32);\n}\n```\n\nNote that the error here is in the definition of the generic function. Although\nwe only call it with a parameter that does implement `Debug`, the compiler\nstill rejects the function. It must work with all possible input types. In\norder to make this example compile, we need to restrict the generic type we're\naccepting:\n\n```\nuse std::fmt;\n\n// Restrict the input type to types that implement Debug.\nfn some_func<T: fmt::Debug>(foo: T) {\n    println!(\"{:?}\", foo);\n}\n\nfn main() {\n    // Calling the method is still fine, as i32 implements Debug.\n    some_func(5i32);\n\n    // This would fail to compile now:\n    // struct WithoutDebug;\n    // some_func(WithoutDebug);\n}\n```\n\nRust only looks at the signature of the called function, as such it must\nalready specify all requirements that will be used for every type parameter.\n"},"level":"error","spans":[{"file_name":"/Users/carl/.cargo/registry/src/index.crates.io-1949cf8c6b5b557f/sqlx-0.7.4/src/macros/mod.rs","byte_start":16656,"byte_end":16727,"line_start":332,"line_end":332,"column_start":9,"column_end":80,"is_primary":true,"text":[{"text":"        $crate::sqlx_macros::expand_query!(source = $query, args = [$($args)*])","highlight_start":9,"highlight_end":80}],"label":"the trait `sqlx::Type<Postgres>` is not implemented for `Pin<Box<dyn Stream<Item = Result<String, String>> + Send>>`","suggested_replacement":null,"suggestion_applicability":null,"expansion":{"span":{"file_name":"/Users/carl/.cargo/registry/src/index.crates.io-1949cf8c6b5b557f/sqlx-0.7.4/src/macros/mod.rs","byte_start":16656,"byte_end":16727,"line_start":332,"line_end":332,"column_start":9,"column_end":80,"is_primary":false,"text":[{"text":"        $crate::sqlx_macros::expand_query!(source = $query, args = [$($args)*])","highlight_start":9,"highlight_end":80}],"label":null,"suggested_replacement":null,"suggestion_applicability":null,"expansion":{"span":{"file_name":"src/main.rs","byte_start":29600,"byte_end":29754,"line_start":1029,"line_end":1037,"column_start":5,"column_end":6,"is_primary":false,"text":[{"text":"    sqlx::query!(","highlight_start":5,"highlight_end":18},{"text":"        r#\"","highlight_start":1,"highlight_end":12},{"text":"        UPDATE chat_messages","highlight_start":1,"highlight_end":29},{"text":"        SET content = $2","highlight_start":1,"highlight_end":25},{"text":"        WHERE id = $1","highlight_start":1,"highlight_end":22},{"text":"        \"#,","highlight_start":1,"highlight_end":12},{"text":"        message_id,","highlight_start":1,"highlight_end":20},{"text":"        answer","highlight_start":1,"highlight_end":15},{"text":"    )","highlight_start":1,"highlight_end":6}],"label":null,"suggested_replacement":null,"suggestion_applicability":null,"expansion":null},"macro_decl_name":"sqlx::query!","def_site_span":{"file_name":"/Users/carl/.cargo/registry/src/index.crates.io-1949cf8c6b5b557f/sqlx-0.7.4/src/macros/mod.rs","byte_start":15748,"byte_end":15766,"line_start":318,"line_end":318,"column_start":1,"column_end":19,"is_primary":false,"text":[{"text":"macro_rules! query (","highlight_start":1,"highlight_end":19}],"label":null,"suggested_replacement":null,"suggestion_applicability":null,"expansion":null}}},"macro_decl_name":"$crate::sqlx_macros::expand_query!","def_site_span":{"file_name":"/Users/carl/.cargo/registry/src/index.crates.io-1949cf8c6b5b557f/sqlx-macros-0.7.4/src/lib.rs","byte_start":89,"byte_end":143,"line_start":8,"line_end":8,"column_start":1,"column_end":55,"is_primary":false,"text":[{"text":"pub fn expand_query(input: TokenStream) -> TokenStream {","highlight_start":1,"highlight_end":55}],"label":null,"suggested_replacement":null,"suggestion_applicability":null,"expansion":null}}}],"children":[{"message":"the following other types implement trait `sqlx::Type<DB>`:\n  `&T` implements `sqlx::Type<DB>`\n  `()` implements `sqlx::Type<Postgres>`\n  `(T1, T2)` implements `sqlx::Type<Postgres>`\n  `(T1, T2, T3)` implements `sqlx::Type<Postgres>`\n  `(T1, T2, T3, T4)` implements `sqlx::Type<Postgres>`\n  `(T1, T2, T3, T4, T5)` implements `sqlx::Type<Postgres>`\n  `(T1, T2, T3, T4, T5, T6)` implements `sqlx::Type<Postgres>`\n  `(T1, T2, T3, T4, T5, T6, T7)` implements `sqlx::Type<Postgres>`\nand 51 others","code":null,"level":"help","spans":[],"children":[],"rendered":null},{"message":"required for `&Pin<Box<dyn Stream<Item = Result<String, String>> + Send>>` to implement `sqlx::Type<Postgres>`","code":null,"level":"note","spans":[],"children":[],"rendered":null},{"message":"required by a bound in `sqlx::Arguments::add`","code":null,"level":"note","spans":[{"file_name":"/Users/carl/.cargo/registry/src/index.crates.io-1949cf8c6b5b557f/sqlx-core-0.7.4/src/arguments.rs","byte_start":592,"byte_end":595,"line_start":17,"line_end":17,"column_start":8,"column_end":11,"is_primary":false,"text":[{"text":"    fn add<T>(&mut self, value: T)","highlight_start":8,"highlight_end":11}],"label":"required by a bound in this associated function","suggested_replacement":null,"suggestion_applicability":null,"expansion":null},{"file_name":"/Users/carl/.cargo/registry/src/index.crates.io-1949cf8c6b5b557f/sqlx-core-0.7.4/src/arguments.rs","byte_start":682,"byte_end":702,"line_start":19,"line_end":19,"column_start":53,"column_end":73,"is_primary":true,"text":[{"text":"        T: 'q + Send + Encode<'q, Self::Database> + Type<Self::Database>;","highlight_start":53,"highlight_end":73}],"label":"required by this bound in `Arguments::add`","suggested_replacement":null,"suggestion_applicability":null,"expansion":null}],"children":[],"rendered":null},{"message":"the full name for the type has been written to '/Users/carl/Documents/Code/llm_api_app/backend/target/debug/deps/backend-288f22a8c87678d5.long-type-879273027963964338.txt'","code":null,"level":"note","spans":[],"children":[],"rendered":null},{"message":"consider using `--verbose` to print the full type name to the console","code":null,"level":"note","spans":[],"children":[],"rendered":null},{"message":"use a unary tuple instead","code":null,"level":"help","spans":[{"file_name":"/Users/carl/.cargo/registry/src/index.crates.io-1949cf8c6b5b557f/sqlx-0.7.4/src/macros/mod.rs","byte_start":16656,"byte_end":16656,"line_start":332,"line_end":332,"column_start":9,"column_end":9,"is_primary":true,"text":[{"text":"        $crate::sqlx_macros::expand_query!(source = $query, args = [$($args)*])","highlight_start":9,"highlight_end":9}],"label":null,"suggested_replacement":"(","suggestion_applicability":"MaybeIncorrect","expansion":{"span":{"file_name":"/Users/carl/.cargo/registry/src/index.crates.io-1949cf8c6b5b557f/sqlx-0.7.4/src/macros/mod.rs","byte_start":16656,"byte_end":16727,"line_start":332,"line_end":332,"column_start":9,"column_end":80,"is_primary":false,"text":[{"text":"        $crate::sqlx_macros::expand_query!(source = $query, args = [$($args)*])","highlight_start":9,"highlight_end":80}],"label":null,"suggested_replacement":null,"suggestion_applicability":null,"expansion":{"span":{"file_name":"src/main.rs","byte_start":29600,"byte_end":29754,"line_start":1029,"line_end":1037,"column_start":5,"column_end":6,"is_primary":false,"text":[{"text":"    sqlx::query!(","highlight_start":5,"highlight_end":18},{"text":"        r#\"","highlight_start":1,"highlight_end":12},{"text":"        UPDATE chat_messages","highlight_start":1,"highlight_end":29},{"text":"        SET content = $2","highlight_start":1,"highlight_end":25},{"text":"        WHERE id = $1","highlight_start":1,"highlight_end":22},{"text":"        \"#,","highlight_start":1,"highlight_end":12},{"text":"        message_id,","highlight_start":1,"highlight_end":20},{"text":"        answer","highlight_start":1,"highlight_end":15},{"text":"    )","highlight_start":1,"highlight_end":6}],"label":null,"suggested_replacement":null,"suggestion_applicability":null,"expansion":null},"macro_decl_name":"sqlx::query!","def_site_span":{"file_name":"/Users/carl/.cargo/registry/src/index.crates.io-1949cf8c6b5b557f/sqlx-0.7.4/src/macros/mod.rs","byte_start":15748,"byte_end":15766,"line_start":318,"line_end":318,"column_start":1,"column_end":19,"is_primary":false,"text":[{"text":"macro_rules! query (","highlight_start":1,"highlight_end":19}],"label":null,"suggested_replacement":null,"suggestion_applicability":null,"expansion":null}}},"macro_decl_name":"$crate::sqlx_macros::expand_query!","def_site_span":{"file_name":"/Users/carl/.cargo/registry/src/index.crates.io-1949cf8c6b5b557f/sqlx-macros-0.7.4/src/lib.rs","byte_start":89,"byte_end":143,"line_start":8,"line_end":8,"column_start":1,"column_end":55,"is_primary":false,"text":[{"text":"pub fn expand_query(input: TokenStream) -> TokenStream {","highlight_start":1,"highlight_end":55}],"label":null,"suggested_replacement":null,"suggestion_applicability":null,"expansion":null}}},{"file_name":"/Users/carl/.cargo/registry/src/index.crates.io-1949cf8c6b5b557f/sqlx-0.7.4/src/macros/mod.rs","byte_start":16727,"byte_end":16727,"line_start":332,"line_end":332,"column_start":80,"column_end":80,"is_primary":true,"text":[{"text":"        $crate::sqlx_macros::expand_query!(source = $query, args = [$($args)*])","highlight_start":80,"highlight_end":80}],"label":null,"suggested_replacement":",)","suggestion_applicability":"MaybeIncorrect","expansion":{"span":{"file_name":"/Users/carl/.cargo/registry/src/index.crates.io-1949cf8c6b5b557f/sqlx-0.7.4/src/macros/mod.rs","byte_start":16656,"byte_end":16727,"line_start":332,"line_end":332,"column_start":9,"column_end":80,"is_primary":false,"text":[{"text":"        $crate::sqlx_macros::expand_query!(source = $query, args = [$($args)*])","highlight_start":9,"highlight_end":80}],"label":null,"suggested_replacement":null,"suggestion_applicability":null,"expansion":{"span":{"file_name":"src/main.rs","byte_start":29600,"byte_end":29754,"line_start":1029,"line_end":1037,"column_start":5,"column_end":6,"is_primary":false,"text":[{"text":"    sqlx::query!(","highlight_start":5,"highlight_end":18},{"text":"        r#\"","highlight_start":1,"highlight_end":12},{"text":"        UPDATE chat_messages","highlight_start":1,"highlight_end":29},{"text":"        SET content = $2","highlight_start":1,"highlight_end":25},{"text":"        WHERE id = $1","highlight_start":1,"highlight_end":22},{"text":"        \"#,","highlight_start":1,"highlight_end":12},{"text":"        message_id,","highlight_start":1,"highlight_end":20},{"text":"        answer","highlight_start":1,"highlight_end":15},{"text":"    )","highlight_start":1,"highlight_end":6}],"label":null,"suggested_replacement":null,"suggestion_applicability":null,"expansion":null},"macro_decl_name":"sqlx::query!","def_site_span":{"file_name":"/Users/carl/.cargo/registry/src/index.crates.io-1949cf8c6b5b557f/sqlx-0.7.4/src/macros/mod.rs","byte_start":15748,"byte_end":15766,"line_start":318,"line_end":318,"column_start":1,"column_end":19,"is_primary":false,"text":[{"text":"macro_rules! query (","highlight_start":1,"highlight_end":19}],"label":null,"suggested_replacement":null,"suggestion_applicability":null,"expansion":null}}},"macro_decl_name":"$crate::sqlx_macros::expand_query!","def_site_span":{"file_name":"/Users/carl/.cargo/registry/src/index.crates.io-1949cf8c6b5b557f/sqlx-macros-0.7.4/src/lib.rs","byte_start":89,"byte_end":143,"line_start":8,"line_end":8,"column_start":1,"column_end":55,"is_primary":false,"text":[{"text":"pub fn expand_query(input: TokenStream) -> TokenStream {","highlight_start":1,"highlight_end":55}],"label":null,"suggested_replacement":null,"suggestion_applicability":null,"expansion":null}}}],"children":[],"rendered":null}],"rendered":"\u001b[0m\u001b[1m\u001b[38;5;9merror[E0277]\u001b[0m\u001b[0m\u001b[1m: the trait bound `Pin<Box<dyn Stream<Item = Result<String, String>> + Send>>: Type<...>` is not satisfied\u001b[0m\n\u001b[0m    \u001b[0m\u001b[0m\u001b[1m\u001b[38;5;12m--> \u001b[0m\u001b[0msrc/main.rs:1029:5\u001b[0m\n\u001b[0m     \u001b[0m\u001b[0m\u001b[1m\u001b[38;5;12m|\u001b[0m\n\u001b[0m\u001b[1m\u001b[38;5;12m1029\u001b[0m\u001b[0m \u001b[0m\u001b[0m\u001b[1m\u001b[38;5;12m|\u001b[0m\u001b[0m \u001b[0m\u001b[0m\u001b[1m\u001b[38;5;9m/\u001b[0m\u001b[0m \u001b[0m\u001b[0m    sqlx::query!(\u001b[0m\n\u001b[0m\u001b[1m\u001b[38;5;12m1030\u001b[0m\u001b[0m \u001b[0m\u001b[0m\u001b[1m\u001b[38;5;12m|\u001b[0m\u001b[0m \u001b[0m\u001b[0m\u001b[1m\u001b[38;5;9m|\u001b[0m\u001b[0m \u001b[0m\u001b[0m        r#\"\u001b[0m\n\u001b[0m\u001b[1m\u001b[38;5;12m1031\u001b[0m\u001b[0m \u001b[0m\u001b[0m\u001b[1m\u001b[38;5;12m|\u001b[0m\u001b[0m \u001b[0m\u001b[0m\u001b[1m\u001b[38;5;9m|\u001b[0m\u001b[0m \u001b[0m\u001b[0m        UPDATE chat_messages\u001b[0m\n\u001b[0m\u001b[1m\u001b[38;5;12m1032\u001b[0m\u001b[0m \u001b[0m\u001b[0m\u001b[1m\u001b[38;5;12m|\u001b[0m\u001b[0m \u001b[0m\u001b[0m\u001b[1m\u001b[38;5;9m|\u001b[0m\u001b[0m \u001b[0m\u001b[0m        SET content = $2\u001b[0m\n\u001b[0m\u001b[1m\u001b[38;5;12m...\u001b[0m\u001b[0m    \u001b[0m\u001b[0m\u001b[1m\u001b[38;5;9m|\u001b[0m\n\u001b[0m\u001b[1m\u001b[38;5;12m1036\u001b[0m\u001b[0m \u001b[0m\u001b[0m\u001b[1m\u001b[38;5;12m|\u001b[0m\u001b[0m \u001b[0m\u001b[0m\u001b[1m\u001b[38;5;9m|\u001b[0m\u001b[0m \u001b[0m\u001b[0m        answer\u001b[0m\n\u001b[0m\u001b[1m\u001b[38;5;12m1037\u001b[0m\u001b[0m \u001b[0m\u001b[0m\u001b[1m\u001b[38;5;12m|\u001b[0m\u001b[0m \u001b[0m\u001b[0m\u001b[1m\u001b[38;5;9m|\u001b[0m\u001b[0m \u001b[0m\u001b[0m    )\u001b[0m\n\u001b[0m     \u001b[0m\u001b[0m\u001b[1m\u001b[38;5;12m|\u001b[0m\u001b[0m \u001b[0m\u001b[0m\u001b[1m\u001b[38;5;9m|_____^\u001b[0m\u001b[0m \u001b[0m\u001b[0m\u001b[1m\u001b[38;5;9mthe trait `sqlx::Type<Postgres>` is not implemented for `Pin<Box<dyn Stream<Item = Result<String, String>> + Send>>`\u001b[0m\n\u001b[0m     \u001b[0m\u001b[0m\u001b[1m\u001b[38;5;12m|\u001b[0m\n\u001b[0m     \u001b[0m\u001b[0m\u001b[1m\u001b[38;5;12m= \u001b[0m\u001b[0m\u001b[1mhelp\u001b[0m\u001b[0m: the following other types implement trait `sqlx::Type<DB>`:\u001b[0m\n\u001b[0m               `&T` implements `sqlx::Type<DB>`\u001b[0m\n\u001b[0m               `()` implements `sqlx::Type<Postgres>`\u001b[0m\n\u001b[0m               `(T1, T2)` implements `sqlx::Type<Postgres>`\u001b[0m\n\u001b[0m               `(T1, T2, T3)` implements `sqlx::Type<Postgres>`\u001b[0m\n\u001b[0m               `(T1, T2, T3, T4)` implements `sqlx::Type<Postgres>`\u001b[0m\n\u001b[0m               `(T1, T2, T3, T4, T5)` implements `sqlx::Type<Postgres>`\u001b[0m\n\u001b[0m               `(T1, T2, T3, T4, T5, T6)` implements `sqlx::Type<Postgres>`\u001b[0m\n\u001b[0m               `(T1, T2, T3, T4, T5, T6, T7)` implements `sqlx::Type<Postgres>`\u001b[0m\n\u001b[0m             and 51 others\u001b[0m\n\u001b[0m     \u001b[0m\u001b[0m\u001b[1m\u001b[38;5;12m= \u001b[0m\u001b[0m\u001b[1mnote\u001b[0m\u001b[0m: required for `&Pin<Box<dyn Stream<Item = Result<String, String>> + Send>>` to implement `sqlx::Type<Postgres>`\u001b[0m\n\u001b[0m\u001b[1m\u001b[38;5;10mnote\u001b[0m\u001b[0m: required by a bound in `sqlx::Arguments::add`\u001b[0m\n\u001b[0m    \u001b[0m\u001b[0m\u001b[1m\u001b[38;5;12m--> \u001b[0m\u001b[0m/Users/carl/.cargo/registry/src/index.crates.io-1949cf8c6b5b557f/sqlx-core-0.7.4/src/arguments.rs:19:53\u001b[0m\n\u001b[0m     \u001b[0m\u001b[0m\u001b[1m\u001b[38;5;12m|\u001b[0m\n\u001b[0m  \u001b[0m\u001b[0m\u001b[1m\u001b[38;5;12m17\u001b[0m\u001b[0m \u001b[0m\u001b[0m\u001b[1m\u001b[38;5;12m|\u001b[0m\u001b[0m \u001b[0m\u001b[0m    fn add<T>(&mut self, value: T)\u001b[0m\n\u001b[0m     \u001b[0m\u001b[0m\u001b[1m\u001b[38;5;12m|\u001b[0m\u001b[0m        \u001b[0m\u001b[0m\u001b[1m\u001b[38;5;12m---\u001b[0m\u001b[0m \u001b[0m\u001b[0m\u001b[1m\u001b[38;5;12mrequired by a bound in this associated function\u001b[0m\n\u001b[0m  \u001b[0m\u001b[0m\u001b[1m\u001b[38;5;12m18\u001b[0m\u001b[0m \u001b[0m\u001b[0m\u001b[1m\u001b[38;5;12m|\u001b[0m\u001b[0m \u001b[0m\u001b[0m    where\u001b[0m\n\u001b[0m  \u001b[0m\u001b[0m\u001b[1m\u001b[38;5;12m19\u001b[0m\u001b[0m \u001b[0m\u001b[0m\u001b[1m\u001b[38;5;12m|\u001b[0m\u001b[0m \u001b[0m\u001b[0m        T: 'q + Send + Encode<'q, Self::Database> + Type<Self::Database>;\u001b[0m\n\u001b[0m     \u001b[0m\u001b[0m\u001b[1m\u001b[38;5;12m|\u001b[0m\u001b[0m                                                     \u001b[0m\u001b[0m\u001b[1m\u001b[38;5;10m^^^^^^^^^^^^^^^^^^^^\u001b[0m\u001b[0m \u001b[0m\u001b[0m\u001b[1m\u001b[38;5;10mrequired by this bound in `Arguments::add`\u001b[0m\n\u001b[0m     \u001b[0m\u001b[0m\u001b[1m\u001b[38;5;12m= \u001b[0m\u001b[0m\u001b[1mnote\u001b[0m\u001b[0m: the full name for the type has been written to '/Users/carl/Documents/Code/llm_api_app/backend/target/debug/deps/backend-288f22a8c87678d5.long-type-879273027963964338.txt'\u001b[0m\n\u001b[0m     \u001b[0m\u001b[0m\u001b[1m\u001b[38;5;12m= \u001b[0m\u001b[0m\u001b[1mnote\u001b[0m\u001b[0m: consider using `--verbose` to print the full type name to the console\u001b[0m\n\u001b[0m     \u001b[0m\u001b[0m\u001b[1m\u001b[38;5;12m= \u001b[0m\u001b[0m\u001b[1mnote\u001b[0m\u001b[0m: this error originates in the macro `$crate::sqlx_macros::expand_query` which comes from the expansion of the macro `sqlx::query` (in Nightly builds, run with -Z macro-backtrace for more info)\u001b[0m\n\u001b[0m\u001b[1m\u001b[38;5;14mhelp\u001b[0m\u001b[0m: use a unary tuple instead\u001b[0m\n\u001b[0m    \u001b[0m\u001b[0m\u001b[1m\u001b[38;5;12m--> \u001b[0m\u001b[0m \u001b[0m\u001b[0m/Users/carl/.cargo/registry/src/index.crates.io-1949cf8c6b5b557f/sqlx-0.7.4/src/macros/mod.rs:332:9\u001b[0m\n\u001b[0m     \u001b[0m\u001b[0m\u001b[1m\u001b[38;5;12m|\u001b[0m\n\u001b[0m \u001b[0m\u001b[0m\u001b[1m\u001b[38;5;12m332\u001b[0m\u001b[0m \u001b[0m\u001b[0m\u001b[1m\u001b[38;5;12m| \u001b[0m\u001b[0m        \u001b[0m\u001b[0m\u001b[38;5;10m(\u001b[0m\u001b[0m$crate::sqlx_macros::expand_query!(source = $query, args = [$($args)*])\u001b[0m\u001b[0m\u001b[38;5;10m,)\u001b[0m\n\u001b[0m     \u001b[0m\u001b[0m\u001b[1m\u001b[38;5;12m|\u001b[0m\u001b[0m         \u001b[0m\u001b[0m\u001b[38;5;10m+\u001b[0m\u001b[0m                                                                       \u001b[0m\u001b[0m\u001b[38;5;10m++\u001b[0m\n\n"}
{"$message_type":"diagnostic","message":"`dyn Stream<Item = Result<String, String>> + Send` cannot be shared between threads safely","code":{"code":"E0277","explanation":"You tried to use a type which doesn't implement some trait in a place which\nexpected that trait.\n\nErroneous code example:\n\n```compile_fail,E0277\n// here we declare the Foo trait with a bar method\ntrait Foo {\n    fn bar(&self);\n}\n\n// we now declare a function which takes an object implementing the Foo trait\nfn some_func<T: Foo>(foo: T) {\n    foo.bar();\n}\n\nfn main() {\n    // we now call the method with the i32 type, which doesn't implement\n    // the Foo trait\n    some_func(5i32); // error: the trait bound `i32 : Foo` is not satisfied\n}\n```\n\nIn order to fix this error, verify that the type you're using does implement\nthe trait. Example:\n\n```\ntrait Foo {\n    fn bar(&self);\n}\n\n// we implement the trait on the i32 type\nimpl Foo for i32 {\n    fn bar(&self) {}\n}\n\nfn some_func<T: Foo>(foo: T) {\n    foo.bar(); // we can now use this method since i32 implements the\n               // Foo trait\n}\n\nfn main() {\n    some_func(5i32); // ok!\n}\n```\n\nOr in a generic context, an erroneous code example would look like:\n\n```compile_fail,E0277\nfn some_func<T>(foo: T) {\n    println!(\"{:?}\", foo); // error: the trait `core::fmt::Debug` is not\n                           //        implemented for the type `T`\n}\n\nfn main() {\n    // We now call the method with the i32 type,\n    // which *does* implement the Debug trait.\n    some_func(5i32);\n}\n```\n\nNote that the error here is in the definition of the generic function. Although\nwe only call it with a parameter that does implement `Debug`, the compiler\nstill rejects the function. It must work with all possible input types. In\norder to make this example compile, we need to restrict the generic type we're\naccepting:\n\n```\nuse std::fmt;\n\n// Restrict the input type to types that implement Debug.\nfn some_func<T: fmt::Debug>(foo: T) {\n    println!(\"{:?}\", foo);\n}\n\nfn main() {\n    // Calling the method is still fine, as i32 implements Debug.\n    some_func(5i32);\n\n    // This would fail to compile now:\n    // struct WithoutDebug;\n    // some_func(WithoutDebug);\n}\n```\n\nRust only looks at the signature of the called function, as such it must\nalready specify all requirements that will be used for every type parameter.\n"},"level":"error","spans":[{"file_name":"/Users/carl/.cargo/registry/src/index.crates.io-1949cf8c6b5b557f/sqlx-0.7.4/src/macros/mod.rs","byte_start":16656,"byte_end":16727,"line_start":332,"line_end":332,"column_start":9,"column_end":80,"is_primary":true,"text":[{"text":"        $crate::sqlx_macros::expand_query!(source = $query, args = [$($args)*])","highlight_start":9,"highlight_end":80}],"label":"`dyn Stream<Item = Result<String, String>> + Send` cannot be shared between threads safely","suggested_replacement":null,"suggestion_applicability":null,"expansion":{"span":{"file_name":"/Users/carl/.cargo/registry/src/index.crates.io-1949cf8c6b5b557f/sqlx-0.7.4/src/macros/mod.rs","byte_start":16656,"byte_end":16727,"line_start":332,"line_end":332,"column_start":9,"column_end":80,"is_primary":false,"text":[{"text":"        $crate::sqlx_macros::expand_query!(source = $query, args = [$($args)*])","highlight_start":9,"highlight_end":80}],"label":null,"suggested_replacement":null,"suggestion_applicability":null,"expansion":{"span":{"file_name":"src/main.rs","byte_start":29600,"byte_end":29754,"line_start":1029,"line_end":1037,"column_start":5,"column_end":6,"is_primary":false,"text":[{"text":"    sqlx::query!(","highlight_start":5,"highlight_end":18},{"text":"        r#\"","highlight_start":1,"highlight_end":12},{"text":"        UPDATE chat_messages","highlight_start":1,"highlight_end":29},{"text":"        SET content = $2","highlight_start":1,"highlight_end":25},{"text":"        WHERE id = $1","highlight_start":1,"highlight_end":22},{"text":"        \"#,","highlight_start":1,"highlight_end":12},{"text":"        message_id,","highlight_start":1,"highlight_end":20},{"text":"        answer","highlight_start":1,"highlight_end":15},{"text":"    )","highlight_start":1,"highlight_end":6}],"label":null,"suggested_replacement":null,"suggestion_applicability":null,"expansion":null},"macro_decl_name":"sqlx::query!","def_site_span":{"file_name":"/Users/carl/.cargo/registry/src/index.crates.io-1949cf8c6b5b557f/sqlx-0.7.4/src/macros/mod.rs","byte_start":15748,"byte_end":15766,"line_start":318,"line_end":318,"column_start":1,"column_end":19,"is_primary":false,"text":[{"text":"macro_rules! query (","highlight_start":1,"highlight_end":19}],"label":null,"suggested_replacement":null,"suggestion_applicability":null,"expansion":null}}},"macro_decl_name":"$crate::sqlx_macros::expand_query!","def_site_span":{"file_name":"/Users/carl/.cargo/registry/src/index.crates.io-1949cf8c6b5b557f/sqlx-macros-0.7.4/src/lib.rs","byte_start":89,"byte_end":143,"line_start":8,"line_end":8,"column_start":1,"column_end":55,"is_primary":false,"text":[{"text":"pub fn expand_query(input: TokenStream) -> TokenStream {","highlight_start":1,"highlight_end":55}],"label":null,"suggested_replacement":null,"suggestion_applicability":null,"expansion":null}}}],"children":[{"message":"the trait `Sync` is not implemented for `dyn Stream<Item = Result<String, String>> + Send`","code":null,"level":"help","spans":[],"children":[],"rendered":null},{"message":"required for `Unique<dyn Stream<Item = Result<String, String>> + Send>` to implement `Sync`","code":null,"level":"note","spans":[],"children":[],"rendered":null},{"message":"required because it appears within the type `Box<dyn Stream<Item = Result<String, String>> + Send>`","code":null,"level":"note","spans":[{"file_name":"/rustc/ed61e7d7e242494fb7057f2657300d9e77bb4fcb/library/alloc/src/boxed.rs","byte_start":8950,"byte_end":8953,"line_start":231,"line_end":231,"column_start":12,"column_end":15,"is_primary":true,"text":[],"label":null,"suggested_replacement":null,"suggestion_applicability":null,"expansion":null}],"children":[],"rendered":null},{"message":"required because it appears within the type `Pin<Box<dyn Stream<Item = Result<String, String>> + Send>>`","code":null,"level":"note","spans":[{"file_name":"/rustc/ed61e7d7e242494fb7057f2657300d9e77bb4fcb/library/core/src/pin.rs","byte_start":59029,"byte_end":59032,"line_start":1094,"line_end":1094,"column_start":12,"column_end":15,"is_primary":true,"text":[],"label":null,"suggested_replacement":null,"suggestion_applicability":null,"expansion":null}],"children":[],"rendered":null},{"message":"required for `&Pin<Box<dyn Stream<Item = Result<String, String>> + Send>>` to implement `std::marker::Send`","code":null,"level":"note","spans":[],"children":[],"rendered":null},{"message":"required by a bound in `sqlx::Arguments::add`","code":null,"level":"note","spans":[{"file_name":"/Users/carl/.cargo/registry/src/index.crates.io-1949cf8c6b5b557f/sqlx-core-0.7.4/src/arguments.rs","byte_start":592,"byte_end":595,"line_start":17,"line_end":17,"column_start":8,"column_end":11,"is_primary":false,"text":[{"text":"    fn add<T>(&mut self, value: T)","highlight_start":8,"highlight_end":11}],"label":"required by a bound in this associated function","suggested_replacement":null,"suggestion_applicability":null,"expansion":null},{"file_name":"/Users/carl/.cargo/registry/src/index.crates.io-1949cf8c6b5b557f/sqlx-core-0.7.4/src/arguments.rs","byte_start":646,"byte_end":650,"line_start":19,"line_end":19,"column_start":17,"column_end":21,"is_primary":true,"text":[{"text":"        T: 'q + Send + Encode<'q, Self::Database> + Type<Self::Database>;","highlight_start":17,"highlight_end":21}],"label":"required by this bound in `Arguments::add`","suggested_replacement":null,"suggestion_applicability":null,"expansion":null}],"children":[],"rendered":null},{"message":"the full name for the type has been written to '/Users/carl/Documents/Code/llm_api_app/backend/target/debug/deps/backend-288f22a8c87678d5.long-type-8110031713387522302.txt'","code":null,"level":"note","spans":[],"children":[],"rendered":null},{"message":"consider using `--verbose` to print the full type name to the console","code":null,"level":"note","spans":[],"children":[],"rendered":null}],"rendered":"\u001b[0m\u001b[1m\u001b[38;5;9merror[E0277]\u001b[0m\u001b[0m\u001b[1m: `dyn Stream<Item = Result<String, String>> + Send` cannot be shared between threads safely\u001b[0m\n\u001b[0m    \u001b[0m\u001b[0m\u001b[1m\u001b[38;5;12m--> \u001b[0m\u001b[0msrc/main.rs:1029:5\u001b[0m\n\u001b[0m     \u001b[0m\u001b[0m\u001b[1m\u001b[38;5;12m|\u001b[0m\n\u001b[0m\u001b[1m\u001b[38;5;12m1029\u001b[0m\u001b[0m \u001b[0m\u001b[0m\u001b[1m\u001b[38;5;12m|\u001b[0m\u001b[0m \u001b[0m\u001b[0m\u001b[1m\u001b[38;5;9m/\u001b[0m\u001b[0m \u001b[0m\u001b[0m    sqlx::query!(\u001b[0m\n\u001b[0m\u001b[1m\u001b[38;5;12m1030\u001b[0m\u001b[0m \u001b[0m\u001b[0m\u001b[1m\u001b[38;5;12m|\u001b[0m\u001b[0m \u001b[0m\u001b[0m\u001b[1m\u001b[38;5;9m|\u001b[0m\u001b[0m \u001b[0m\u001b[0m        r#\"\u001b[0m\n\u001b[0m\u001b[1m\u001b[38;5;12m1031\u001b[0m\u001b[0m \u001b[0m\u001b[0m\u001b[1m\u001b[38;5;12m|\u001b[0m\u001b[0m \u001b[0m\u001b[0m\u001b[1m\u001b[38;5;9m|\u001b[0m\u001b[0m \u001b[0m\u001b[0m        UPDATE chat_messages\u001b[0m\n\u001b[0m\u001b[1m\u001b[38;5;12m1032\u001b[0m\u001b[0m \u001b[0m\u001b[0m\u001b[1m\u001b[38;5;12m|\u001b[0m\u001b[0m \u001b[0m\u001b[0m\u001b[1m\u001b[38;5;9m|\u001b[0m\u001b[0m \u001b[0m\u001b[0m        SET content = $2\u001b[0m\n\u001b[0m\u001b[1m\u001b[38;5;12m...\u001b[0m\u001b[0m    \u001b[0m\u001b[0m\u001b[1m\u001b[38;5;9m|\u001b[0m\n\u001b[0m\u001b[1m\u001b[38;5;12m1036\u001b[0m\u001b[0m \u001b[0m\u001b[0m\u001b[1m\u001b[38;5;12m|\u001b[0m\u001b[0m \u001b[0m\u001b[0m\u001b[1m\u001b[38;5;9m|\u001b[0m\u001b[0m \u001b[0m\u001b[0m        answer\u001b[0m\n\u001b[0m\u001b[1m\u001b[38;5;12m1037\u001b[0m\u001b[0m \u001b[0m\u001b[0m\u001b[1m\u001b[38;5;12m|\u001b[0m\u001b[0m \u001b[0m\u001b[0m\u001b[1m\u001b[38;5;9m|\u001b[0m\u001b[0m \u001b[0m\u001b[0m    )\u001b[0m\n\u001b[0m     \u001b[0m\u001b[0m\u001b[1m\u001b[38;5;12m|\u001b[0m\u001b[0m \u001b[0m\u001b[0m\u001b[1m\u001b[38;5;9m|_____^\u001b[0m\u001b[0m \u001b[0m\u001b[0m\u001b[1m\u001b[38;5;9m`dyn Stream<Item = Result<String, String>> + Send` cannot be shared between threads safely\u001b[0m\n\u001b[0m     \u001b[0m\u001b[0m\u001b[1m\u001b[38;5;12m|\u001b[0m\n\u001b[0m     \u001b[0m\u001b[0m\u001b[1m\u001b[38;5;12m= \u001b[0m\u001b[0m\u001b[1mhelp\u001b[0m\u001b[0m: the trait `Sync` is not implemented for `dyn Stream<Item = Result<String, String>> + Send`\u001b[0m\n\u001b[0m     \u001b[0m\u001b[0m\u001b[1m\u001b[38;5;12m= \u001b[0m\u001b[0m\u001b[1mnote\u001b[0m\u001b[0m: required for `Unique<dyn Stream<Item = Result<String, String>> + Send>` to implement `Sync`\u001b[0m\n\u001b[0m\u001b[1m\u001b[38;5;10mnote\u001b[0m\u001b[0m: required because it appears within the type `Box<dyn Stream<Item = Result<String, String>> + Send>`\u001b[0m\n\u001b[0m    \u001b[0m\u001b[0m\u001b[1m\u001b[38;5;12m--> \u001b[0m\u001b[0m/rustc/ed61e7d7e242494fb7057f2657300d9e77bb4fcb/library/alloc/src/boxed.rs:231:12\u001b[0m\n\u001b[0m\u001b[1m\u001b[38;5;10mnote\u001b[0m\u001b[0m: required because it appears within the type `Pin<Box<dyn Stream<Item = Result<String, String>> + Send>>`\u001b[0m\n\u001b[0m    \u001b[0m\u001b[0m\u001b[1m\u001b[38;5;12m--> \u001b[0m\u001b[0m/rustc/ed61e7d7e242494fb7057f2657300d9e77bb4fcb/library/core/src/pin.rs:1094:12\u001b[0m\n\u001b[0m     \u001b[0m\u001b[0m\u001b[1m\u001b[38;5;12m= \u001b[0m\u001b[0m\u001b[1mnote\u001b[0m\u001b[0m: required for `&Pin<Box<dyn Stream<Item = Result<String, String>> + Send>>` to implement `std::marker::Send`\u001b[0m\n\u001b[0m\u001b[1m\u001b[38;5;10mnote\u001b[0m\u001b[0m: required by a bound in `sqlx::Arguments::add`\u001b[0m\n\u001b[0m    \u001b[0m\u001b[0m\u001b[1m\u001b[38;5;12m--> \u001b[0m\u001b[0m/Users/carl/.cargo/registry/src/index.crates.io-1949cf8c6b5b557f/sqlx-core-0.7.4/src/arguments.rs:19:17\u001b[0m\n\u001b[0m     \u001b[0m\u001b[0m\u001b[1m\u001b[38;5;12m|\u001b[0m\n\u001b[0m  \u001b[0m\u001b[0m\u001b[1m\u001b[38;5;12m17\u001b[0m\u001b[0m \u001b[0m\u001b[0m\u001b[1m\u001b[38;5;12m|\u001b[0m\u001b[0m \u001b[0m\u001b[0m    fn add<T>(&mut self, value: T)\u001b[0m\n\u001b[0m     \u001b[0m\u001b[0m\u001b[1m\u001b[38;5;12m|\u001b[0m\u001b[0m        \u001b[0m\u001b[0m\u001b[1m\u001b[38;5;12m---\u001b[0m\u001b[0m \u001b[0m\u001b[0m\u001b[1m\u001b[38;5;12mrequired by a bound in this associated function\u001b[0m\n\u001b[0m  \u001b[0m\u001b[0m\u001b[1m\u001b[38;5;12m18\u001b[0m\u001b[0m \u001b[0m\u001b[0m\u001b[1m\u001b[38;5;12m|\u001b[0m\u001b[0m \u001b[0m\u001b[0m    where\u001b[0m\n\u001b[0m  \u001b[0m\u001b[0m\u001b[1m\u001b[38;5;12m19\u001b[0m\u001b[0m \u001b[0m\u001b[0m\u001b[1m\u001b[38;5;12m|\u001b[0m\u001b[0m \u001b[0m\u001b[0m        T: 'q + Send + Encode<'q, Self::Database> + Type<Self::Database>;\u001b[0m\n\u001b[0m     \u001b[0m\u001b[0m\u001b[1m\u001b[38;5;12m|\u001b[0m\u001b[0m                 \u001b[0m\u001b[0m\u001b[1m\u001b[38;5;10m^^^^\u001b[0m\u001b[0m \u001b[0m\u001b[0m\u001b[1m\u001b[38;5;10mrequired by this bound in `Arguments::add`\u001b[0m\n\u001b[0m     \u001b[0m\u001b[0m\u001b[1m\u001b[38;5;12m= \u001b[0m\u001b[0m\u001b[1mnote\u001b[0m\u001b[0m: the full name for the type has been written to '/Users/carl/Documents/Code/llm_api_app/backend/target/debug/deps/backend-288f22a8c87678d5.long-type-8110031713387522302.txt'\u001b[0m\n\u001b[0m     \u001b[0m\u001b[0m\u001b[1m\u001b[38;5;12m= \u001b[0m\u001b[0m\u001b[1mnote\u001b[0m\u001b[0m: consider using `--verbose` to print the full type name to the console\u001b[0m\n\u001b[0m     \u001b[0m\u001b[0m\u001b[1m\u001b[38;5;12m= \u001b[0m\u001b[0m\u001b[1mnote\u001b[0m\u001b[0m: this error originates in the macro `$crate::sqlx_macros::expand_query` which comes from the expansion of the macro `sqlx::query` (in Nightly builds, run with -Z macro-backtrace for more info)\u001b[0m\n\n"}
{"$message_type":"diagnostic","message":"multiple applicable items in scope","code":{"code":"E0034","explanation":"The compiler doesn't know what method to call because more than one method\nhas the same prototype.\n\nErroneous code example:\n\n```compile_fail,E0034\nstruct Test;\n\ntrait Trait1 {\n    fn foo();\n}\n\ntrait Trait2 {\n    fn foo();\n}\n\nimpl Trait1 for Test { fn foo() {} }\nimpl Trait2 for Test { fn foo() {} }\n\nfn main() {\n    Test::foo() // error, which foo() to call?\n}\n```\n\nTo avoid this error, you have to keep only one of them and remove the others.\nSo let's take our example and fix it:\n\n```\nstruct Test;\n\ntrait Trait1 {\n    fn foo();\n}\n\nimpl Trait1 for Test { fn foo() {} }\n\nfn main() {\n    Test::foo() // and now that's good!\n}\n```\n\nHowever, a better solution would be using fully explicit naming of type and\ntrait:\n\n```\nstruct Test;\n\ntrait Trait1 {\n    fn foo();\n}\n\ntrait Trait2 {\n    fn foo();\n}\n\nimpl Trait1 for Test { fn foo() {} }\nimpl Trait2 for Test { fn foo() {} }\n\nfn main() {\n    <Test as Trait1>::foo()\n}\n```\n\nOne last example:\n\n```\ntrait F {\n    fn m(&self);\n}\n\ntrait G {\n    fn m(&self);\n}\n\nstruct X;\n\nimpl F for X { fn m(&self) { println!(\"I am F\"); } }\nimpl G for X { fn m(&self) { println!(\"I am G\"); } }\n\nfn main() {\n    let f = X;\n\n    F::m(&f); // it displays \"I am F\"\n    G::m(&f); // it displays \"I am G\"\n}\n```\n"},"level":"error","spans":[{"file_name":"src/main.rs","byte_start":32716,"byte_end":32720,"line_start":1136,"line_end":1136,"column_start":44,"column_end":48,"is_primary":true,"text":[{"text":"        while let Some(chunk_res) = stream.next().await {","highlight_start":44,"highlight_end":48}],"label":"multiple `next` found","suggested_replacement":null,"suggestion_applicability":null,"expansion":null}],"children":[{"message":"candidate #1 is defined in an impl of the trait `tokio_stream::StreamExt` for the type `St`","code":null,"level":"note","spans":[],"children":[],"rendered":null},{"message":"candidate #2 is defined in an impl of the trait `futures::StreamExt` for the type `T`","code":null,"level":"note","spans":[],"children":[],"rendered":null},{"message":"disambiguate the method for candidate #1","code":null,"level":"help","spans":[{"file_name":"src/main.rs","byte_start":32709,"byte_end":32722,"line_start":1136,"line_end":1136,"column_start":37,"column_end":50,"is_primary":true,"text":[{"text":"        while let Some(chunk_res) = stream.next().await {","highlight_start":37,"highlight_end":50}],"label":null,"suggested_replacement":"tokio_stream::StreamExt::next(&mut stream)","suggestion_applicability":"HasPlaceholders","expansion":null}],"children":[],"rendered":null},{"message":"disambiguate the method for candidate #2","code":null,"level":"help","spans":[{"file_name":"src/main.rs","byte_start":32709,"byte_end":32722,"line_start":1136,"line_end":1136,"column_start":37,"column_end":50,"is_primary":true,"text":[{"text":"        while let Some(chunk_res) = stream.next().await {","highlight_start":37,"highlight_end":50}],"label":null,"suggested_replacement":"futures::StreamExt::next(&mut stream)","suggestion_applicability":"HasPlaceholders","expansion":null}],"children":[],"rendered":null}],"rendered":"\u001b[0m\u001b[1m\u001b[38;5;9merror[E0034]\u001b[0m\u001b[0m\u001b[1m: multiple applicable items in scope\u001b[0m\n\u001b[0m    \u001b[0m\u001b[0m\u001b[1m\u001b[38;5;12m--> \u001b[0m\u001b[0msrc/main.rs:1136:44\u001b[0m\n\u001b[0m     \u001b[0m\u001b[0m\u001b[1m\u001b[38;5;12m|\u001b[0m\n\u001b[0m\u001b[1m\u001b[38;5;12m1136\u001b[0m\u001b[0m \u001b[0m\u001b[0m\u001b[1m\u001b[38;5;12m|\u001b[0m\u001b[0m \u001b[0m\u001b[0m        while let Some(chunk_res) = stream.next().await {\u001b[0m\n\u001b[0m     \u001b[0m\u001b[0m\u001b[1m\u001b[38;5;12m|\u001b[0m\u001b[0m                                            \u001b[0m\u001b[0m\u001b[1m\u001b[38;5;9m^^^^\u001b[0m\u001b[0m \u001b[0m\u001b[0m\u001b[1m\u001b[38;5;9mmultiple `next` found\u001b[0m\n\u001b[0m     \u001b[0m\u001b[0m\u001b[1m\u001b[38;5;12m|\u001b[0m\n\u001b[0m     \u001b[0m\u001b[0m\u001b[1m\u001b[38;5;12m= \u001b[0m\u001b[0m\u001b[1mnote\u001b[0m\u001b[0m: candidate #1 is defined in an impl of the trait `tokio_stream::StreamExt` for the type `St`\u001b[0m\n\u001b[0m     \u001b[0m\u001b[0m\u001b[1m\u001b[38;5;12m= \u001b[0m\u001b[0m\u001b[1mnote\u001b[0m\u001b[0m: candidate #2 is defined in an impl of the trait `futures::StreamExt` for the type `T`\u001b[0m\n\u001b[0m\u001b[1m\u001b[38;5;14mhelp\u001b[0m\u001b[0m: disambiguate the method for candidate #1\u001b[0m\n\u001b[0m     \u001b[0m\u001b[0m\u001b[1m\u001b[38;5;12m|\u001b[0m\n\u001b[0m\u001b[1m\u001b[38;5;12m1136\u001b[0m\u001b[0m \u001b[0m\u001b[0m\u001b[38;5;9m- \u001b[0m\u001b[0m        while let Some(chunk_res) = \u001b[0m\u001b[0m\u001b[38;5;9mstream.next()\u001b[0m\u001b[0m.await {\u001b[0m\n\u001b[0m\u001b[1m\u001b[38;5;12m1136\u001b[0m\u001b[0m \u001b[0m\u001b[0m\u001b[38;5;10m+ \u001b[0m\u001b[0m        while let Some(chunk_res) = \u001b[0m\u001b[0m\u001b[38;5;10mtokio_stream::StreamExt::next(&mut stream)\u001b[0m\u001b[0m.await {\u001b[0m\n\u001b[0m     \u001b[0m\u001b[0m\u001b[1m\u001b[38;5;12m|\u001b[0m\n\u001b[0m\u001b[1m\u001b[38;5;14mhelp\u001b[0m\u001b[0m: disambiguate the method for candidate #2\u001b[0m\n\u001b[0m     \u001b[0m\u001b[0m\u001b[1m\u001b[38;5;12m|\u001b[0m\n\u001b[0m\u001b[1m\u001b[38;5;12m1136\u001b[0m\u001b[0m \u001b[0m\u001b[0m\u001b[38;5;9m- \u001b[0m\u001b[0m        while let Some(chunk_res) = \u001b[0m\u001b[0m\u001b[38;5;9mstream.next()\u001b[0m\u001b[0m.await {\u001b[0m\n\u001b[0m\u001b[1m\u001b[38;5;12m1136\u001b[0m\u001b[0m \u001b[0m\u001b[0m\u001b[38;5;10m+ \u001b[0m\u001b[0m        while let Some(chunk_res) = \u001b[0m\u001b[0m\u001b[38;5;10mfutures::StreamExt::next(&mut stream)\u001b[0m\u001b[0m.await {\u001b[0m\n\u001b[0m     \u001b[0m\u001b[0m\u001b[1m\u001b[38;5;12m|\u001b[0m\n\n"}
{"$message_type":"diagnostic","message":"the size for values of type `str` cannot be known at compilation time","code":{"code":"E0277","explanation":"You tried to use a type which doesn't implement some trait in a place which\nexpected that trait.\n\nErroneous code example:\n\n```compile_fail,E0277\n// here we declare the Foo trait with a bar method\ntrait Foo {\n    fn bar(&self);\n}\n\n// we now declare a function which takes an object implementing the Foo trait\nfn some_func<T: Foo>(foo: T) {\n    foo.bar();\n}\n\nfn main() {\n    // we now call the method with the i32 type, which doesn't implement\n    // the Foo trait\n    some_func(5i32); // error: the trait bound `i32 : Foo` is not satisfied\n}\n```\n\nIn order to fix this error, verify that the type you're using does implement\nthe trait. Example:\n\n```\ntrait Foo {\n    fn bar(&self);\n}\n\n// we implement the trait on the i32 type\nimpl Foo for i32 {\n    fn bar(&self) {}\n}\n\nfn some_func<T: Foo>(foo: T) {\n    foo.bar(); // we can now use this method since i32 implements the\n               // Foo trait\n}\n\nfn main() {\n    some_func(5i32); // ok!\n}\n```\n\nOr in a generic context, an erroneous code example would look like:\n\n```compile_fail,E0277\nfn some_func<T>(foo: T) {\n    println!(\"{:?}\", foo); // error: the trait `core::fmt::Debug` is not\n                           //        implemented for the type `T`\n}\n\nfn main() {\n    // We now call the method with the i32 type,\n    // which *does* implement the Debug trait.\n    some_func(5i32);\n}\n```\n\nNote that the error here is in the definition of the generic function. Although\nwe only call it with a parameter that does implement `Debug`, the compiler\nstill rejects the function. It must work with all possible input types. In\norder to make this example compile, we need to restrict the generic type we're\naccepting:\n\n```\nuse std::fmt;\n\n// Restrict the input type to types that implement Debug.\nfn some_func<T: fmt::Debug>(foo: T) {\n    println!(\"{:?}\", foo);\n}\n\nfn main() {\n    // Calling the method is still fine, as i32 implements Debug.\n    some_func(5i32);\n\n    // This would fail to compile now:\n    // struct WithoutDebug;\n    // some_func(WithoutDebug);\n}\n```\n\nRust only looks at the signature of the called function, as such it must\nalready specify all requirements that will be used for every type parameter.\n"},"level":"error","spans":[{"file_name":"src/main.rs","byte_start":32780,"byte_end":32785,"line_start":1138,"line_end":1138,"column_start":20,"column_end":25,"is_primary":true,"text":[{"text":"                Ok(chunk) => {","highlight_start":20,"highlight_end":25}],"label":"doesn't have a size known at compile-time","suggested_replacement":null,"suggestion_applicability":null,"expansion":null}],"children":[{"message":"the trait `Sized` is not implemented for `str`","code":null,"level":"help","spans":[],"children":[],"rendered":null},{"message":"all local variables must have a statically known size","code":null,"level":"note","spans":[],"children":[],"rendered":null}],"rendered":"\u001b[0m\u001b[1m\u001b[38;5;9merror[E0277]\u001b[0m\u001b[0m\u001b[1m: the size for values of type `str` cannot be known at compilation time\u001b[0m\n\u001b[0m    \u001b[0m\u001b[0m\u001b[1m\u001b[38;5;12m--> \u001b[0m\u001b[0msrc/main.rs:1138:20\u001b[0m\n\u001b[0m     \u001b[0m\u001b[0m\u001b[1m\u001b[38;5;12m|\u001b[0m\n\u001b[0m\u001b[1m\u001b[38;5;12m1138\u001b[0m\u001b[0m \u001b[0m\u001b[0m\u001b[1m\u001b[38;5;12m|\u001b[0m\u001b[0m \u001b[0m\u001b[0m                Ok(chunk) => {\u001b[0m\n\u001b[0m     \u001b[0m\u001b[0m\u001b[1m\u001b[38;5;12m|\u001b[0m\u001b[0m                    \u001b[0m\u001b[0m\u001b[1m\u001b[38;5;9m^^^^^\u001b[0m\u001b[0m \u001b[0m\u001b[0m\u001b[1m\u001b[38;5;9mdoesn't have a size known at compile-time\u001b[0m\n\u001b[0m     \u001b[0m\u001b[0m\u001b[1m\u001b[38;5;12m|\u001b[0m\n\u001b[0m     \u001b[0m\u001b[0m\u001b[1m\u001b[38;5;12m= \u001b[0m\u001b[0m\u001b[1mhelp\u001b[0m\u001b[0m: the trait `Sized` is not implemented for `str`\u001b[0m\n\u001b[0m     \u001b[0m\u001b[0m\u001b[1m\u001b[38;5;12m= \u001b[0m\u001b[0m\u001b[1mnote\u001b[0m\u001b[0m: all local variables must have a statically known size\u001b[0m\n\n"}
{"$message_type":"diagnostic","message":"the size for values of type `str` cannot be known at compilation time","code":{"code":"E0277","explanation":"You tried to use a type which doesn't implement some trait in a place which\nexpected that trait.\n\nErroneous code example:\n\n```compile_fail,E0277\n// here we declare the Foo trait with a bar method\ntrait Foo {\n    fn bar(&self);\n}\n\n// we now declare a function which takes an object implementing the Foo trait\nfn some_func<T: Foo>(foo: T) {\n    foo.bar();\n}\n\nfn main() {\n    // we now call the method with the i32 type, which doesn't implement\n    // the Foo trait\n    some_func(5i32); // error: the trait bound `i32 : Foo` is not satisfied\n}\n```\n\nIn order to fix this error, verify that the type you're using does implement\nthe trait. Example:\n\n```\ntrait Foo {\n    fn bar(&self);\n}\n\n// we implement the trait on the i32 type\nimpl Foo for i32 {\n    fn bar(&self) {}\n}\n\nfn some_func<T: Foo>(foo: T) {\n    foo.bar(); // we can now use this method since i32 implements the\n               // Foo trait\n}\n\nfn main() {\n    some_func(5i32); // ok!\n}\n```\n\nOr in a generic context, an erroneous code example would look like:\n\n```compile_fail,E0277\nfn some_func<T>(foo: T) {\n    println!(\"{:?}\", foo); // error: the trait `core::fmt::Debug` is not\n                           //        implemented for the type `T`\n}\n\nfn main() {\n    // We now call the method with the i32 type,\n    // which *does* implement the Debug trait.\n    some_func(5i32);\n}\n```\n\nNote that the error here is in the definition of the generic function. Although\nwe only call it with a parameter that does implement `Debug`, the compiler\nstill rejects the function. It must work with all possible input types. In\norder to make this example compile, we need to restrict the generic type we're\naccepting:\n\n```\nuse std::fmt;\n\n// Restrict the input type to types that implement Debug.\nfn some_func<T: fmt::Debug>(foo: T) {\n    println!(\"{:?}\", foo);\n}\n\nfn main() {\n    // Calling the method is still fine, as i32 implements Debug.\n    some_func(5i32);\n\n    // This would fail to compile now:\n    // struct WithoutDebug;\n    // some_func(WithoutDebug);\n}\n```\n\nRust only looks at the signature of the called function, as such it must\nalready specify all requirements that will be used for every type parameter.\n"},"level":"error","spans":[{"file_name":"src/main.rs","byte_start":32777,"byte_end":32786,"line_start":1138,"line_end":1138,"column_start":17,"column_end":26,"is_primary":true,"text":[{"text":"                Ok(chunk) => {","highlight_start":17,"highlight_end":26}],"label":"doesn't have a size known at compile-time","suggested_replacement":null,"suggestion_applicability":null,"expansion":null}],"children":[{"message":"the trait `Sized` is not implemented for `str`","code":null,"level":"help","spans":[],"children":[],"rendered":null},{"message":"required by a bound in `std::prelude::v1::Ok`","code":null,"level":"note","spans":[{"file_name":"/rustc/ed61e7d7e242494fb7057f2657300d9e77bb4fcb/library/core/src/result.rs","byte_start":20966,"byte_end":20968,"line_start":554,"line_end":554,"column_start":5,"column_end":7,"is_primary":true,"text":[],"label":null,"suggested_replacement":null,"suggestion_applicability":null,"expansion":null}],"children":[],"rendered":null}],"rendered":"\u001b[0m\u001b[1m\u001b[38;5;9merror[E0277]\u001b[0m\u001b[0m\u001b[1m: the size for values of type `str` cannot be known at compilation time\u001b[0m\n\u001b[0m    \u001b[0m\u001b[0m\u001b[1m\u001b[38;5;12m--> \u001b[0m\u001b[0msrc/main.rs:1138:17\u001b[0m\n\u001b[0m     \u001b[0m\u001b[0m\u001b[1m\u001b[38;5;12m|\u001b[0m\n\u001b[0m\u001b[1m\u001b[38;5;12m1138\u001b[0m\u001b[0m \u001b[0m\u001b[0m\u001b[1m\u001b[38;5;12m|\u001b[0m\u001b[0m \u001b[0m\u001b[0m                Ok(chunk) => {\u001b[0m\n\u001b[0m     \u001b[0m\u001b[0m\u001b[1m\u001b[38;5;12m|\u001b[0m\u001b[0m                 \u001b[0m\u001b[0m\u001b[1m\u001b[38;5;9m^^^^^^^^^\u001b[0m\u001b[0m \u001b[0m\u001b[0m\u001b[1m\u001b[38;5;9mdoesn't have a size known at compile-time\u001b[0m\n\u001b[0m     \u001b[0m\u001b[0m\u001b[1m\u001b[38;5;12m|\u001b[0m\n\u001b[0m     \u001b[0m\u001b[0m\u001b[1m\u001b[38;5;12m= \u001b[0m\u001b[0m\u001b[1mhelp\u001b[0m\u001b[0m: the trait `Sized` is not implemented for `str`\u001b[0m\n\u001b[0m\u001b[1m\u001b[38;5;10mnote\u001b[0m\u001b[0m: required by a bound in `std::prelude::v1::Ok`\u001b[0m\n\u001b[0m    \u001b[0m\u001b[0m\u001b[1m\u001b[38;5;12m--> \u001b[0m\u001b[0m/rustc/ed61e7d7e242494fb7057f2657300d9e77bb4fcb/library/core/src/result.rs:554:5\u001b[0m\n\n"}
{"$message_type":"diagnostic","message":"the size for values of type `str` cannot be known at compilation time","code":{"code":"E0277","explanation":"You tried to use a type which doesn't implement some trait in a place which\nexpected that trait.\n\nErroneous code example:\n\n```compile_fail,E0277\n// here we declare the Foo trait with a bar method\ntrait Foo {\n    fn bar(&self);\n}\n\n// we now declare a function which takes an object implementing the Foo trait\nfn some_func<T: Foo>(foo: T) {\n    foo.bar();\n}\n\nfn main() {\n    // we now call the method with the i32 type, which doesn't implement\n    // the Foo trait\n    some_func(5i32); // error: the trait bound `i32 : Foo` is not satisfied\n}\n```\n\nIn order to fix this error, verify that the type you're using does implement\nthe trait. Example:\n\n```\ntrait Foo {\n    fn bar(&self);\n}\n\n// we implement the trait on the i32 type\nimpl Foo for i32 {\n    fn bar(&self) {}\n}\n\nfn some_func<T: Foo>(foo: T) {\n    foo.bar(); // we can now use this method since i32 implements the\n               // Foo trait\n}\n\nfn main() {\n    some_func(5i32); // ok!\n}\n```\n\nOr in a generic context, an erroneous code example would look like:\n\n```compile_fail,E0277\nfn some_func<T>(foo: T) {\n    println!(\"{:?}\", foo); // error: the trait `core::fmt::Debug` is not\n                           //        implemented for the type `T`\n}\n\nfn main() {\n    // We now call the method with the i32 type,\n    // which *does* implement the Debug trait.\n    some_func(5i32);\n}\n```\n\nNote that the error here is in the definition of the generic function. Although\nwe only call it with a parameter that does implement `Debug`, the compiler\nstill rejects the function. It must work with all possible input types. In\norder to make this example compile, we need to restrict the generic type we're\naccepting:\n\n```\nuse std::fmt;\n\n// Restrict the input type to types that implement Debug.\nfn some_func<T: fmt::Debug>(foo: T) {\n    println!(\"{:?}\", foo);\n}\n\nfn main() {\n    // Calling the method is still fine, as i32 implements Debug.\n    some_func(5i32);\n\n    // This would fail to compile now:\n    // struct WithoutDebug;\n    // some_func(WithoutDebug);\n}\n```\n\nRust only looks at the signature of the called function, as such it must\nalready specify all requirements that will be used for every type parameter.\n"},"level":"error","spans":[{"file_name":"src/main.rs","byte_start":33524,"byte_end":33532,"line_start":1156,"line_end":1156,"column_start":17,"column_end":25,"is_primary":true,"text":[{"text":"                Err(err) => {","highlight_start":17,"highlight_end":25}],"label":"doesn't have a size known at compile-time","suggested_replacement":null,"suggestion_applicability":null,"expansion":null}],"children":[{"message":"the trait `Sized` is not implemented for `str`","code":null,"level":"help","spans":[],"children":[],"rendered":null},{"message":"required by a bound in `Err`","code":null,"level":"note","spans":[{"file_name":"/rustc/ed61e7d7e242494fb7057f2657300d9e77bb4fcb/library/core/src/result.rs","byte_start":21127,"byte_end":21130,"line_start":559,"line_end":559,"column_start":5,"column_end":8,"is_primary":true,"text":[],"label":null,"suggested_replacement":null,"suggestion_applicability":null,"expansion":null}],"children":[],"rendered":null}],"rendered":"\u001b[0m\u001b[1m\u001b[38;5;9merror[E0277]\u001b[0m\u001b[0m\u001b[1m: the size for values of type `str` cannot be known at compilation time\u001b[0m\n\u001b[0m    \u001b[0m\u001b[0m\u001b[1m\u001b[38;5;12m--> \u001b[0m\u001b[0msrc/main.rs:1156:17\u001b[0m\n\u001b[0m     \u001b[0m\u001b[0m\u001b[1m\u001b[38;5;12m|\u001b[0m\n\u001b[0m\u001b[1m\u001b[38;5;12m1156\u001b[0m\u001b[0m \u001b[0m\u001b[0m\u001b[1m\u001b[38;5;12m|\u001b[0m\u001b[0m \u001b[0m\u001b[0m                Err(err) => {\u001b[0m\n\u001b[0m     \u001b[0m\u001b[0m\u001b[1m\u001b[38;5;12m|\u001b[0m\u001b[0m                 \u001b[0m\u001b[0m\u001b[1m\u001b[38;5;9m^^^^^^^^\u001b[0m\u001b[0m \u001b[0m\u001b[0m\u001b[1m\u001b[38;5;9mdoesn't have a size known at compile-time\u001b[0m\n\u001b[0m     \u001b[0m\u001b[0m\u001b[1m\u001b[38;5;12m|\u001b[0m\n\u001b[0m     \u001b[0m\u001b[0m\u001b[1m\u001b[38;5;12m= \u001b[0m\u001b[0m\u001b[1mhelp\u001b[0m\u001b[0m: the trait `Sized` is not implemented for `str`\u001b[0m\n\u001b[0m\u001b[1m\u001b[38;5;10mnote\u001b[0m\u001b[0m: required by a bound in `Err`\u001b[0m\n\u001b[0m    \u001b[0m\u001b[0m\u001b[1m\u001b[38;5;12m--> \u001b[0m\u001b[0m/rustc/ed61e7d7e242494fb7057f2657300d9e77bb4fcb/library/core/src/result.rs:559:5\u001b[0m\n\n"}
{"$message_type":"diagnostic","message":"the size for values of type `str` cannot be known at compilation time","code":{"code":"E0277","explanation":"You tried to use a type which doesn't implement some trait in a place which\nexpected that trait.\n\nErroneous code example:\n\n```compile_fail,E0277\n// here we declare the Foo trait with a bar method\ntrait Foo {\n    fn bar(&self);\n}\n\n// we now declare a function which takes an object implementing the Foo trait\nfn some_func<T: Foo>(foo: T) {\n    foo.bar();\n}\n\nfn main() {\n    // we now call the method with the i32 type, which doesn't implement\n    // the Foo trait\n    some_func(5i32); // error: the trait bound `i32 : Foo` is not satisfied\n}\n```\n\nIn order to fix this error, verify that the type you're using does implement\nthe trait. Example:\n\n```\ntrait Foo {\n    fn bar(&self);\n}\n\n// we implement the trait on the i32 type\nimpl Foo for i32 {\n    fn bar(&self) {}\n}\n\nfn some_func<T: Foo>(foo: T) {\n    foo.bar(); // we can now use this method since i32 implements the\n               // Foo trait\n}\n\nfn main() {\n    some_func(5i32); // ok!\n}\n```\n\nOr in a generic context, an erroneous code example would look like:\n\n```compile_fail,E0277\nfn some_func<T>(foo: T) {\n    println!(\"{:?}\", foo); // error: the trait `core::fmt::Debug` is not\n                           //        implemented for the type `T`\n}\n\nfn main() {\n    // We now call the method with the i32 type,\n    // which *does* implement the Debug trait.\n    some_func(5i32);\n}\n```\n\nNote that the error here is in the definition of the generic function. Although\nwe only call it with a parameter that does implement `Debug`, the compiler\nstill rejects the function. It must work with all possible input types. In\norder to make this example compile, we need to restrict the generic type we're\naccepting:\n\n```\nuse std::fmt;\n\n// Restrict the input type to types that implement Debug.\nfn some_func<T: fmt::Debug>(foo: T) {\n    println!(\"{:?}\", foo);\n}\n\nfn main() {\n    // Calling the method is still fine, as i32 implements Debug.\n    some_func(5i32);\n\n    // This would fail to compile now:\n    // struct WithoutDebug;\n    // some_func(WithoutDebug);\n}\n```\n\nRust only looks at the signature of the called function, as such it must\nalready specify all requirements that will be used for every type parameter.\n"},"level":"error","spans":[{"file_name":"src/main.rs","byte_start":32723,"byte_end":32728,"line_start":1136,"line_end":1136,"column_start":51,"column_end":56,"is_primary":true,"text":[{"text":"        while let Some(chunk_res) = stream.next().await {","highlight_start":51,"highlight_end":56}],"label":"doesn't have a size known at compile-time","suggested_replacement":null,"suggestion_applicability":null,"expansion":{"span":{"file_name":"src/main.rs","byte_start":32723,"byte_end":32728,"line_start":1136,"line_end":1136,"column_start":51,"column_end":56,"is_primary":false,"text":[{"text":"        while let Some(chunk_res) = stream.next().await {","highlight_start":51,"highlight_end":56}],"label":null,"suggested_replacement":null,"suggestion_applicability":null,"expansion":null},"macro_decl_name":"desugaring of `await` expression","def_site_span":{"file_name":"src/main.rs","byte_start":0,"byte_end":0,"line_start":1,"line_end":1,"column_start":1,"column_end":1,"is_primary":false,"text":[],"label":null,"suggested_replacement":null,"suggestion_applicability":null,"expansion":null}}}],"children":[{"message":"the trait `Sized` is not implemented for `str`","code":null,"level":"help","spans":[],"children":[],"rendered":null},{"message":"required by an implicit `Sized` bound in `Result`","code":null,"level":"note","spans":[{"file_name":"/rustc/ed61e7d7e242494fb7057f2657300d9e77bb4fcb/library/core/src/result.rs","byte_start":20834,"byte_end":20855,"line_start":550,"line_end":550,"column_start":1,"column_end":22,"is_primary":true,"text":[],"label":null,"suggested_replacement":null,"suggestion_applicability":null,"expansion":null}],"children":[],"rendered":null}],"rendered":"\u001b[0m\u001b[1m\u001b[38;5;9merror[E0277]\u001b[0m\u001b[0m\u001b[1m: the size for values of type `str` cannot be known at compilation time\u001b[0m\n\u001b[0m    \u001b[0m\u001b[0m\u001b[1m\u001b[38;5;12m--> \u001b[0m\u001b[0msrc/main.rs:1136:51\u001b[0m\n\u001b[0m     \u001b[0m\u001b[0m\u001b[1m\u001b[38;5;12m|\u001b[0m\n\u001b[0m\u001b[1m\u001b[38;5;12m1136\u001b[0m\u001b[0m \u001b[0m\u001b[0m\u001b[1m\u001b[38;5;12m|\u001b[0m\u001b[0m \u001b[0m\u001b[0m        while let Some(chunk_res) = stream.next().await {\u001b[0m\n\u001b[0m     \u001b[0m\u001b[0m\u001b[1m\u001b[38;5;12m|\u001b[0m\u001b[0m                                                   \u001b[0m\u001b[0m\u001b[1m\u001b[38;5;9m^^^^^\u001b[0m\u001b[0m \u001b[0m\u001b[0m\u001b[1m\u001b[38;5;9mdoesn't have a size known at compile-time\u001b[0m\n\u001b[0m     \u001b[0m\u001b[0m\u001b[1m\u001b[38;5;12m|\u001b[0m\n\u001b[0m     \u001b[0m\u001b[0m\u001b[1m\u001b[38;5;12m= \u001b[0m\u001b[0m\u001b[1mhelp\u001b[0m\u001b[0m: the trait `Sized` is not implemented for `str`\u001b[0m\n\u001b[0m\u001b[1m\u001b[38;5;10mnote\u001b[0m\u001b[0m: required by an implicit `Sized` bound in `Result`\u001b[0m\n\u001b[0m    \u001b[0m\u001b[0m\u001b[1m\u001b[38;5;12m--> \u001b[0m\u001b[0m/rustc/ed61e7d7e242494fb7057f2657300d9e77bb4fcb/library/core/src/result.rs:550:1\u001b[0m\n\n"}
{"$message_type":"diagnostic","message":"multiple applicable items in scope","code":{"code":"E0034","explanation":"The compiler doesn't know what method to call because more than one method\nhas the same prototype.\n\nErroneous code example:\n\n```compile_fail,E0034\nstruct Test;\n\ntrait Trait1 {\n    fn foo();\n}\n\ntrait Trait2 {\n    fn foo();\n}\n\nimpl Trait1 for Test { fn foo() {} }\nimpl Trait2 for Test { fn foo() {} }\n\nfn main() {\n    Test::foo() // error, which foo() to call?\n}\n```\n\nTo avoid this error, you have to keep only one of them and remove the others.\nSo let's take our example and fix it:\n\n```\nstruct Test;\n\ntrait Trait1 {\n    fn foo();\n}\n\nimpl Trait1 for Test { fn foo() {} }\n\nfn main() {\n    Test::foo() // and now that's good!\n}\n```\n\nHowever, a better solution would be using fully explicit naming of type and\ntrait:\n\n```\nstruct Test;\n\ntrait Trait1 {\n    fn foo();\n}\n\ntrait Trait2 {\n    fn foo();\n}\n\nimpl Trait1 for Test { fn foo() {} }\nimpl Trait2 for Test { fn foo() {} }\n\nfn main() {\n    <Test as Trait1>::foo()\n}\n```\n\nOne last example:\n\n```\ntrait F {\n    fn m(&self);\n}\n\ntrait G {\n    fn m(&self);\n}\n\nstruct X;\n\nimpl F for X { fn m(&self) { println!(\"I am F\"); } }\nimpl G for X { fn m(&self) { println!(\"I am G\"); } }\n\nfn main() {\n    let f = X;\n\n    F::m(&f); // it displays \"I am F\"\n    G::m(&f); // it displays \"I am G\"\n}\n```\n"},"level":"error","spans":[{"file_name":"src/main.rs","byte_start":35473,"byte_end":35476,"line_start":1210,"line_end":1210,"column_start":42,"column_end":45,"is_primary":true,"text":[{"text":"    let stream = ReceiverStream::new(rx).map(|event| Ok(event));","highlight_start":42,"highlight_end":45}],"label":"multiple `map` found","suggested_replacement":null,"suggestion_applicability":null,"expansion":null}],"children":[{"message":"candidate #1 is defined in an impl of the trait `tokio_stream::StreamExt` for the type `St`","code":null,"level":"note","spans":[],"children":[],"rendered":null},{"message":"candidate #2 is defined in an impl of the trait `futures::StreamExt` for the type `T`","code":null,"level":"note","spans":[],"children":[],"rendered":null},{"message":"disambiguate the method for candidate #1","code":null,"level":"help","spans":[{"file_name":"src/main.rs","byte_start":35449,"byte_end":35495,"line_start":1210,"line_end":1210,"column_start":18,"column_end":64,"is_primary":true,"text":[{"text":"    let stream = ReceiverStream::new(rx).map(|event| Ok(event));","highlight_start":18,"highlight_end":64}],"label":null,"suggested_replacement":"tokio_stream::StreamExt::map(ReceiverStream::new(rx), |event| Ok(event))","suggestion_applicability":"HasPlaceholders","expansion":null}],"children":[],"rendered":null},{"message":"disambiguate the method for candidate #2","code":null,"level":"help","spans":[{"file_name":"src/main.rs","byte_start":35449,"byte_end":35495,"line_start":1210,"line_end":1210,"column_start":18,"column_end":64,"is_primary":true,"text":[{"text":"    let stream = ReceiverStream::new(rx).map(|event| Ok(event));","highlight_start":18,"highlight_end":64}],"label":null,"suggested_replacement":"futures::StreamExt::map(ReceiverStream::new(rx), |event| Ok(event))","suggestion_applicability":"HasPlaceholders","expansion":null}],"children":[],"rendered":null}],"rendered":"\u001b[0m\u001b[1m\u001b[38;5;9merror[E0034]\u001b[0m\u001b[0m\u001b[1m: multiple applicable items in scope\u001b[0m\n\u001b[0m    \u001b[0m\u001b[0m\u001b[1m\u001b[38;5;12m--> \u001b[0m\u001b[0msrc/main.rs:1210:42\u001b[0m\n\u001b[0m     \u001b[0m\u001b[0m\u001b[1m\u001b[38;5;12m|\u001b[0m\n\u001b[0m\u001b[1m\u001b[38;5;12m1210\u001b[0m\u001b[0m \u001b[0m\u001b[0m\u001b[1m\u001b[38;5;12m|\u001b[0m\u001b[0m \u001b[0m\u001b[0m    let stream = ReceiverStream::new(rx).map(|event| Ok(event));\u001b[0m\n\u001b[0m     \u001b[0m\u001b[0m\u001b[1m\u001b[38;5;12m|\u001b[0m\u001b[0m                                          \u001b[0m\u001b[0m\u001b[1m\u001b[38;5;9m^^^\u001b[0m\u001b[0m \u001b[0m\u001b[0m\u001b[1m\u001b[38;5;9mmultiple `map` found\u001b[0m\n\u001b[0m     \u001b[0m\u001b[0m\u001b[1m\u001b[38;5;12m|\u001b[0m\n\u001b[0m     \u001b[0m\u001b[0m\u001b[1m\u001b[38;5;12m= \u001b[0m\u001b[0m\u001b[1mnote\u001b[0m\u001b[0m: candidate #1 is defined in an impl of the trait `tokio_stream::StreamExt` for the type `St`\u001b[0m\n\u001b[0m     \u001b[0m\u001b[0m\u001b[1m\u001b[38;5;12m= \u001b[0m\u001b[0m\u001b[1mnote\u001b[0m\u001b[0m: candidate #2 is defined in an impl of the trait `futures::StreamExt` for the type `T`\u001b[0m\n\u001b[0m\u001b[1m\u001b[38;5;14mhelp\u001b[0m\u001b[0m: disambiguate the method for candidate #1\u001b[0m\n\u001b[0m     \u001b[0m\u001b[0m\u001b[1m\u001b[38;5;12m|\u001b[0m\n\u001b[0m\u001b[1m\u001b[38;5;12m1210\u001b[0m\u001b[0m \u001b[0m\u001b[0m\u001b[38;5;9m- \u001b[0m\u001b[0m    let stream = \u001b[0m\u001b[0m\u001b[38;5;9mReceiverStream::new(rx).map(|event| Ok(event))\u001b[0m\u001b[0m;\u001b[0m\n\u001b[0m\u001b[1m\u001b[38;5;12m1210\u001b[0m\u001b[0m \u001b[0m\u001b[0m\u001b[38;5;10m+ \u001b[0m\u001b[0m    let stream = \u001b[0m\u001b[0m\u001b[38;5;10mtokio_stream::StreamExt::map(ReceiverStream::new(rx), |event| Ok(event))\u001b[0m\u001b[0m;\u001b[0m\n\u001b[0m     \u001b[0m\u001b[0m\u001b[1m\u001b[38;5;12m|\u001b[0m\n\u001b[0m\u001b[1m\u001b[38;5;14mhelp\u001b[0m\u001b[0m: disambiguate the method for candidate #2\u001b[0m\n\u001b[0m     \u001b[0m\u001b[0m\u001b[1m\u001b[38;5;12m|\u001b[0m\n\u001b[0m\u001b[1m\u001b[38;5;12m1210\u001b[0m\u001b[0m \u001b[0m\u001b[0m\u001b[38;5;9m- \u001b[0m\u001b[0m    let stream = \u001b[0m\u001b[0m\u001b[38;5;9mReceiverStream::new(rx).map(|event| Ok(event))\u001b[0m\u001b[0m;\u001b[0m\n\u001b[0m\u001b[1m\u001b[38;5;12m1210\u001b[0m\u001b[0m \u001b[0m\u001b[0m\u001b[38;5;10m+ \u001b[0m\u001b[0m    let stream = \u001b[0m\u001b[0m\u001b[38;5;10mfutures::StreamExt::map(ReceiverStream::new(rx), |event| Ok(event))\u001b[0m\u001b[0m;\u001b[0m\n\u001b[0m     \u001b[0m\u001b[0m\u001b[1m\u001b[38;5;12m|\u001b[0m\n\n"}
{"$message_type":"diagnostic","message":"no method named `bytes_stream` found for struct `reqwest::Response` in the current scope","code":{"code":"E0599","explanation":"This error occurs when a method is used on a type which doesn't implement it:\n\nErroneous code example:\n\n```compile_fail,E0599\nstruct Mouth;\n\nlet x = Mouth;\nx.chocolate(); // error: no method named `chocolate` found for type `Mouth`\n               //        in the current scope\n```\n\nIn this case, you need to implement the `chocolate` method to fix the error:\n\n```\nstruct Mouth;\n\nimpl Mouth {\n    fn chocolate(&self) { // We implement the `chocolate` method here.\n        println!(\"Hmmm! I love chocolate!\");\n    }\n}\n\nlet x = Mouth;\nx.chocolate(); // ok!\n```\n"},"level":"error","spans":[{"file_name":"src/main.rs","byte_start":42358,"byte_end":42370,"line_start":1445,"line_end":1445,"column_start":36,"column_end":48,"is_primary":true,"text":[{"text":"    Ok(process_stream(Box::pin(res.bytes_stream())))","highlight_start":36,"highlight_end":48}],"label":"method not found in `reqwest::Response`","suggested_replacement":null,"suggestion_applicability":null,"expansion":null}],"children":[],"rendered":"\u001b[0m\u001b[1m\u001b[38;5;9merror[E0599]\u001b[0m\u001b[0m\u001b[1m: no method named `bytes_stream` found for struct `reqwest::Response` in the current scope\u001b[0m\n\u001b[0m    \u001b[0m\u001b[0m\u001b[1m\u001b[38;5;12m--> \u001b[0m\u001b[0msrc/main.rs:1445:36\u001b[0m\n\u001b[0m     \u001b[0m\u001b[0m\u001b[1m\u001b[38;5;12m|\u001b[0m\n\u001b[0m\u001b[1m\u001b[38;5;12m1445\u001b[0m\u001b[0m \u001b[0m\u001b[0m\u001b[1m\u001b[38;5;12m|\u001b[0m\u001b[0m \u001b[0m\u001b[0m    Ok(process_stream(Box::pin(res.bytes_stream())))\u001b[0m\n\u001b[0m     \u001b[0m\u001b[0m\u001b[1m\u001b[38;5;12m|\u001b[0m\u001b[0m                                    \u001b[0m\u001b[0m\u001b[1m\u001b[38;5;9m^^^^^^^^^^^^\u001b[0m\u001b[0m \u001b[0m\u001b[0m\u001b[1m\u001b[38;5;9mmethod not found in `reqwest::Response`\u001b[0m\n\n"}
{"$message_type":"diagnostic","message":"no method named `bytes_stream` found for struct `reqwest::Response` in the current scope","code":{"code":"E0599","explanation":"This error occurs when a method is used on a type which doesn't implement it:\n\nErroneous code example:\n\n```compile_fail,E0599\nstruct Mouth;\n\nlet x = Mouth;\nx.chocolate(); // error: no method named `chocolate` found for type `Mouth`\n               //        in the current scope\n```\n\nIn this case, you need to implement the `chocolate` method to fix the error:\n\n```\nstruct Mouth;\n\nimpl Mouth {\n    fn chocolate(&self) { // We implement the `chocolate` method here.\n        println!(\"Hmmm! I love chocolate!\");\n    }\n}\n\nlet x = Mouth;\nx.chocolate(); // ok!\n```\n"},"level":"error","spans":[{"file_name":"src/main.rs","byte_start":44496,"byte_end":44508,"line_start":1505,"line_end":1505,"column_start":36,"column_end":48,"is_primary":true,"text":[{"text":"    Ok(process_stream(Box::pin(res.bytes_stream())))","highlight_start":36,"highlight_end":48}],"label":"method not found in `reqwest::Response`","suggested_replacement":null,"suggestion_applicability":null,"expansion":null}],"children":[],"rendered":"\u001b[0m\u001b[1m\u001b[38;5;9merror[E0599]\u001b[0m\u001b[0m\u001b[1m: no method named `bytes_stream` found for struct `reqwest::Response` in the current scope\u001b[0m\n\u001b[0m    \u001b[0m\u001b[0m\u001b[1m\u001b[38;5;12m--> \u001b[0m\u001b[0msrc/main.rs:1505:36\u001b[0m\n\u001b[0m     \u001b[0m\u001b[0m\u001b[1m\u001b[38;5;12m|\u001b[0m\n\u001b[0m\u001b[1m\u001b[38;5;12m1505\u001b[0m\u001b[0m \u001b[0m\u001b[0m\u001b[1m\u001b[38;5;12m|\u001b[0m\u001b[0m \u001b[0m\u001b[0m    Ok(process_stream(Box::pin(res.bytes_stream())))\u001b[0m\n\u001b[0m     \u001b[0m\u001b[0m\u001b[1m\u001b[38;5;12m|\u001b[0m\u001b[0m                                    \u001b[0m\u001b[0m\u001b[1m\u001b[38;5;9m^^^^^^^^^^^^\u001b[0m\u001b[0m \u001b[0m\u001b[0m\u001b[1m\u001b[38;5;9mmethod not found in `reqwest::Response`\u001b[0m\n\n"}
{"$message_type":"diagnostic","message":"multiple applicable items in scope","code":{"code":"E0034","explanation":"The compiler doesn't know what method to call because more than one method\nhas the same prototype.\n\nErroneous code example:\n\n```compile_fail,E0034\nstruct Test;\n\ntrait Trait1 {\n    fn foo();\n}\n\ntrait Trait2 {\n    fn foo();\n}\n\nimpl Trait1 for Test { fn foo() {} }\nimpl Trait2 for Test { fn foo() {} }\n\nfn main() {\n    Test::foo() // error, which foo() to call?\n}\n```\n\nTo avoid this error, you have to keep only one of them and remove the others.\nSo let's take our example and fix it:\n\n```\nstruct Test;\n\ntrait Trait1 {\n    fn foo();\n}\n\nimpl Trait1 for Test { fn foo() {} }\n\nfn main() {\n    Test::foo() // and now that's good!\n}\n```\n\nHowever, a better solution would be using fully explicit naming of type and\ntrait:\n\n```\nstruct Test;\n\ntrait Trait1 {\n    fn foo();\n}\n\ntrait Trait2 {\n    fn foo();\n}\n\nimpl Trait1 for Test { fn foo() {} }\nimpl Trait2 for Test { fn foo() {} }\n\nfn main() {\n    <Test as Trait1>::foo()\n}\n```\n\nOne last example:\n\n```\ntrait F {\n    fn m(&self);\n}\n\ntrait G {\n    fn m(&self);\n}\n\nstruct X;\n\nimpl F for X { fn m(&self) { println!(\"I am F\"); } }\nimpl G for X { fn m(&self) { println!(\"I am G\"); } }\n\nfn main() {\n    let f = X;\n\n    F::m(&f); // it displays \"I am F\"\n    G::m(&f); // it displays \"I am G\"\n}\n```\n"},"level":"error","spans":[{"file_name":"src/main.rs","byte_start":47014,"byte_end":47018,"line_start":1576,"line_end":1576,"column_start":40,"column_end":44,"is_primary":true,"text":[{"text":"    while let Some(chunk_res) = stream.next().await {","highlight_start":40,"highlight_end":44}],"label":"multiple `next` found","suggested_replacement":null,"suggestion_applicability":null,"expansion":null}],"children":[{"message":"candidate #1 is defined in an impl of the trait `tokio_stream::StreamExt` for the type `St`","code":null,"level":"note","spans":[],"children":[],"rendered":null},{"message":"candidate #2 is defined in an impl of the trait `futures::StreamExt` for the type `T`","code":null,"level":"note","spans":[],"children":[],"rendered":null},{"message":"disambiguate the method for candidate #1","code":null,"level":"help","spans":[{"file_name":"src/main.rs","byte_start":47007,"byte_end":47020,"line_start":1576,"line_end":1576,"column_start":33,"column_end":46,"is_primary":true,"text":[{"text":"    while let Some(chunk_res) = stream.next().await {","highlight_start":33,"highlight_end":46}],"label":null,"suggested_replacement":"tokio_stream::StreamExt::next(&mut stream)","suggestion_applicability":"HasPlaceholders","expansion":null}],"children":[],"rendered":null},{"message":"disambiguate the method for candidate #2","code":null,"level":"help","spans":[{"file_name":"src/main.rs","byte_start":47007,"byte_end":47020,"line_start":1576,"line_end":1576,"column_start":33,"column_end":46,"is_primary":true,"text":[{"text":"    while let Some(chunk_res) = stream.next().await {","highlight_start":33,"highlight_end":46}],"label":null,"suggested_replacement":"futures::StreamExt::next(&mut stream)","suggestion_applicability":"HasPlaceholders","expansion":null}],"children":[],"rendered":null}],"rendered":"\u001b[0m\u001b[1m\u001b[38;5;9merror[E0034]\u001b[0m\u001b[0m\u001b[1m: multiple applicable items in scope\u001b[0m\n\u001b[0m    \u001b[0m\u001b[0m\u001b[1m\u001b[38;5;12m--> \u001b[0m\u001b[0msrc/main.rs:1576:40\u001b[0m\n\u001b[0m     \u001b[0m\u001b[0m\u001b[1m\u001b[38;5;12m|\u001b[0m\n\u001b[0m\u001b[1m\u001b[38;5;12m1576\u001b[0m\u001b[0m \u001b[0m\u001b[0m\u001b[1m\u001b[38;5;12m|\u001b[0m\u001b[0m \u001b[0m\u001b[0m    while let Some(chunk_res) = stream.next().await {\u001b[0m\n\u001b[0m     \u001b[0m\u001b[0m\u001b[1m\u001b[38;5;12m|\u001b[0m\u001b[0m                                        \u001b[0m\u001b[0m\u001b[1m\u001b[38;5;9m^^^^\u001b[0m\u001b[0m \u001b[0m\u001b[0m\u001b[1m\u001b[38;5;9mmultiple `next` found\u001b[0m\n\u001b[0m     \u001b[0m\u001b[0m\u001b[1m\u001b[38;5;12m|\u001b[0m\n\u001b[0m     \u001b[0m\u001b[0m\u001b[1m\u001b[38;5;12m= \u001b[0m\u001b[0m\u001b[1mnote\u001b[0m\u001b[0m: candidate #1 is defined in an impl of the trait `tokio_stream::StreamExt` for the type `St`\u001b[0m\n\u001b[0m     \u001b[0m\u001b[0m\u001b[1m\u001b[38;5;12m= \u001b[0m\u001b[0m\u001b[1mnote\u001b[0m\u001b[0m: candidate #2 is defined in an impl of the trait `futures::StreamExt` for the type `T`\u001b[0m\n\u001b[0m\u001b[1m\u001b[38;5;14mhelp\u001b[0m\u001b[0m: disambiguate the method for candidate #1\u001b[0m\n\u001b[0m     \u001b[0m\u001b[0m\u001b[1m\u001b[38;5;12m|\u001b[0m\n\u001b[0m\u001b[1m\u001b[38;5;12m1576\u001b[0m\u001b[0m \u001b[0m\u001b[0m\u001b[38;5;9m- \u001b[0m\u001b[0m    while let Some(chunk_res) = \u001b[0m\u001b[0m\u001b[38;5;9mstream.next()\u001b[0m\u001b[0m.await {\u001b[0m\n\u001b[0m\u001b[1m\u001b[38;5;12m1576\u001b[0m\u001b[0m \u001b[0m\u001b[0m\u001b[38;5;10m+ \u001b[0m\u001b[0m    while let Some(chunk_res) = \u001b[0m\u001b[0m\u001b[38;5;10mtokio_stream::StreamExt::next(&mut stream)\u001b[0m\u001b[0m.await {\u001b[0m\n\u001b[0m     \u001b[0m\u001b[0m\u001b[1m\u001b[38;5;12m|\u001b[0m\n\u001b[0m\u001b[1m\u001b[38;5;14mhelp\u001b[0m\u001b[0m: disambiguate the method for candidate #2\u001b[0m\n\u001b[0m     \u001b[0m\u001b[0m\u001b[1m\u001b[38;5;12m|\u001b[0m\n\u001b[0m\u001b[1m\u001b[38;5;12m1576\u001b[0m\u001b[0m \u001b[0m\u001b[0m\u001b[38;5;9m- \u001b[0m\u001b[0m    while let Some(chunk_res) = \u001b[0m\u001b[0m\u001b[38;5;9mstream.next()\u001b[0m\u001b[0m.await {\u001b[0m\n\u001b[0m\u001b[1m\u001b[38;5;12m1576\u001b[0m\u001b[0m \u001b[0m\u001b[0m\u001b[38;5;10m+ \u001b[0m\u001b[0m    while let Some(chunk_res) = \u001b[0m\u001b[0m\u001b[38;5;10mfutures::StreamExt::next(&mut stream)\u001b[0m\u001b[0m.await {\u001b[0m\n\u001b[0m     \u001b[0m\u001b[0m\u001b[1m\u001b[38;5;12m|\u001b[0m\n\n"}
{"$message_type":"diagnostic","message":"the size for values of type `str` cannot be known at compilation time","code":{"code":"E0277","explanation":"You tried to use a type which doesn't implement some trait in a place which\nexpected that trait.\n\nErroneous code example:\n\n```compile_fail,E0277\n// here we declare the Foo trait with a bar method\ntrait Foo {\n    fn bar(&self);\n}\n\n// we now declare a function which takes an object implementing the Foo trait\nfn some_func<T: Foo>(foo: T) {\n    foo.bar();\n}\n\nfn main() {\n    // we now call the method with the i32 type, which doesn't implement\n    // the Foo trait\n    some_func(5i32); // error: the trait bound `i32 : Foo` is not satisfied\n}\n```\n\nIn order to fix this error, verify that the type you're using does implement\nthe trait. Example:\n\n```\ntrait Foo {\n    fn bar(&self);\n}\n\n// we implement the trait on the i32 type\nimpl Foo for i32 {\n    fn bar(&self) {}\n}\n\nfn some_func<T: Foo>(foo: T) {\n    foo.bar(); // we can now use this method since i32 implements the\n               // Foo trait\n}\n\nfn main() {\n    some_func(5i32); // ok!\n}\n```\n\nOr in a generic context, an erroneous code example would look like:\n\n```compile_fail,E0277\nfn some_func<T>(foo: T) {\n    println!(\"{:?}\", foo); // error: the trait `core::fmt::Debug` is not\n                           //        implemented for the type `T`\n}\n\nfn main() {\n    // We now call the method with the i32 type,\n    // which *does* implement the Debug trait.\n    some_func(5i32);\n}\n```\n\nNote that the error here is in the definition of the generic function. Although\nwe only call it with a parameter that does implement `Debug`, the compiler\nstill rejects the function. It must work with all possible input types. In\norder to make this example compile, we need to restrict the generic type we're\naccepting:\n\n```\nuse std::fmt;\n\n// Restrict the input type to types that implement Debug.\nfn some_func<T: fmt::Debug>(foo: T) {\n    println!(\"{:?}\", foo);\n}\n\nfn main() {\n    // Calling the method is still fine, as i32 implements Debug.\n    some_func(5i32);\n\n    // This would fail to compile now:\n    // struct WithoutDebug;\n    // some_func(WithoutDebug);\n}\n```\n\nRust only looks at the signature of the called function, as such it must\nalready specify all requirements that will be used for every type parameter.\n"},"level":"error","spans":[{"file_name":"src/main.rs","byte_start":47047,"byte_end":47052,"line_start":1577,"line_end":1577,"column_start":19,"column_end":24,"is_primary":true,"text":[{"text":"        if let Ok(chunk) = chunk_res {","highlight_start":19,"highlight_end":24}],"label":"doesn't have a size known at compile-time","suggested_replacement":null,"suggestion_applicability":null,"expansion":null}],"children":[{"message":"the trait `Sized` is not implemented for `str`","code":null,"level":"help","spans":[],"children":[],"rendered":null},{"message":"all local variables must have a statically known size","code":null,"level":"note","spans":[],"children":[],"rendered":null}],"rendered":"\u001b[0m\u001b[1m\u001b[38;5;9merror[E0277]\u001b[0m\u001b[0m\u001b[1m: the size for values of type `str` cannot be known at compilation time\u001b[0m\n\u001b[0m    \u001b[0m\u001b[0m\u001b[1m\u001b[38;5;12m--> \u001b[0m\u001b[0msrc/main.rs:1577:19\u001b[0m\n\u001b[0m     \u001b[0m\u001b[0m\u001b[1m\u001b[38;5;12m|\u001b[0m\n\u001b[0m\u001b[1m\u001b[38;5;12m1577\u001b[0m\u001b[0m \u001b[0m\u001b[0m\u001b[1m\u001b[38;5;12m|\u001b[0m\u001b[0m \u001b[0m\u001b[0m        if let Ok(chunk) = chunk_res {\u001b[0m\n\u001b[0m     \u001b[0m\u001b[0m\u001b[1m\u001b[38;5;12m|\u001b[0m\u001b[0m                   \u001b[0m\u001b[0m\u001b[1m\u001b[38;5;9m^^^^^\u001b[0m\u001b[0m \u001b[0m\u001b[0m\u001b[1m\u001b[38;5;9mdoesn't have a size known at compile-time\u001b[0m\n\u001b[0m     \u001b[0m\u001b[0m\u001b[1m\u001b[38;5;12m|\u001b[0m\n\u001b[0m     \u001b[0m\u001b[0m\u001b[1m\u001b[38;5;12m= \u001b[0m\u001b[0m\u001b[1mhelp\u001b[0m\u001b[0m: the trait `Sized` is not implemented for `str`\u001b[0m\n\u001b[0m     \u001b[0m\u001b[0m\u001b[1m\u001b[38;5;12m= \u001b[0m\u001b[0m\u001b[1mnote\u001b[0m\u001b[0m: all local variables must have a statically known size\u001b[0m\n\n"}
{"$message_type":"diagnostic","message":"the size for values of type `str` cannot be known at compilation time","code":{"code":"E0277","explanation":"You tried to use a type which doesn't implement some trait in a place which\nexpected that trait.\n\nErroneous code example:\n\n```compile_fail,E0277\n// here we declare the Foo trait with a bar method\ntrait Foo {\n    fn bar(&self);\n}\n\n// we now declare a function which takes an object implementing the Foo trait\nfn some_func<T: Foo>(foo: T) {\n    foo.bar();\n}\n\nfn main() {\n    // we now call the method with the i32 type, which doesn't implement\n    // the Foo trait\n    some_func(5i32); // error: the trait bound `i32 : Foo` is not satisfied\n}\n```\n\nIn order to fix this error, verify that the type you're using does implement\nthe trait. Example:\n\n```\ntrait Foo {\n    fn bar(&self);\n}\n\n// we implement the trait on the i32 type\nimpl Foo for i32 {\n    fn bar(&self) {}\n}\n\nfn some_func<T: Foo>(foo: T) {\n    foo.bar(); // we can now use this method since i32 implements the\n               // Foo trait\n}\n\nfn main() {\n    some_func(5i32); // ok!\n}\n```\n\nOr in a generic context, an erroneous code example would look like:\n\n```compile_fail,E0277\nfn some_func<T>(foo: T) {\n    println!(\"{:?}\", foo); // error: the trait `core::fmt::Debug` is not\n                           //        implemented for the type `T`\n}\n\nfn main() {\n    // We now call the method with the i32 type,\n    // which *does* implement the Debug trait.\n    some_func(5i32);\n}\n```\n\nNote that the error here is in the definition of the generic function. Although\nwe only call it with a parameter that does implement `Debug`, the compiler\nstill rejects the function. It must work with all possible input types. In\norder to make this example compile, we need to restrict the generic type we're\naccepting:\n\n```\nuse std::fmt;\n\n// Restrict the input type to types that implement Debug.\nfn some_func<T: fmt::Debug>(foo: T) {\n    println!(\"{:?}\", foo);\n}\n\nfn main() {\n    // Calling the method is still fine, as i32 implements Debug.\n    some_func(5i32);\n\n    // This would fail to compile now:\n    // struct WithoutDebug;\n    // some_func(WithoutDebug);\n}\n```\n\nRust only looks at the signature of the called function, as such it must\nalready specify all requirements that will be used for every type parameter.\n"},"level":"error","spans":[{"file_name":"src/main.rs","byte_start":47044,"byte_end":47053,"line_start":1577,"line_end":1577,"column_start":16,"column_end":25,"is_primary":true,"text":[{"text":"        if let Ok(chunk) = chunk_res {","highlight_start":16,"highlight_end":25}],"label":"doesn't have a size known at compile-time","suggested_replacement":null,"suggestion_applicability":null,"expansion":null}],"children":[{"message":"the trait `Sized` is not implemented for `str`","code":null,"level":"help","spans":[],"children":[],"rendered":null},{"message":"required by a bound in `std::prelude::v1::Ok`","code":null,"level":"note","spans":[{"file_name":"/rustc/ed61e7d7e242494fb7057f2657300d9e77bb4fcb/library/core/src/result.rs","byte_start":20966,"byte_end":20968,"line_start":554,"line_end":554,"column_start":5,"column_end":7,"is_primary":true,"text":[],"label":null,"suggested_replacement":null,"suggestion_applicability":null,"expansion":null}],"children":[],"rendered":null}],"rendered":"\u001b[0m\u001b[1m\u001b[38;5;9merror[E0277]\u001b[0m\u001b[0m\u001b[1m: the size for values of type `str` cannot be known at compilation time\u001b[0m\n\u001b[0m    \u001b[0m\u001b[0m\u001b[1m\u001b[38;5;12m--> \u001b[0m\u001b[0msrc/main.rs:1577:16\u001b[0m\n\u001b[0m     \u001b[0m\u001b[0m\u001b[1m\u001b[38;5;12m|\u001b[0m\n\u001b[0m\u001b[1m\u001b[38;5;12m1577\u001b[0m\u001b[0m \u001b[0m\u001b[0m\u001b[1m\u001b[38;5;12m|\u001b[0m\u001b[0m \u001b[0m\u001b[0m        if let Ok(chunk) = chunk_res {\u001b[0m\n\u001b[0m     \u001b[0m\u001b[0m\u001b[1m\u001b[38;5;12m|\u001b[0m\u001b[0m                \u001b[0m\u001b[0m\u001b[1m\u001b[38;5;9m^^^^^^^^^\u001b[0m\u001b[0m \u001b[0m\u001b[0m\u001b[1m\u001b[38;5;9mdoesn't have a size known at compile-time\u001b[0m\n\u001b[0m     \u001b[0m\u001b[0m\u001b[1m\u001b[38;5;12m|\u001b[0m\n\u001b[0m     \u001b[0m\u001b[0m\u001b[1m\u001b[38;5;12m= \u001b[0m\u001b[0m\u001b[1mhelp\u001b[0m\u001b[0m: the trait `Sized` is not implemented for `str`\u001b[0m\n\u001b[0m\u001b[1m\u001b[38;5;10mnote\u001b[0m\u001b[0m: required by a bound in `std::prelude::v1::Ok`\u001b[0m\n\u001b[0m    \u001b[0m\u001b[0m\u001b[1m\u001b[38;5;12m--> \u001b[0m\u001b[0m/rustc/ed61e7d7e242494fb7057f2657300d9e77bb4fcb/library/core/src/result.rs:554:5\u001b[0m\n\n"}
{"$message_type":"diagnostic","message":"the size for values of type `str` cannot be known at compilation time","code":{"code":"E0277","explanation":"You tried to use a type which doesn't implement some trait in a place which\nexpected that trait.\n\nErroneous code example:\n\n```compile_fail,E0277\n// here we declare the Foo trait with a bar method\ntrait Foo {\n    fn bar(&self);\n}\n\n// we now declare a function which takes an object implementing the Foo trait\nfn some_func<T: Foo>(foo: T) {\n    foo.bar();\n}\n\nfn main() {\n    // we now call the method with the i32 type, which doesn't implement\n    // the Foo trait\n    some_func(5i32); // error: the trait bound `i32 : Foo` is not satisfied\n}\n```\n\nIn order to fix this error, verify that the type you're using does implement\nthe trait. Example:\n\n```\ntrait Foo {\n    fn bar(&self);\n}\n\n// we implement the trait on the i32 type\nimpl Foo for i32 {\n    fn bar(&self) {}\n}\n\nfn some_func<T: Foo>(foo: T) {\n    foo.bar(); // we can now use this method since i32 implements the\n               // Foo trait\n}\n\nfn main() {\n    some_func(5i32); // ok!\n}\n```\n\nOr in a generic context, an erroneous code example would look like:\n\n```compile_fail,E0277\nfn some_func<T>(foo: T) {\n    println!(\"{:?}\", foo); // error: the trait `core::fmt::Debug` is not\n                           //        implemented for the type `T`\n}\n\nfn main() {\n    // We now call the method with the i32 type,\n    // which *does* implement the Debug trait.\n    some_func(5i32);\n}\n```\n\nNote that the error here is in the definition of the generic function. Although\nwe only call it with a parameter that does implement `Debug`, the compiler\nstill rejects the function. It must work with all possible input types. In\norder to make this example compile, we need to restrict the generic type we're\naccepting:\n\n```\nuse std::fmt;\n\n// Restrict the input type to types that implement Debug.\nfn some_func<T: fmt::Debug>(foo: T) {\n    println!(\"{:?}\", foo);\n}\n\nfn main() {\n    // Calling the method is still fine, as i32 implements Debug.\n    some_func(5i32);\n\n    // This would fail to compile now:\n    // struct WithoutDebug;\n    // some_func(WithoutDebug);\n}\n```\n\nRust only looks at the signature of the called function, as such it must\nalready specify all requirements that will be used for every type parameter.\n"},"level":"error","spans":[{"file_name":"src/main.rs","byte_start":47021,"byte_end":47026,"line_start":1576,"line_end":1576,"column_start":47,"column_end":52,"is_primary":true,"text":[{"text":"    while let Some(chunk_res) = stream.next().await {","highlight_start":47,"highlight_end":52}],"label":"doesn't have a size known at compile-time","suggested_replacement":null,"suggestion_applicability":null,"expansion":{"span":{"file_name":"src/main.rs","byte_start":47021,"byte_end":47026,"line_start":1576,"line_end":1576,"column_start":47,"column_end":52,"is_primary":false,"text":[{"text":"    while let Some(chunk_res) = stream.next().await {","highlight_start":47,"highlight_end":52}],"label":null,"suggested_replacement":null,"suggestion_applicability":null,"expansion":null},"macro_decl_name":"desugaring of `await` expression","def_site_span":{"file_name":"src/main.rs","byte_start":0,"byte_end":0,"line_start":1,"line_end":1,"column_start":1,"column_end":1,"is_primary":false,"text":[],"label":null,"suggested_replacement":null,"suggestion_applicability":null,"expansion":null}}}],"children":[{"message":"the trait `Sized` is not implemented for `str`","code":null,"level":"help","spans":[],"children":[],"rendered":null},{"message":"required by an implicit `Sized` bound in `Result`","code":null,"level":"note","spans":[{"file_name":"/rustc/ed61e7d7e242494fb7057f2657300d9e77bb4fcb/library/core/src/result.rs","byte_start":20834,"byte_end":20855,"line_start":550,"line_end":550,"column_start":1,"column_end":22,"is_primary":true,"text":[],"label":null,"suggested_replacement":null,"suggestion_applicability":null,"expansion":null}],"children":[],"rendered":null}],"rendered":"\u001b[0m\u001b[1m\u001b[38;5;9merror[E0277]\u001b[0m\u001b[0m\u001b[1m: the size for values of type `str` cannot be known at compilation time\u001b[0m\n\u001b[0m    \u001b[0m\u001b[0m\u001b[1m\u001b[38;5;12m--> \u001b[0m\u001b[0msrc/main.rs:1576:47\u001b[0m\n\u001b[0m     \u001b[0m\u001b[0m\u001b[1m\u001b[38;5;12m|\u001b[0m\n\u001b[0m\u001b[1m\u001b[38;5;12m1576\u001b[0m\u001b[0m \u001b[0m\u001b[0m\u001b[1m\u001b[38;5;12m|\u001b[0m\u001b[0m \u001b[0m\u001b[0m    while let Some(chunk_res) = stream.next().await {\u001b[0m\n\u001b[0m     \u001b[0m\u001b[0m\u001b[1m\u001b[38;5;12m|\u001b[0m\u001b[0m                                               \u001b[0m\u001b[0m\u001b[1m\u001b[38;5;9m^^^^^\u001b[0m\u001b[0m \u001b[0m\u001b[0m\u001b[1m\u001b[38;5;9mdoesn't have a size known at compile-time\u001b[0m\n\u001b[0m     \u001b[0m\u001b[0m\u001b[1m\u001b[38;5;12m|\u001b[0m\n\u001b[0m     \u001b[0m\u001b[0m\u001b[1m\u001b[38;5;12m= \u001b[0m\u001b[0m\u001b[1mhelp\u001b[0m\u001b[0m: the trait `Sized` is not implemented for `str`\u001b[0m\n\u001b[0m\u001b[1m\u001b[38;5;10mnote\u001b[0m\u001b[0m: required by an implicit `Sized` bound in `Result`\u001b[0m\n\u001b[0m    \u001b[0m\u001b[0m\u001b[1m\u001b[38;5;12m--> \u001b[0m\u001b[0m/rustc/ed61e7d7e242494fb7057f2657300d9e77bb4fcb/library/core/src/result.rs:550:1\u001b[0m\n\n"}
{"$message_type":"diagnostic","message":"the size for values of type `[u8]` cannot be known at compilation time","code":{"code":"E0277","explanation":"You tried to use a type which doesn't implement some trait in a place which\nexpected that trait.\n\nErroneous code example:\n\n```compile_fail,E0277\n// here we declare the Foo trait with a bar method\ntrait Foo {\n    fn bar(&self);\n}\n\n// we now declare a function which takes an object implementing the Foo trait\nfn some_func<T: Foo>(foo: T) {\n    foo.bar();\n}\n\nfn main() {\n    // we now call the method with the i32 type, which doesn't implement\n    // the Foo trait\n    some_func(5i32); // error: the trait bound `i32 : Foo` is not satisfied\n}\n```\n\nIn order to fix this error, verify that the type you're using does implement\nthe trait. Example:\n\n```\ntrait Foo {\n    fn bar(&self);\n}\n\n// we implement the trait on the i32 type\nimpl Foo for i32 {\n    fn bar(&self) {}\n}\n\nfn some_func<T: Foo>(foo: T) {\n    foo.bar(); // we can now use this method since i32 implements the\n               // Foo trait\n}\n\nfn main() {\n    some_func(5i32); // ok!\n}\n```\n\nOr in a generic context, an erroneous code example would look like:\n\n```compile_fail,E0277\nfn some_func<T>(foo: T) {\n    println!(\"{:?}\", foo); // error: the trait `core::fmt::Debug` is not\n                           //        implemented for the type `T`\n}\n\nfn main() {\n    // We now call the method with the i32 type,\n    // which *does* implement the Debug trait.\n    some_func(5i32);\n}\n```\n\nNote that the error here is in the definition of the generic function. Although\nwe only call it with a parameter that does implement `Debug`, the compiler\nstill rejects the function. It must work with all possible input types. In\norder to make this example compile, we need to restrict the generic type we're\naccepting:\n\n```\nuse std::fmt;\n\n// Restrict the input type to types that implement Debug.\nfn some_func<T: fmt::Debug>(foo: T) {\n    println!(\"{:?}\", foo);\n}\n\nfn main() {\n    // Calling the method is still fine, as i32 implements Debug.\n    some_func(5i32);\n\n    // This would fail to compile now:\n    // struct WithoutDebug;\n    // some_func(WithoutDebug);\n}\n```\n\nRust only looks at the signature of the called function, as such it must\nalready specify all requirements that will be used for every type parameter.\n"},"level":"error","spans":[{"file_name":"src/main.rs","byte_start":45675,"byte_end":45680,"line_start":1534,"line_end":1534,"column_start":29,"column_end":34,"is_primary":true,"text":[{"text":"                    Some(Ok(chunk)) => {","highlight_start":29,"highlight_end":34}],"label":"doesn't have a size known at compile-time","suggested_replacement":null,"suggestion_applicability":null,"expansion":null}],"children":[{"message":"the trait `Sized` is not implemented for `[u8]`","code":null,"level":"help","spans":[],"children":[],"rendered":null},{"message":"all local variables must have a statically known size","code":null,"level":"note","spans":[],"children":[],"rendered":null}],"rendered":"\u001b[0m\u001b[1m\u001b[38;5;9merror[E0277]\u001b[0m\u001b[0m\u001b[1m: the size for values of type `[u8]` cannot be known at compilation time\u001b[0m\n\u001b[0m    \u001b[0m\u001b[0m\u001b[1m\u001b[38;5;12m--> \u001b[0m\u001b[0msrc/main.rs:1534:29\u001b[0m\n\u001b[0m     \u001b[0m\u001b[0m\u001b[1m\u001b[38;5;12m|\u001b[0m\n\u001b[0m\u001b[1m\u001b[38;5;12m1534\u001b[0m\u001b[0m \u001b[0m\u001b[0m\u001b[1m\u001b[38;5;12m|\u001b[0m\u001b[0m \u001b[0m\u001b[0m                    Some(Ok(chunk)) => {\u001b[0m\n\u001b[0m     \u001b[0m\u001b[0m\u001b[1m\u001b[38;5;12m|\u001b[0m\u001b[0m                             \u001b[0m\u001b[0m\u001b[1m\u001b[38;5;9m^^^^^\u001b[0m\u001b[0m \u001b[0m\u001b[0m\u001b[1m\u001b[38;5;9mdoesn't have a size known at compile-time\u001b[0m\n\u001b[0m     \u001b[0m\u001b[0m\u001b[1m\u001b[38;5;12m|\u001b[0m\n\u001b[0m     \u001b[0m\u001b[0m\u001b[1m\u001b[38;5;12m= \u001b[0m\u001b[0m\u001b[1mhelp\u001b[0m\u001b[0m: the trait `Sized` is not implemented for `[u8]`\u001b[0m\n\u001b[0m     \u001b[0m\u001b[0m\u001b[1m\u001b[38;5;12m= \u001b[0m\u001b[0m\u001b[1mnote\u001b[0m\u001b[0m: all local variables must have a statically known size\u001b[0m\n\n"}
{"$message_type":"diagnostic","message":"the size for values of type `[u8]` cannot be known at compilation time","code":{"code":"E0277","explanation":"You tried to use a type which doesn't implement some trait in a place which\nexpected that trait.\n\nErroneous code example:\n\n```compile_fail,E0277\n// here we declare the Foo trait with a bar method\ntrait Foo {\n    fn bar(&self);\n}\n\n// we now declare a function which takes an object implementing the Foo trait\nfn some_func<T: Foo>(foo: T) {\n    foo.bar();\n}\n\nfn main() {\n    // we now call the method with the i32 type, which doesn't implement\n    // the Foo trait\n    some_func(5i32); // error: the trait bound `i32 : Foo` is not satisfied\n}\n```\n\nIn order to fix this error, verify that the type you're using does implement\nthe trait. Example:\n\n```\ntrait Foo {\n    fn bar(&self);\n}\n\n// we implement the trait on the i32 type\nimpl Foo for i32 {\n    fn bar(&self) {}\n}\n\nfn some_func<T: Foo>(foo: T) {\n    foo.bar(); // we can now use this method since i32 implements the\n               // Foo trait\n}\n\nfn main() {\n    some_func(5i32); // ok!\n}\n```\n\nOr in a generic context, an erroneous code example would look like:\n\n```compile_fail,E0277\nfn some_func<T>(foo: T) {\n    println!(\"{:?}\", foo); // error: the trait `core::fmt::Debug` is not\n                           //        implemented for the type `T`\n}\n\nfn main() {\n    // We now call the method with the i32 type,\n    // which *does* implement the Debug trait.\n    some_func(5i32);\n}\n```\n\nNote that the error here is in the definition of the generic function. Although\nwe only call it with a parameter that does implement `Debug`, the compiler\nstill rejects the function. It must work with all possible input types. In\norder to make this example compile, we need to restrict the generic type we're\naccepting:\n\n```\nuse std::fmt;\n\n// Restrict the input type to types that implement Debug.\nfn some_func<T: fmt::Debug>(foo: T) {\n    println!(\"{:?}\", foo);\n}\n\nfn main() {\n    // Calling the method is still fine, as i32 implements Debug.\n    some_func(5i32);\n\n    // This would fail to compile now:\n    // struct WithoutDebug;\n    // some_func(WithoutDebug);\n}\n```\n\nRust only looks at the signature of the called function, as such it must\nalready specify all requirements that will be used for every type parameter.\n"},"level":"error","spans":[{"file_name":"src/main.rs","byte_start":45672,"byte_end":45681,"line_start":1534,"line_end":1534,"column_start":26,"column_end":35,"is_primary":true,"text":[{"text":"                    Some(Ok(chunk)) => {","highlight_start":26,"highlight_end":35}],"label":"doesn't have a size known at compile-time","suggested_replacement":null,"suggestion_applicability":null,"expansion":null}],"children":[{"message":"the trait `Sized` is not implemented for `[u8]`","code":null,"level":"help","spans":[],"children":[],"rendered":null},{"message":"required by a bound in `std::prelude::v1::Ok`","code":null,"level":"note","spans":[{"file_name":"/rustc/ed61e7d7e242494fb7057f2657300d9e77bb4fcb/library/core/src/result.rs","byte_start":20966,"byte_end":20968,"line_start":554,"line_end":554,"column_start":5,"column_end":7,"is_primary":true,"text":[],"label":null,"suggested_replacement":null,"suggestion_applicability":null,"expansion":null}],"children":[],"rendered":null}],"rendered":"\u001b[0m\u001b[1m\u001b[38;5;9merror[E0277]\u001b[0m\u001b[0m\u001b[1m: the size for values of type `[u8]` cannot be known at compilation time\u001b[0m\n\u001b[0m    \u001b[0m\u001b[0m\u001b[1m\u001b[38;5;12m--> \u001b[0m\u001b[0msrc/main.rs:1534:26\u001b[0m\n\u001b[0m     \u001b[0m\u001b[0m\u001b[1m\u001b[38;5;12m|\u001b[0m\n\u001b[0m\u001b[1m\u001b[38;5;12m1534\u001b[0m\u001b[0m \u001b[0m\u001b[0m\u001b[1m\u001b[38;5;12m|\u001b[0m\u001b[0m \u001b[0m\u001b[0m                    Some(Ok(chunk)) => {\u001b[0m\n\u001b[0m     \u001b[0m\u001b[0m\u001b[1m\u001b[38;5;12m|\u001b[0m\u001b[0m                          \u001b[0m\u001b[0m\u001b[1m\u001b[38;5;9m^^^^^^^^^\u001b[0m\u001b[0m \u001b[0m\u001b[0m\u001b[1m\u001b[38;5;9mdoesn't have a size known at compile-time\u001b[0m\n\u001b[0m     \u001b[0m\u001b[0m\u001b[1m\u001b[38;5;12m|\u001b[0m\n\u001b[0m     \u001b[0m\u001b[0m\u001b[1m\u001b[38;5;12m= \u001b[0m\u001b[0m\u001b[1mhelp\u001b[0m\u001b[0m: the trait `Sized` is not implemented for `[u8]`\u001b[0m\n\u001b[0m\u001b[1m\u001b[38;5;10mnote\u001b[0m\u001b[0m: required by a bound in `std::prelude::v1::Ok`\u001b[0m\n\u001b[0m    \u001b[0m\u001b[0m\u001b[1m\u001b[38;5;12m--> \u001b[0m\u001b[0m/rustc/ed61e7d7e242494fb7057f2657300d9e77bb4fcb/library/core/src/result.rs:554:5\u001b[0m\n\n"}
{"$message_type":"diagnostic","message":"the size for values of type `[u8]` cannot be known at compilation time","code":{"code":"E0277","explanation":"You tried to use a type which doesn't implement some trait in a place which\nexpected that trait.\n\nErroneous code example:\n\n```compile_fail,E0277\n// here we declare the Foo trait with a bar method\ntrait Foo {\n    fn bar(&self);\n}\n\n// we now declare a function which takes an object implementing the Foo trait\nfn some_func<T: Foo>(foo: T) {\n    foo.bar();\n}\n\nfn main() {\n    // we now call the method with the i32 type, which doesn't implement\n    // the Foo trait\n    some_func(5i32); // error: the trait bound `i32 : Foo` is not satisfied\n}\n```\n\nIn order to fix this error, verify that the type you're using does implement\nthe trait. Example:\n\n```\ntrait Foo {\n    fn bar(&self);\n}\n\n// we implement the trait on the i32 type\nimpl Foo for i32 {\n    fn bar(&self) {}\n}\n\nfn some_func<T: Foo>(foo: T) {\n    foo.bar(); // we can now use this method since i32 implements the\n               // Foo trait\n}\n\nfn main() {\n    some_func(5i32); // ok!\n}\n```\n\nOr in a generic context, an erroneous code example would look like:\n\n```compile_fail,E0277\nfn some_func<T>(foo: T) {\n    println!(\"{:?}\", foo); // error: the trait `core::fmt::Debug` is not\n                           //        implemented for the type `T`\n}\n\nfn main() {\n    // We now call the method with the i32 type,\n    // which *does* implement the Debug trait.\n    some_func(5i32);\n}\n```\n\nNote that the error here is in the definition of the generic function. Although\nwe only call it with a parameter that does implement `Debug`, the compiler\nstill rejects the function. It must work with all possible input types. In\norder to make this example compile, we need to restrict the generic type we're\naccepting:\n\n```\nuse std::fmt;\n\n// Restrict the input type to types that implement Debug.\nfn some_func<T: fmt::Debug>(foo: T) {\n    println!(\"{:?}\", foo);\n}\n\nfn main() {\n    // Calling the method is still fine, as i32 implements Debug.\n    some_func(5i32);\n\n    // This would fail to compile now:\n    // struct WithoutDebug;\n    // some_func(WithoutDebug);\n}\n```\n\nRust only looks at the signature of the called function, as such it must\nalready specify all requirements that will be used for every type parameter.\n"},"level":"error","spans":[{"file_name":"src/main.rs","byte_start":45810,"byte_end":45816,"line_start":1537,"line_end":1537,"column_start":26,"column_end":32,"is_primary":true,"text":[{"text":"                    Some(Err(e)) => return Some((Err(e.to_string()), (stream, buffer))),","highlight_start":26,"highlight_end":32}],"label":"doesn't have a size known at compile-time","suggested_replacement":null,"suggestion_applicability":null,"expansion":null}],"children":[{"message":"the trait `Sized` is not implemented for `[u8]`","code":null,"level":"help","spans":[],"children":[],"rendered":null},{"message":"required by a bound in `Err`","code":null,"level":"note","spans":[{"file_name":"/rustc/ed61e7d7e242494fb7057f2657300d9e77bb4fcb/library/core/src/result.rs","byte_start":21127,"byte_end":21130,"line_start":559,"line_end":559,"column_start":5,"column_end":8,"is_primary":true,"text":[],"label":null,"suggested_replacement":null,"suggestion_applicability":null,"expansion":null}],"children":[],"rendered":null}],"rendered":"\u001b[0m\u001b[1m\u001b[38;5;9merror[E0277]\u001b[0m\u001b[0m\u001b[1m: the size for values of type `[u8]` cannot be known at compilation time\u001b[0m\n\u001b[0m    \u001b[0m\u001b[0m\u001b[1m\u001b[38;5;12m--> \u001b[0m\u001b[0msrc/main.rs:1537:26\u001b[0m\n\u001b[0m     \u001b[0m\u001b[0m\u001b[1m\u001b[38;5;12m|\u001b[0m\n\u001b[0m\u001b[1m\u001b[38;5;12m1537\u001b[0m\u001b[0m \u001b[0m\u001b[0m\u001b[1m\u001b[38;5;12m|\u001b[0m\u001b[0m \u001b[0m\u001b[0m                    Some(Err(e)) => return Some((Err(e.to_string()), (stream, buffer))),\u001b[0m\n\u001b[0m     \u001b[0m\u001b[0m\u001b[1m\u001b[38;5;12m|\u001b[0m\u001b[0m                          \u001b[0m\u001b[0m\u001b[1m\u001b[38;5;9m^^^^^^\u001b[0m\u001b[0m \u001b[0m\u001b[0m\u001b[1m\u001b[38;5;9mdoesn't have a size known at compile-time\u001b[0m\n\u001b[0m     \u001b[0m\u001b[0m\u001b[1m\u001b[38;5;12m|\u001b[0m\n\u001b[0m     \u001b[0m\u001b[0m\u001b[1m\u001b[38;5;12m= \u001b[0m\u001b[0m\u001b[1mhelp\u001b[0m\u001b[0m: the trait `Sized` is not implemented for `[u8]`\u001b[0m\n\u001b[0m\u001b[1m\u001b[38;5;10mnote\u001b[0m\u001b[0m: required by a bound in `Err`\u001b[0m\n\u001b[0m    \u001b[0m\u001b[0m\u001b[1m\u001b[38;5;12m--> \u001b[0m\u001b[0m/rustc/ed61e7d7e242494fb7057f2657300d9e77bb4fcb/library/core/src/result.rs:559:5\u001b[0m\n\n"}
{"$message_type":"diagnostic","message":"the size for values of type `[u8]` cannot be known at compilation time","code":{"code":"E0277","explanation":"You tried to use a type which doesn't implement some trait in a place which\nexpected that trait.\n\nErroneous code example:\n\n```compile_fail,E0277\n// here we declare the Foo trait with a bar method\ntrait Foo {\n    fn bar(&self);\n}\n\n// we now declare a function which takes an object implementing the Foo trait\nfn some_func<T: Foo>(foo: T) {\n    foo.bar();\n}\n\nfn main() {\n    // we now call the method with the i32 type, which doesn't implement\n    // the Foo trait\n    some_func(5i32); // error: the trait bound `i32 : Foo` is not satisfied\n}\n```\n\nIn order to fix this error, verify that the type you're using does implement\nthe trait. Example:\n\n```\ntrait Foo {\n    fn bar(&self);\n}\n\n// we implement the trait on the i32 type\nimpl Foo for i32 {\n    fn bar(&self) {}\n}\n\nfn some_func<T: Foo>(foo: T) {\n    foo.bar(); // we can now use this method since i32 implements the\n               // Foo trait\n}\n\nfn main() {\n    some_func(5i32); // ok!\n}\n```\n\nOr in a generic context, an erroneous code example would look like:\n\n```compile_fail,E0277\nfn some_func<T>(foo: T) {\n    println!(\"{:?}\", foo); // error: the trait `core::fmt::Debug` is not\n                           //        implemented for the type `T`\n}\n\nfn main() {\n    // We now call the method with the i32 type,\n    // which *does* implement the Debug trait.\n    some_func(5i32);\n}\n```\n\nNote that the error here is in the definition of the generic function. Although\nwe only call it with a parameter that does implement `Debug`, the compiler\nstill rejects the function. It must work with all possible input types. In\norder to make this example compile, we need to restrict the generic type we're\naccepting:\n\n```\nuse std::fmt;\n\n// Restrict the input type to types that implement Debug.\nfn some_func<T: fmt::Debug>(foo: T) {\n    println!(\"{:?}\", foo);\n}\n\nfn main() {\n    // Calling the method is still fine, as i32 implements Debug.\n    some_func(5i32);\n\n    // This would fail to compile now:\n    // struct WithoutDebug;\n    // some_func(WithoutDebug);\n}\n```\n\nRust only looks at the signature of the called function, as such it must\nalready specify all requirements that will be used for every type parameter.\n"},"level":"error","spans":[{"file_name":"src/main.rs","byte_start":45639,"byte_end":45644,"line_start":1533,"line_end":1533,"column_start":37,"column_end":42,"is_primary":true,"text":[{"text":"                match stream.next().await {","highlight_start":37,"highlight_end":42}],"label":"doesn't have a size known at compile-time","suggested_replacement":null,"suggestion_applicability":null,"expansion":{"span":{"file_name":"src/main.rs","byte_start":45639,"byte_end":45644,"line_start":1533,"line_end":1533,"column_start":37,"column_end":42,"is_primary":false,"text":[{"text":"                match stream.next().await {","highlight_start":37,"highlight_end":42}],"label":null,"suggested_replacement":null,"suggestion_applicability":null,"expansion":null},"macro_decl_name":"desugaring of `await` expression","def_site_span":{"file_name":"src/main.rs","byte_start":0,"byte_end":0,"line_start":1,"line_end":1,"column_start":1,"column_end":1,"is_primary":false,"text":[],"label":null,"suggested_replacement":null,"suggestion_applicability":null,"expansion":null}}}],"children":[{"message":"the trait `Sized` is not implemented for `[u8]`","code":null,"level":"help","spans":[],"children":[],"rendered":null},{"message":"required by an implicit `Sized` bound in `Result`","code":null,"level":"note","spans":[{"file_name":"/rustc/ed61e7d7e242494fb7057f2657300d9e77bb4fcb/library/core/src/result.rs","byte_start":20834,"byte_end":20855,"line_start":550,"line_end":550,"column_start":1,"column_end":22,"is_primary":true,"text":[],"label":null,"suggested_replacement":null,"suggestion_applicability":null,"expansion":null}],"children":[],"rendered":null}],"rendered":"\u001b[0m\u001b[1m\u001b[38;5;9merror[E0277]\u001b[0m\u001b[0m\u001b[1m: the size for values of type `[u8]` cannot be known at compilation time\u001b[0m\n\u001b[0m    \u001b[0m\u001b[0m\u001b[1m\u001b[38;5;12m--> \u001b[0m\u001b[0msrc/main.rs:1533:37\u001b[0m\n\u001b[0m     \u001b[0m\u001b[0m\u001b[1m\u001b[38;5;12m|\u001b[0m\n\u001b[0m\u001b[1m\u001b[38;5;12m1533\u001b[0m\u001b[0m \u001b[0m\u001b[0m\u001b[1m\u001b[38;5;12m|\u001b[0m\u001b[0m \u001b[0m\u001b[0m                match stream.next().await {\u001b[0m\n\u001b[0m     \u001b[0m\u001b[0m\u001b[1m\u001b[38;5;12m|\u001b[0m\u001b[0m                                     \u001b[0m\u001b[0m\u001b[1m\u001b[38;5;9m^^^^^\u001b[0m\u001b[0m \u001b[0m\u001b[0m\u001b[1m\u001b[38;5;9mdoesn't have a size known at compile-time\u001b[0m\n\u001b[0m     \u001b[0m\u001b[0m\u001b[1m\u001b[38;5;12m|\u001b[0m\n\u001b[0m     \u001b[0m\u001b[0m\u001b[1m\u001b[38;5;12m= \u001b[0m\u001b[0m\u001b[1mhelp\u001b[0m\u001b[0m: the trait `Sized` is not implemented for `[u8]`\u001b[0m\n\u001b[0m\u001b[1m\u001b[38;5;10mnote\u001b[0m\u001b[0m: required by an implicit `Sized` bound in `Result`\u001b[0m\n\u001b[0m    \u001b[0m\u001b[0m\u001b[1m\u001b[38;5;12m--> \u001b[0m\u001b[0m/rustc/ed61e7d7e242494fb7057f2657300d9e77bb4fcb/library/core/src/result.rs:550:1\u001b[0m\n\n"}
{"$message_type":"diagnostic","message":"aborting due to 41 previous errors; 1 warning emitted","code":null,"level":"error","spans":[],"children":[],"rendered":"\u001b[0m\u001b[1m\u001b[38;5;9merror\u001b[0m\u001b[0m\u001b[1m: aborting due to 41 previous errors; 1 warning emitted\u001b[0m\n\n"}
{"$message_type":"diagnostic","message":"Some errors have detailed explanations: E0034, E0277, E0308, E0425, E0432, E0599.","code":null,"level":"failure-note","spans":[],"children":[],"rendered":"\u001b[0m\u001b[1mSome errors have detailed explanations: E0034, E0277, E0308, E0425, E0432, E0599.\u001b[0m\n"}
{"$message_type":"diagnostic","message":"For more information about an error, try `rustc --explain E0034`.","code":null,"level":"failure-note","spans":[],"children":[],"rendered":"\u001b[0m\u001b[1mFor more information about an error, try `rustc --explain E0034`.\u001b[0m\n"}
